<?xml version="1.0" encoding="UTF-8" ?>
<testsuite tests="68" failures="0" name="org.openrdf.repository.sail.nativerdf.RDFSchemaNativeRepositoryConnectionTest" time="4.444" errors="0" skipped="3">
  <properties>
[...]
</properties>
  <testcase classname="org.openrdf.repository.sail.nativerdf.RDFSchemaNativeRepositoryConnectionTest" name="testExclusiveNullContext" time="0">
    <skipped/>
  </testcase>
  <testcase classname="org.openrdf.repository.sail.nativerdf.RDFSchemaNativeRepositoryConnectionTest" name="testDefaultInsertContext" time="0">
    <skipped/>
  </testcase>
  <testcase classname="org.openrdf.repository.sail.nativerdf.RDFSchemaNativeRepositoryConnectionTest" name="testInferencerTransactionIsolation" time="0.026"/>
  <testcase classname="org.openrdf.repository.sail.nativerdf.RDFSchemaNativeRepositoryConnectionTest" name="testMakeExplicit" time="0.038"/>
  <testcase classname="org.openrdf.repository.sail.nativerdf.RDFSchemaNativeRepositoryConnectionTest" name="testSubClassInference" time="0.025"/>
  <testcase classname="org.openrdf.repository.sail.nativerdf.RDFSchemaNativeRepositoryConnectionTest" name="testInferencerUpdates" time="0.035"/>
  <testcase classname="org.openrdf.repository.sail.nativerdf.RDFSchemaNativeRepositoryConnectionTest" name="testDomainInference" time="0.024"/>
  <testcase classname="org.openrdf.repository.sail.nativerdf.RDFSchemaNativeRepositoryConnectionTest" name="testInferencerQueryDuringTransaction" time="0.022"/>
  <testcase classname="org.openrdf.repository.sail.nativerdf.RDFSchemaNativeRepositoryConnectionTest" name="testExplicitFlag" time="0.021"/>
  <testcase classname="org.openrdf.repository.sail.nativerdf.RDFSchemaNativeRepositoryConnectionTest" name="testDefaultContext" time="0.021">
    <skipped/>
  </testcase>
  <testcase classname="org.openrdf.repository.sail.nativerdf.RDFSchemaNativeRepositoryConnectionTest" name="testSimpleBooleanQuery" time="0.03"/>
  <testcase classname="org.openrdf.repository.sail.nativerdf.RDFSchemaNativeRepositoryConnectionTest" name="testGetNamespace" time="0.026"/>
  <testcase classname="org.openrdf.repository.sail.nativerdf.RDFSchemaNativeRepositoryConnectionTest" name="testGraphSerialization" time="0.039"/>
  <testcase classname="org.openrdf.repository.sail.nativerdf.RDFSchemaNativeRepositoryConnectionTest" name="testAddMalformedLiteralsStrictConfig" time="0.025"/>
  <testcase classname="org.openrdf.repository.sail.nativerdf.RDFSchemaNativeRepositoryConnectionTest" name="testAddMalformedLiteralsDefaultConfig" time="0.041"/>
  <testcase classname="org.openrdf.repository.sail.nativerdf.RDFSchemaNativeRepositoryConnectionTest" name="testGetStatementsMalformedTypedLiteral" time="0.024"/>
  <testcase classname="org.openrdf.repository.sail.nativerdf.RDFSchemaNativeRepositoryConnectionTest" name="testSizeRollback" time="0.024"/>
  <testcase classname="org.openrdf.repository.sail.nativerdf.RDFSchemaNativeRepositoryConnectionTest" name="testAutoCommit" time="0.025"/>
  <testcase classname="org.openrdf.repository.sail.nativerdf.RDFSchemaNativeRepositoryConnectionTest" name="testEmptyRollback" time="0.022"/>
  <testcase classname="org.openrdf.repository.sail.nativerdf.RDFSchemaNativeRepositoryConnectionTest" name="testClear" time="0.035"/>
  <testcase classname="org.openrdf.repository.sail.nativerdf.RDFSchemaNativeRepositoryConnectionTest" name="testAddStatement" time="0.024"/>
  <testcase classname="org.openrdf.repository.sail.nativerdf.RDFSchemaNativeRepositoryConnectionTest" name="testOpen" time="0.019"/>
  <testcase classname="org.openrdf.repository.sail.nativerdf.RDFSchemaNativeRepositoryConnectionTest" name="testAddGzipInputStream" time="0.054"/>
  <testcase classname="org.openrdf.repository.sail.nativerdf.RDFSchemaNativeRepositoryConnectionTest" name="testAddInputStream" time="0.027"/>
  <testcase classname="org.openrdf.repository.sail.nativerdf.RDFSchemaNativeRepositoryConnectionTest" name="testLiteralSerialization" time="0.023"/>
  <testcase classname="org.openrdf.repository.sail.nativerdf.RDFSchemaNativeRepositoryConnectionTest" name="testPreparedGraphQuery" time="0.029"/>
  <testcase classname="org.openrdf.repository.sail.nativerdf.RDFSchemaNativeRepositoryConnectionTest" name="testQueryDefaultGraph" time="0.023"/>
  <testcase classname="org.openrdf.repository.sail.nativerdf.RDFSchemaNativeRepositoryConnectionTest" name="testSimpleTupleQuery" time="0.029"/>
  <testcase classname="org.openrdf.repository.sail.nativerdf.RDFSchemaNativeRepositoryConnectionTest" name="testBNodeSerialization" time="0.027"/>
  <testcase classname="org.openrdf.repository.sail.nativerdf.RDFSchemaNativeRepositoryConnectionTest" name="testGetStatementsMalformedLanguageLiteral" time="0.04"/>
  <testcase classname="org.openrdf.repository.sail.nativerdf.RDFSchemaNativeRepositoryConnectionTest" name="testRecoverFromParseError" time="0.023"/>
  <testcase classname="org.openrdf.repository.sail.nativerdf.RDFSchemaNativeRepositoryConnectionTest" name="testAddLiteralWithNewline" time="0.023"/>
  <testcase classname="org.openrdf.repository.sail.nativerdf.RDFSchemaNativeRepositoryConnectionTest" name="testRemoveStatementIteration" time="0.038"/>
  <testcase classname="org.openrdf.repository.sail.nativerdf.RDFSchemaNativeRepositoryConnectionTest" name="testRemoveStatements" time="0.05"/>
  <testcase classname="org.openrdf.repository.sail.nativerdf.RDFSchemaNativeRepositoryConnectionTest" name="testGetStatementsInMultipleContexts" time="0.025"/>
  <testcase classname="org.openrdf.repository.sail.nativerdf.RDFSchemaNativeRepositoryConnectionTest" name="testPreparedBooleanQuery" time="0.056"/>
  <testcase classname="org.openrdf.repository.sail.nativerdf.RDFSchemaNativeRepositoryConnectionTest" name="testGetStatementsInSingleContext" time="0.023"/>
  <testcase classname="org.openrdf.repository.sail.nativerdf.RDFSchemaNativeRepositoryConnectionTest" name="testPreparedTupleQuery2" time="0.031"/>
  <testcase classname="org.openrdf.repository.sail.nativerdf.RDFSchemaNativeRepositoryConnectionTest" name="testEmptyCommit" time="0.038"/>
  <testcase classname="org.openrdf.repository.sail.nativerdf.RDFSchemaNativeRepositoryConnectionTest" name="testUpdateBaseURI" time="0.023"/>
  <testcase classname="org.openrdf.repository.sail.nativerdf.RDFSchemaNativeRepositoryConnectionTest" name="testDuplicateFilter" time="0.023"/>
  <testcase classname="org.openrdf.repository.sail.nativerdf.RDFSchemaNativeRepositoryConnectionTest" name="testSimpleTupleQueryUnicode" time="0.024"/>
  <testcase classname="org.openrdf.repository.sail.nativerdf.RDFSchemaNativeRepositoryConnectionTest" name="testRollback" time="0.023"/>
  <testcase classname="org.openrdf.repository.sail.nativerdf.RDFSchemaNativeRepositoryConnectionTest" name="testAddReader" time="0.03"/>
  <testcase classname="org.openrdf.repository.sail.nativerdf.RDFSchemaNativeRepositoryConnectionTest" name="testAddRemove" time="0.036"/>
  <testcase classname="org.openrdf.repository.sail.nativerdf.RDFSchemaNativeRepositoryConnectionTest" name="testDeleteDefaultGraph" time="0.067"/>
  <testcase classname="org.openrdf.repository.sail.nativerdf.RDFSchemaNativeRepositoryConnectionTest" name="testPreparedTupleQuery" time="0.031"/>
  <testcase classname="org.openrdf.repository.sail.nativerdf.RDFSchemaNativeRepositoryConnectionTest" name="testAddZipFile" time="0.025"/>
  <testcase classname="org.openrdf.repository.sail.nativerdf.RDFSchemaNativeRepositoryConnectionTest" name="testSizeCommit" time="0.022"/>
  <testcase classname="org.openrdf.repository.sail.nativerdf.RDFSchemaNativeRepositoryConnectionTest" name="testDataset" time="0.031"/>
  <testcase classname="org.openrdf.repository.sail.nativerdf.RDFSchemaNativeRepositoryConnectionTest" name="testPrepareSeRQLQuery" time="0.02"/>
  <testcase classname="org.openrdf.repository.sail.nativerdf.RDFSchemaNativeRepositoryConnectionTest" name="testInferredStatementCount" time="0.049"/>
  <testcase classname="org.openrdf.repository.sail.nativerdf.RDFSchemaNativeRepositoryConnectionTest" name="testRemoveStatementCollection" time="0.034"/>
  <testcase classname="org.openrdf.repository.sail.nativerdf.RDFSchemaNativeRepositoryConnectionTest" name="testOrderByQueriesAreInterruptable" time="2.102"/>
  <testcase classname="org.openrdf.repository.sail.nativerdf.RDFSchemaNativeRepositoryConnectionTest" name="testGetStatements" time="0.022"/>
  <testcase classname="org.openrdf.repository.sail.nativerdf.RDFSchemaNativeRepositoryConnectionTest" name="testOrPredicate" time="0.116"/>
  <testcase classname="org.openrdf.repository.sail.nativerdf.RDFSchemaNativeRepositoryConnectionTest" name="testOptionalFilter" time="0.028"/>
  <testcase classname="org.openrdf.repository.sail.nativerdf.RDFSchemaNativeRepositoryConnectionTest" name="testStatementSerialization" time="0.345"/>
  <testcase classname="org.openrdf.repository.sail.nativerdf.RDFSchemaNativeRepositoryConnectionTest" name="testPreparedTupleQueryUnicode" time="0.025"/>
  <testcase classname="org.openrdf.repository.sail.nativerdf.RDFSchemaNativeRepositoryConnectionTest" name="testSES713" time="0.021"/>
  <testcase classname="org.openrdf.repository.sail.nativerdf.RDFSchemaNativeRepositoryConnectionTest" name="testGetNamespaces" time="0.025"/>
  <testcase classname="org.openrdf.repository.sail.nativerdf.RDFSchemaNativeRepositoryConnectionTest" name="testTransactionIsolation" time="0.021"/>
  <testcase classname="org.openrdf.repository.sail.nativerdf.RDFSchemaNativeRepositoryConnectionTest" name="testGetContextIDs" time="0.042"/>
  <testcase classname="org.openrdf.repository.sail.nativerdf.RDFSchemaNativeRepositoryConnectionTest" name="testURISerialization" time="0.034"/>
  <testcase classname="org.openrdf.repository.sail.nativerdf.RDFSchemaNativeRepositoryConnectionTest" name="testSimpleGraphQuery" time="0.04"/>
  <testcase classname="org.openrdf.repository.sail.nativerdf.RDFSchemaNativeRepositoryConnectionTest" name="testPrepareSPARQLQuery" time="0.021"/>
  <testcase classname="org.openrdf.repository.sail.nativerdf.RDFSchemaNativeRepositoryConnectionTest" name="testXmlCalendarZ" time="0.034"/>
  <testcase classname="org.openrdf.repository.sail.nativerdf.RDFSchemaNativeRepositoryConnectionTest" name="testQueryBaseURI" time="0.025"/>
</testsuite>