<?xml version="1.0" encoding="UTF-8" ?>
<testsuite tests="121" failures="0" name="org.openrdf.repository.http.RDFSchemaHTTPRepositoryConnectionTest" time="0.8" errors="106" skipped="15">
  <properties>
[...]
</properties>
  <testcase classname="org.openrdf.repository.http.RDFSchemaHTTPRepositoryConnectionTest" name="testAddMalformedLiteralsStrictConfig" time="0">
    <skipped message="See SES-1833"/>
  </testcase>
  <testcase classname="org.openrdf.repository.http.RDFSchemaHTTPRepositoryConnectionTest" name="testAddMalformedLiteralsDefaultConfig" time="0.031">
    <error message="org/mortbay/jetty/Connector" type="java.lang.NoClassDefFoundError">java.lang.NoClassDefFoundError: org/mortbay/jetty/Connector
	at org.openrdf.repository.http.RDFSchemaHTTPRepositoryConnectionTest.setUp(RDFSchemaHTTPRepositoryConnectionTest.java:38)
	at sun.reflect.GeneratedMethodAccessor3.invoke(Unknown Source)
	at sun.reflect.DelegatingMethodAccessorImpl.invoke(DelegatingMethodAccessorImpl.java:43)
	at java.lang.reflect.Method.invoke(Method.java:483)
	at org.junit.runners.model.FrameworkMethod$1.runReflectiveCall(FrameworkMethod.java:47)
	at org.junit.internal.runners.model.ReflectiveCallable.run(ReflectiveCallable.java:12)
	at org.junit.runners.model.FrameworkMethod.invokeExplosively(FrameworkMethod.java:44)
	at org.junit.internal.runners.statements.RunBefores.evaluate(RunBefores.java:24)
	at org.junit.internal.runners.statements.RunAfters.evaluate(RunAfters.java:27)
	at org.junit.internal.runners.statements.FailOnTimeout$StatementThread.run(FailOnTimeout.java:74)
Caused by: java.lang.ClassNotFoundException: org.mortbay.jetty.Connector
	at java.net.URLClassLoader$1.run(URLClassLoader.java:372)
	at java.net.URLClassLoader$1.run(URLClassLoader.java:361)
	at java.security.AccessController.doPrivileged(Native Method)
	at java.net.URLClassLoader.findClass(URLClassLoader.java:360)
	at java.lang.ClassLoader.loadClass(ClassLoader.java:424)
	at sun.misc.Launcher$AppClassLoader.loadClass(Launcher.java:308)
	at java.lang.ClassLoader.loadClass(ClassLoader.java:357)
	... 10 more
</error>
  </testcase>
  <testcase classname="org.openrdf.repository.http.RDFSchemaHTTPRepositoryConnectionTest" name="testAddMalformedLiteralsDefaultConfig" time="0.031">
    <error type="java.lang.NullPointerException">java.lang.NullPointerException
	at org.openrdf.repository.RepositoryConnectionTest.tearDown(RepositoryConnectionTest.java:233)
	at org.openrdf.repository.http.RDFSchemaHTTPRepositoryConnectionTest.tearDown(RDFSchemaHTTPRepositoryConnectionTest.java:53)
	at sun.reflect.GeneratedMethodAccessor4.invoke(Unknown Source)
	at sun.reflect.DelegatingMethodAccessorImpl.invoke(DelegatingMethodAccessorImpl.java:43)
	at java.lang.reflect.Method.invoke(Method.java:483)
	at org.junit.runners.model.FrameworkMethod$1.runReflectiveCall(FrameworkMethod.java:47)
	at org.junit.internal.runners.model.ReflectiveCallable.run(ReflectiveCallable.java:12)
	at org.junit.runners.model.FrameworkMethod.invokeExplosively(FrameworkMethod.java:44)
	at org.junit.internal.runners.statements.RunAfters.evaluate(RunAfters.java:33)
	at org.junit.internal.runners.statements.FailOnTimeout$StatementThread.run(FailOnTimeout.java:74)
</error>
  </testcase>
  <testcase classname="org.openrdf.repository.http.RDFSchemaHTTPRepositoryConnectionTest" name="testSizeRollback" time="0.031">
    <skipped message="temporarily disabled for HTTPRepository"/>
  </testcase>
  <testcase classname="org.openrdf.repository.http.RDFSchemaHTTPRepositoryConnectionTest" name="testAutoCommit" time="0.031">
    <skipped message="temporarily disabled for HTTPRepository"/>
  </testcase>
  <testcase classname="org.openrdf.repository.http.RDFSchemaHTTPRepositoryConnectionTest" name="testEmptyRollback" time="0.031">
    <skipped message="temporarily disabled for HTTPRepository"/>
  </testcase>
  <testcase classname="org.openrdf.repository.http.RDFSchemaHTTPRepositoryConnectionTest" name="testInferencerTransactionIsolation" time="0.031">
    <skipped message="temporarily disabled for HTTPRepository"/>
  </testcase>
  <testcase classname="org.openrdf.repository.http.RDFSchemaHTTPRepositoryConnectionTest" name="testEmptyCommit" time="0.031">
    <skipped message="temporarily disabled for HTTPRepository"/>
  </testcase>
  <testcase classname="org.openrdf.repository.http.RDFSchemaHTTPRepositoryConnectionTest" name="testRollback" time="0.031">
    <skipped message="temporarily disabled for HTTPRepository"/>
  </testcase>
  <testcase classname="org.openrdf.repository.http.RDFSchemaHTTPRepositoryConnectionTest" name="testInferencerQueryDuringTransaction" time="0.031">
    <skipped message="temporarily disabled for HTTPRepository"/>
  </testcase>
  <testcase classname="org.openrdf.repository.http.RDFSchemaHTTPRepositoryConnectionTest" name="testSizeCommit" time="0.031">
    <skipped message="temporarily disabled for HTTPRepository"/>
  </testcase>
  <testcase classname="org.openrdf.repository.http.RDFSchemaHTTPRepositoryConnectionTest" name="testOrderByQueriesAreInterruptable" time="0.031">
    <skipped message="temporarily disabled for HTTPRepository"/>
  </testcase>
  <testcase classname="org.openrdf.repository.http.RDFSchemaHTTPRepositoryConnectionTest" name="testTransactionIsolation" time="0.031">
    <skipped message="temporarily disabled for HTTPRepository"/>
  </testcase>
  <testcase classname="org.openrdf.repository.http.RDFSchemaHTTPRepositoryConnectionTest" name="testGetContextIDs" time="0.031">
    <skipped message="temporarily disabled for HTTPRepository"/>
  </testcase>
  <testcase classname="org.openrdf.repository.http.RDFSchemaHTTPRepositoryConnectionTest" name="testExclusiveNullContext" time="0.031">
    <skipped/>
  </testcase>
  <testcase classname="org.openrdf.repository.http.RDFSchemaHTTPRepositoryConnectionTest" name="testDefaultInsertContext" time="0.031">
    <skipped/>
  </testcase>
  <testcase classname="org.openrdf.repository.http.RDFSchemaHTTPRepositoryConnectionTest" name="testMakeExplicit" time="0.011">
    <error message="org/mortbay/jetty/Connector" type="java.lang.NoClassDefFoundError">java.lang.NoClassDefFoundError: org/mortbay/jetty/Connector
	at org.openrdf.repository.http.RDFSchemaHTTPRepositoryConnectionTest.setUp(RDFSchemaHTTPRepositoryConnectionTest.java:38)
	at sun.reflect.GeneratedMethodAccessor3.invoke(Unknown Source)
	at sun.reflect.DelegatingMethodAccessorImpl.invoke(DelegatingMethodAccessorImpl.java:43)
	at java.lang.reflect.Method.invoke(Method.java:483)
	at org.junit.runners.model.FrameworkMethod$1.runReflectiveCall(FrameworkMethod.java:47)
	at org.junit.internal.runners.model.ReflectiveCallable.run(ReflectiveCallable.java:12)
	at org.junit.runners.model.FrameworkMethod.invokeExplosively(FrameworkMethod.java:44)
	at org.junit.internal.runners.statements.RunBefores.evaluate(RunBefores.java:24)
	at org.junit.internal.runners.statements.RunAfters.evaluate(RunAfters.java:27)
	at org.junit.internal.runners.statements.FailOnTimeout$StatementThread.run(FailOnTimeout.java:74)
Caused by: java.lang.ClassNotFoundException: org.mortbay.jetty.Connector
	at java.net.URLClassLoader$1.run(URLClassLoader.java:372)
	at java.net.URLClassLoader$1.run(URLClassLoader.java:361)
	at java.security.AccessController.doPrivileged(Native Method)
	at java.net.URLClassLoader.findClass(URLClassLoader.java:360)
	at java.lang.ClassLoader.loadClass(ClassLoader.java:424)
	at sun.misc.Launcher$AppClassLoader.loadClass(Launcher.java:308)
	at java.lang.ClassLoader.loadClass(ClassLoader.java:357)
	... 10 more
</error>
  </testcase>
  <testcase classname="org.openrdf.repository.http.RDFSchemaHTTPRepositoryConnectionTest" name="testMakeExplicit" time="0.012">
    <error type="java.lang.NullPointerException">java.lang.NullPointerException
	at org.openrdf.repository.RepositoryConnectionTest.tearDown(RepositoryConnectionTest.java:233)
	at org.openrdf.repository.http.RDFSchemaHTTPRepositoryConnectionTest.tearDown(RDFSchemaHTTPRepositoryConnectionTest.java:53)
	at sun.reflect.GeneratedMethodAccessor4.invoke(Unknown Source)
	at sun.reflect.DelegatingMethodAccessorImpl.invoke(DelegatingMethodAccessorImpl.java:43)
	at java.lang.reflect.Method.invoke(Method.java:483)
	at org.junit.runners.model.FrameworkMethod$1.runReflectiveCall(FrameworkMethod.java:47)
	at org.junit.internal.runners.model.ReflectiveCallable.run(ReflectiveCallable.java:12)
	at org.junit.runners.model.FrameworkMethod.invokeExplosively(FrameworkMethod.java:44)
	at org.junit.internal.runners.statements.RunAfters.evaluate(RunAfters.java:33)
	at org.junit.internal.runners.statements.FailOnTimeout$StatementThread.run(FailOnTimeout.java:74)
</error>
  </testcase>
  <testcase classname="org.openrdf.repository.http.RDFSchemaHTTPRepositoryConnectionTest" name="testSubClassInference" time="0.003">
    <error message="org/mortbay/jetty/Connector" type="java.lang.NoClassDefFoundError">java.lang.NoClassDefFoundError: org/mortbay/jetty/Connector
	at org.openrdf.repository.http.RDFSchemaHTTPRepositoryConnectionTest.setUp(RDFSchemaHTTPRepositoryConnectionTest.java:38)
	at sun.reflect.GeneratedMethodAccessor3.invoke(Unknown Source)
	at sun.reflect.DelegatingMethodAccessorImpl.invoke(DelegatingMethodAccessorImpl.java:43)
	at java.lang.reflect.Method.invoke(Method.java:483)
	at org.junit.runners.model.FrameworkMethod$1.runReflectiveCall(FrameworkMethod.java:47)
	at org.junit.internal.runners.model.ReflectiveCallable.run(ReflectiveCallable.java:12)
	at org.junit.runners.model.FrameworkMethod.invokeExplosively(FrameworkMethod.java:44)
	at org.junit.internal.runners.statements.RunBefores.evaluate(RunBefores.java:24)
	at org.junit.internal.runners.statements.RunAfters.evaluate(RunAfters.java:27)
	at org.junit.internal.runners.statements.FailOnTimeout$StatementThread.run(FailOnTimeout.java:74)
Caused by: java.lang.ClassNotFoundException: org.mortbay.jetty.Connector
	at java.net.URLClassLoader$1.run(URLClassLoader.java:372)
	at java.net.URLClassLoader$1.run(URLClassLoader.java:361)
	at java.security.AccessController.doPrivileged(Native Method)
	at java.net.URLClassLoader.findClass(URLClassLoader.java:360)
	at java.lang.ClassLoader.loadClass(ClassLoader.java:424)
	at sun.misc.Launcher$AppClassLoader.loadClass(Launcher.java:308)
	at java.lang.ClassLoader.loadClass(ClassLoader.java:357)
	... 10 more
</error>
  </testcase>
  <testcase classname="org.openrdf.repository.http.RDFSchemaHTTPRepositoryConnectionTest" name="testSubClassInference" time="0.003">
    <error type="java.lang.NullPointerException">java.lang.NullPointerException
	at org.openrdf.repository.RepositoryConnectionTest.tearDown(RepositoryConnectionTest.java:233)
	at org.openrdf.repository.http.RDFSchemaHTTPRepositoryConnectionTest.tearDown(RDFSchemaHTTPRepositoryConnectionTest.java:53)
	at sun.reflect.GeneratedMethodAccessor4.invoke(Unknown Source)
	at sun.reflect.DelegatingMethodAccessorImpl.invoke(DelegatingMethodAccessorImpl.java:43)
	at java.lang.reflect.Method.invoke(Method.java:483)
	at org.junit.runners.model.FrameworkMethod$1.runReflectiveCall(FrameworkMethod.java:47)
	at org.junit.internal.runners.model.ReflectiveCallable.run(ReflectiveCallable.java:12)
	at org.junit.runners.model.FrameworkMethod.invokeExplosively(FrameworkMethod.java:44)
	at org.junit.internal.runners.statements.RunAfters.evaluate(RunAfters.java:33)
	at org.junit.internal.runners.statements.FailOnTimeout$StatementThread.run(FailOnTimeout.java:74)
</error>
  </testcase>
  <testcase classname="org.openrdf.repository.http.RDFSchemaHTTPRepositoryConnectionTest" name="testInferencerUpdates" time="0.006">
    <error message="org/mortbay/jetty/Connector" type="java.lang.NoClassDefFoundError">java.lang.NoClassDefFoundError: org/mortbay/jetty/Connector
	at org.openrdf.repository.http.RDFSchemaHTTPRepositoryConnectionTest.setUp(RDFSchemaHTTPRepositoryConnectionTest.java:38)
	at sun.reflect.GeneratedMethodAccessor3.invoke(Unknown Source)
	at sun.reflect.DelegatingMethodAccessorImpl.invoke(DelegatingMethodAccessorImpl.java:43)
	at java.lang.reflect.Method.invoke(Method.java:483)
	at org.junit.runners.model.FrameworkMethod$1.runReflectiveCall(FrameworkMethod.java:47)
	at org.junit.internal.runners.model.ReflectiveCallable.run(ReflectiveCallable.java:12)
	at org.junit.runners.model.FrameworkMethod.invokeExplosively(FrameworkMethod.java:44)
	at org.junit.internal.runners.statements.RunBefores.evaluate(RunBefores.java:24)
	at org.junit.internal.runners.statements.RunAfters.evaluate(RunAfters.java:27)
	at org.junit.internal.runners.statements.FailOnTimeout$StatementThread.run(FailOnTimeout.java:74)
Caused by: java.lang.ClassNotFoundException: org.mortbay.jetty.Connector
	at java.net.URLClassLoader$1.run(URLClassLoader.java:372)
	at java.net.URLClassLoader$1.run(URLClassLoader.java:361)
	at java.security.AccessController.doPrivileged(Native Method)
	at java.net.URLClassLoader.findClass(URLClassLoader.java:360)
	at java.lang.ClassLoader.loadClass(ClassLoader.java:424)
	at sun.misc.Launcher$AppClassLoader.loadClass(Launcher.java:308)
	at java.lang.ClassLoader.loadClass(ClassLoader.java:357)
	... 10 more
</error>
  </testcase>
  <testcase classname="org.openrdf.repository.http.RDFSchemaHTTPRepositoryConnectionTest" name="testInferencerUpdates" time="0.006">
    <error type="java.lang.NullPointerException">java.lang.NullPointerException
	at org.openrdf.repository.RepositoryConnectionTest.tearDown(RepositoryConnectionTest.java:233)
	at org.openrdf.repository.http.RDFSchemaHTTPRepositoryConnectionTest.tearDown(RDFSchemaHTTPRepositoryConnectionTest.java:53)
	at sun.reflect.GeneratedMethodAccessor4.invoke(Unknown Source)
	at sun.reflect.DelegatingMethodAccessorImpl.invoke(DelegatingMethodAccessorImpl.java:43)
	at java.lang.reflect.Method.invoke(Method.java:483)
	at org.junit.runners.model.FrameworkMethod$1.runReflectiveCall(FrameworkMethod.java:47)
	at org.junit.internal.runners.model.ReflectiveCallable.run(ReflectiveCallable.java:12)
	at org.junit.runners.model.FrameworkMethod.invokeExplosively(FrameworkMethod.java:44)
	at org.junit.internal.runners.statements.RunAfters.evaluate(RunAfters.java:33)
	at org.junit.internal.runners.statements.FailOnTimeout$StatementThread.run(FailOnTimeout.java:74)
</error>
  </testcase>
  <testcase classname="org.openrdf.repository.http.RDFSchemaHTTPRepositoryConnectionTest" name="testDomainInference" time="0.002">
    <error message="org/mortbay/jetty/Connector" type="java.lang.NoClassDefFoundError">java.lang.NoClassDefFoundError: org/mortbay/jetty/Connector
	at org.openrdf.repository.http.RDFSchemaHTTPRepositoryConnectionTest.setUp(RDFSchemaHTTPRepositoryConnectionTest.java:38)
	at sun.reflect.GeneratedMethodAccessor3.invoke(Unknown Source)
	at sun.reflect.DelegatingMethodAccessorImpl.invoke(DelegatingMethodAccessorImpl.java:43)
	at java.lang.reflect.Method.invoke(Method.java:483)
	at org.junit.runners.model.FrameworkMethod$1.runReflectiveCall(FrameworkMethod.java:47)
	at org.junit.internal.runners.model.ReflectiveCallable.run(ReflectiveCallable.java:12)
	at org.junit.runners.model.FrameworkMethod.invokeExplosively(FrameworkMethod.java:44)
	at org.junit.internal.runners.statements.RunBefores.evaluate(RunBefores.java:24)
	at org.junit.internal.runners.statements.RunAfters.evaluate(RunAfters.java:27)
	at org.junit.internal.runners.statements.FailOnTimeout$StatementThread.run(FailOnTimeout.java:74)
Caused by: java.lang.ClassNotFoundException: org.mortbay.jetty.Connector
	at java.net.URLClassLoader$1.run(URLClassLoader.java:372)
	at java.net.URLClassLoader$1.run(URLClassLoader.java:361)
	at java.security.AccessController.doPrivileged(Native Method)
	at java.net.URLClassLoader.findClass(URLClassLoader.java:360)
	at java.lang.ClassLoader.loadClass(ClassLoader.java:424)
	at sun.misc.Launcher$AppClassLoader.loadClass(Launcher.java:308)
	at java.lang.ClassLoader.loadClass(ClassLoader.java:357)
	... 10 more
</error>
  </testcase>
  <testcase classname="org.openrdf.repository.http.RDFSchemaHTTPRepositoryConnectionTest" name="testDomainInference" time="0.003">
    <error type="java.lang.NullPointerException">java.lang.NullPointerException
	at org.openrdf.repository.RepositoryConnectionTest.tearDown(RepositoryConnectionTest.java:233)
	at org.openrdf.repository.http.RDFSchemaHTTPRepositoryConnectionTest.tearDown(RDFSchemaHTTPRepositoryConnectionTest.java:53)
	at sun.reflect.GeneratedMethodAccessor4.invoke(Unknown Source)
	at sun.reflect.DelegatingMethodAccessorImpl.invoke(DelegatingMethodAccessorImpl.java:43)
	at java.lang.reflect.Method.invoke(Method.java:483)
	at org.junit.runners.model.FrameworkMethod$1.runReflectiveCall(FrameworkMethod.java:47)
	at org.junit.internal.runners.model.ReflectiveCallable.run(ReflectiveCallable.java:12)
	at org.junit.runners.model.FrameworkMethod.invokeExplosively(FrameworkMethod.java:44)
	at org.junit.internal.runners.statements.RunAfters.evaluate(RunAfters.java:33)
	at org.junit.internal.runners.statements.FailOnTimeout$StatementThread.run(FailOnTimeout.java:74)
</error>
  </testcase>
  <testcase classname="org.openrdf.repository.http.RDFSchemaHTTPRepositoryConnectionTest" name="testExplicitFlag" time="0.001">
    <error message="org/mortbay/jetty/Connector" type="java.lang.NoClassDefFoundError">java.lang.NoClassDefFoundError: org/mortbay/jetty/Connector
	at org.openrdf.repository.http.RDFSchemaHTTPRepositoryConnectionTest.setUp(RDFSchemaHTTPRepositoryConnectionTest.java:38)
	at sun.reflect.GeneratedMethodAccessor3.invoke(Unknown Source)
	at sun.reflect.DelegatingMethodAccessorImpl.invoke(DelegatingMethodAccessorImpl.java:43)
	at java.lang.reflect.Method.invoke(Method.java:483)
	at org.junit.runners.model.FrameworkMethod$1.runReflectiveCall(FrameworkMethod.java:47)
	at org.junit.internal.runners.model.ReflectiveCallable.run(ReflectiveCallable.java:12)
	at org.junit.runners.model.FrameworkMethod.invokeExplosively(FrameworkMethod.java:44)
	at org.junit.internal.runners.statements.RunBefores.evaluate(RunBefores.java:24)
	at org.junit.internal.runners.statements.RunAfters.evaluate(RunAfters.java:27)
	at org.junit.internal.runners.statements.FailOnTimeout$StatementThread.run(FailOnTimeout.java:74)
Caused by: java.lang.ClassNotFoundException: org.mortbay.jetty.Connector
	at java.net.URLClassLoader$1.run(URLClassLoader.java:372)
	at java.net.URLClassLoader$1.run(URLClassLoader.java:361)
	at java.security.AccessController.doPrivileged(Native Method)
	at java.net.URLClassLoader.findClass(URLClassLoader.java:360)
	at java.lang.ClassLoader.loadClass(ClassLoader.java:424)
	at sun.misc.Launcher$AppClassLoader.loadClass(Launcher.java:308)
	at java.lang.ClassLoader.loadClass(ClassLoader.java:357)
	... 10 more
</error>
  </testcase>
  <testcase classname="org.openrdf.repository.http.RDFSchemaHTTPRepositoryConnectionTest" name="testExplicitFlag" time="0.002">
    <error type="java.lang.NullPointerException">java.lang.NullPointerException
	at org.openrdf.repository.RepositoryConnectionTest.tearDown(RepositoryConnectionTest.java:233)
	at org.openrdf.repository.http.RDFSchemaHTTPRepositoryConnectionTest.tearDown(RDFSchemaHTTPRepositoryConnectionTest.java:53)
	at sun.reflect.GeneratedMethodAccessor4.invoke(Unknown Source)
	at sun.reflect.DelegatingMethodAccessorImpl.invoke(DelegatingMethodAccessorImpl.java:43)
	at java.lang.reflect.Method.invoke(Method.java:483)
	at org.junit.runners.model.FrameworkMethod$1.runReflectiveCall(FrameworkMethod.java:47)
	at org.junit.internal.runners.model.ReflectiveCallable.run(ReflectiveCallable.java:12)
	at org.junit.runners.model.FrameworkMethod.invokeExplosively(FrameworkMethod.java:44)
	at org.junit.internal.runners.statements.RunAfters.evaluate(RunAfters.java:33)
	at org.junit.internal.runners.statements.FailOnTimeout$StatementThread.run(FailOnTimeout.java:74)
</error>
  </testcase>
  <testcase classname="org.openrdf.repository.http.RDFSchemaHTTPRepositoryConnectionTest" name="testDefaultContext" time="0.002">
    <skipped/>
  </testcase>
  <testcase classname="org.openrdf.repository.http.RDFSchemaHTTPRepositoryConnectionTest" name="testSimpleBooleanQuery" time="0.006">
    <error message="org/mortbay/jetty/Connector" type="java.lang.NoClassDefFoundError">java.lang.NoClassDefFoundError: org/mortbay/jetty/Connector
	at org.openrdf.repository.http.RDFSchemaHTTPRepositoryConnectionTest.setUp(RDFSchemaHTTPRepositoryConnectionTest.java:38)
	at sun.reflect.GeneratedMethodAccessor3.invoke(Unknown Source)
	at sun.reflect.DelegatingMethodAccessorImpl.invoke(DelegatingMethodAccessorImpl.java:43)
	at java.lang.reflect.Method.invoke(Method.java:483)
	at org.junit.runners.model.FrameworkMethod$1.runReflectiveCall(FrameworkMethod.java:47)
	at org.junit.internal.runners.model.ReflectiveCallable.run(ReflectiveCallable.java:12)
	at org.junit.runners.model.FrameworkMethod.invokeExplosively(FrameworkMethod.java:44)
	at org.junit.internal.runners.statements.RunBefores.evaluate(RunBefores.java:24)
	at org.junit.internal.runners.statements.RunAfters.evaluate(RunAfters.java:27)
	at org.junit.internal.runners.statements.FailOnTimeout$StatementThread.run(FailOnTimeout.java:74)
Caused by: java.lang.ClassNotFoundException: org.mortbay.jetty.Connector
	at java.net.URLClassLoader$1.run(URLClassLoader.java:372)
	at java.net.URLClassLoader$1.run(URLClassLoader.java:361)
	at java.security.AccessController.doPrivileged(Native Method)
	at java.net.URLClassLoader.findClass(URLClassLoader.java:360)
	at java.lang.ClassLoader.loadClass(ClassLoader.java:424)
	at sun.misc.Launcher$AppClassLoader.loadClass(Launcher.java:308)
	at java.lang.ClassLoader.loadClass(ClassLoader.java:357)
	... 10 more
</error>
  </testcase>
  <testcase classname="org.openrdf.repository.http.RDFSchemaHTTPRepositoryConnectionTest" name="testSimpleBooleanQuery" time="0.007">
    <error type="java.lang.NullPointerException">java.lang.NullPointerException
	at org.openrdf.repository.RepositoryConnectionTest.tearDown(RepositoryConnectionTest.java:233)
	at org.openrdf.repository.http.RDFSchemaHTTPRepositoryConnectionTest.tearDown(RDFSchemaHTTPRepositoryConnectionTest.java:53)
	at sun.reflect.GeneratedMethodAccessor4.invoke(Unknown Source)
	at sun.reflect.DelegatingMethodAccessorImpl.invoke(DelegatingMethodAccessorImpl.java:43)
	at java.lang.reflect.Method.invoke(Method.java:483)
	at org.junit.runners.model.FrameworkMethod$1.runReflectiveCall(FrameworkMethod.java:47)
	at org.junit.internal.runners.model.ReflectiveCallable.run(ReflectiveCallable.java:12)
	at org.junit.runners.model.FrameworkMethod.invokeExplosively(FrameworkMethod.java:44)
	at org.junit.internal.runners.statements.RunAfters.evaluate(RunAfters.java:33)
	at org.junit.internal.runners.statements.FailOnTimeout$StatementThread.run(FailOnTimeout.java:74)
</error>
  </testcase>
  <testcase classname="org.openrdf.repository.http.RDFSchemaHTTPRepositoryConnectionTest" name="testGetNamespace" time="0.002">
    <error message="org/mortbay/jetty/Connector" type="java.lang.NoClassDefFoundError">java.lang.NoClassDefFoundError: org/mortbay/jetty/Connector
	at org.openrdf.repository.http.RDFSchemaHTTPRepositoryConnectionTest.setUp(RDFSchemaHTTPRepositoryConnectionTest.java:38)
	at sun.reflect.GeneratedMethodAccessor3.invoke(Unknown Source)
	at sun.reflect.DelegatingMethodAccessorImpl.invoke(DelegatingMethodAccessorImpl.java:43)
	at java.lang.reflect.Method.invoke(Method.java:483)
	at org.junit.runners.model.FrameworkMethod$1.runReflectiveCall(FrameworkMethod.java:47)
	at org.junit.internal.runners.model.ReflectiveCallable.run(ReflectiveCallable.java:12)
	at org.junit.runners.model.FrameworkMethod.invokeExplosively(FrameworkMethod.java:44)
	at org.junit.internal.runners.statements.RunBefores.evaluate(RunBefores.java:24)
	at org.junit.internal.runners.statements.RunAfters.evaluate(RunAfters.java:27)
	at org.junit.internal.runners.statements.FailOnTimeout$StatementThread.run(FailOnTimeout.java:74)
Caused by: java.lang.ClassNotFoundException: org.mortbay.jetty.Connector
	at java.net.URLClassLoader$1.run(URLClassLoader.java:372)
	at java.net.URLClassLoader$1.run(URLClassLoader.java:361)
	at java.security.AccessController.doPrivileged(Native Method)
	at java.net.URLClassLoader.findClass(URLClassLoader.java:360)
	at java.lang.ClassLoader.loadClass(ClassLoader.java:424)
	at sun.misc.Launcher$AppClassLoader.loadClass(Launcher.java:308)
	at java.lang.ClassLoader.loadClass(ClassLoader.java:357)
	... 10 more
</error>
  </testcase>
  <testcase classname="org.openrdf.repository.http.RDFSchemaHTTPRepositoryConnectionTest" name="testGetNamespace" time="0.002">
    <error type="java.lang.NullPointerException">java.lang.NullPointerException
	at org.openrdf.repository.RepositoryConnectionTest.tearDown(RepositoryConnectionTest.java:233)
	at org.openrdf.repository.http.RDFSchemaHTTPRepositoryConnectionTest.tearDown(RDFSchemaHTTPRepositoryConnectionTest.java:53)
	at sun.reflect.GeneratedMethodAccessor4.invoke(Unknown Source)
	at sun.reflect.DelegatingMethodAccessorImpl.invoke(DelegatingMethodAccessorImpl.java:43)
	at java.lang.reflect.Method.invoke(Method.java:483)
	at org.junit.runners.model.FrameworkMethod$1.runReflectiveCall(FrameworkMethod.java:47)
	at org.junit.internal.runners.model.ReflectiveCallable.run(ReflectiveCallable.java:12)
	at org.junit.runners.model.FrameworkMethod.invokeExplosively(FrameworkMethod.java:44)
	at org.junit.internal.runners.statements.RunAfters.evaluate(RunAfters.java:33)
	at org.junit.internal.runners.statements.FailOnTimeout$StatementThread.run(FailOnTimeout.java:74)
</error>
  </testcase>
  <testcase classname="org.openrdf.repository.http.RDFSchemaHTTPRepositoryConnectionTest" name="testGraphSerialization" time="0.003">
    <error message="org/mortbay/jetty/Connector" type="java.lang.NoClassDefFoundError">java.lang.NoClassDefFoundError: org/mortbay/jetty/Connector
	at org.openrdf.repository.http.RDFSchemaHTTPRepositoryConnectionTest.setUp(RDFSchemaHTTPRepositoryConnectionTest.java:38)
	at sun.reflect.GeneratedMethodAccessor3.invoke(Unknown Source)
	at sun.reflect.DelegatingMethodAccessorImpl.invoke(DelegatingMethodAccessorImpl.java:43)
	at java.lang.reflect.Method.invoke(Method.java:483)
	at org.junit.runners.model.FrameworkMethod$1.runReflectiveCall(FrameworkMethod.java:47)
	at org.junit.internal.runners.model.ReflectiveCallable.run(ReflectiveCallable.java:12)
	at org.junit.runners.model.FrameworkMethod.invokeExplosively(FrameworkMethod.java:44)
	at org.junit.internal.runners.statements.RunBefores.evaluate(RunBefores.java:24)
	at org.junit.internal.runners.statements.RunAfters.evaluate(RunAfters.java:27)
	at org.junit.internal.runners.statements.FailOnTimeout$StatementThread.run(FailOnTimeout.java:74)
Caused by: java.lang.ClassNotFoundException: org.mortbay.jetty.Connector
	at java.net.URLClassLoader$1.run(URLClassLoader.java:372)
	at java.net.URLClassLoader$1.run(URLClassLoader.java:361)
	at java.security.AccessController.doPrivileged(Native Method)
	at java.net.URLClassLoader.findClass(URLClassLoader.java:360)
	at java.lang.ClassLoader.loadClass(ClassLoader.java:424)
	at sun.misc.Launcher$AppClassLoader.loadClass(Launcher.java:308)
	at java.lang.ClassLoader.loadClass(ClassLoader.java:357)
	... 10 more
</error>
  </testcase>
  <testcase classname="org.openrdf.repository.http.RDFSchemaHTTPRepositoryConnectionTest" name="testGraphSerialization" time="0.003">
    <error type="java.lang.NullPointerException">java.lang.NullPointerException
	at org.openrdf.repository.RepositoryConnectionTest.tearDown(RepositoryConnectionTest.java:233)
	at org.openrdf.repository.http.RDFSchemaHTTPRepositoryConnectionTest.tearDown(RDFSchemaHTTPRepositoryConnectionTest.java:53)
	at sun.reflect.GeneratedMethodAccessor4.invoke(Unknown Source)
	at sun.reflect.DelegatingMethodAccessorImpl.invoke(DelegatingMethodAccessorImpl.java:43)
	at java.lang.reflect.Method.invoke(Method.java:483)
	at org.junit.runners.model.FrameworkMethod$1.runReflectiveCall(FrameworkMethod.java:47)
	at org.junit.internal.runners.model.ReflectiveCallable.run(ReflectiveCallable.java:12)
	at org.junit.runners.model.FrameworkMethod.invokeExplosively(FrameworkMethod.java:44)
	at org.junit.internal.runners.statements.RunAfters.evaluate(RunAfters.java:33)
	at org.junit.internal.runners.statements.FailOnTimeout$StatementThread.run(FailOnTimeout.java:74)
</error>
  </testcase>
  <testcase classname="org.openrdf.repository.http.RDFSchemaHTTPRepositoryConnectionTest" name="testGetStatementsMalformedTypedLiteral" time="0.002">
    <error message="org/mortbay/jetty/Connector" type="java.lang.NoClassDefFoundError">java.lang.NoClassDefFoundError: org/mortbay/jetty/Connector
	at org.openrdf.repository.http.RDFSchemaHTTPRepositoryConnectionTest.setUp(RDFSchemaHTTPRepositoryConnectionTest.java:38)
	at sun.reflect.GeneratedMethodAccessor3.invoke(Unknown Source)
	at sun.reflect.DelegatingMethodAccessorImpl.invoke(DelegatingMethodAccessorImpl.java:43)
	at java.lang.reflect.Method.invoke(Method.java:483)
	at org.junit.runners.model.FrameworkMethod$1.runReflectiveCall(FrameworkMethod.java:47)
	at org.junit.internal.runners.model.ReflectiveCallable.run(ReflectiveCallable.java:12)
	at org.junit.runners.model.FrameworkMethod.invokeExplosively(FrameworkMethod.java:44)
	at org.junit.internal.runners.statements.RunBefores.evaluate(RunBefores.java:24)
	at org.junit.internal.runners.statements.RunAfters.evaluate(RunAfters.java:27)
	at org.junit.internal.runners.statements.FailOnTimeout$StatementThread.run(FailOnTimeout.java:74)
Caused by: java.lang.ClassNotFoundException: org.mortbay.jetty.Connector
	at java.net.URLClassLoader$1.run(URLClassLoader.java:372)
	at java.net.URLClassLoader$1.run(URLClassLoader.java:361)
	at java.security.AccessController.doPrivileged(Native Method)
	at java.net.URLClassLoader.findClass(URLClassLoader.java:360)
	at java.lang.ClassLoader.loadClass(ClassLoader.java:424)
	at sun.misc.Launcher$AppClassLoader.loadClass(Launcher.java:308)
	at java.lang.ClassLoader.loadClass(ClassLoader.java:357)
	... 10 more
</error>
  </testcase>
  <testcase classname="org.openrdf.repository.http.RDFSchemaHTTPRepositoryConnectionTest" name="testGetStatementsMalformedTypedLiteral" time="0.002">
    <error type="java.lang.NullPointerException">java.lang.NullPointerException
	at org.openrdf.repository.RepositoryConnectionTest.tearDown(RepositoryConnectionTest.java:233)
	at org.openrdf.repository.http.RDFSchemaHTTPRepositoryConnectionTest.tearDown(RDFSchemaHTTPRepositoryConnectionTest.java:53)
	at sun.reflect.GeneratedMethodAccessor4.invoke(Unknown Source)
	at sun.reflect.DelegatingMethodAccessorImpl.invoke(DelegatingMethodAccessorImpl.java:43)
	at java.lang.reflect.Method.invoke(Method.java:483)
	at org.junit.runners.model.FrameworkMethod$1.runReflectiveCall(FrameworkMethod.java:47)
	at org.junit.internal.runners.model.ReflectiveCallable.run(ReflectiveCallable.java:12)
	at org.junit.runners.model.FrameworkMethod.invokeExplosively(FrameworkMethod.java:44)
	at org.junit.internal.runners.statements.RunAfters.evaluate(RunAfters.java:33)
	at org.junit.internal.runners.statements.FailOnTimeout$StatementThread.run(FailOnTimeout.java:74)
</error>
  </testcase>
  <testcase classname="org.openrdf.repository.http.RDFSchemaHTTPRepositoryConnectionTest" name="testClear" time="0.003">
    <error message="org/mortbay/jetty/Connector" type="java.lang.NoClassDefFoundError">java.lang.NoClassDefFoundError: org/mortbay/jetty/Connector
	at org.openrdf.repository.http.RDFSchemaHTTPRepositoryConnectionTest.setUp(RDFSchemaHTTPRepositoryConnectionTest.java:38)
	at sun.reflect.GeneratedMethodAccessor3.invoke(Unknown Source)
	at sun.reflect.DelegatingMethodAccessorImpl.invoke(DelegatingMethodAccessorImpl.java:43)
	at java.lang.reflect.Method.invoke(Method.java:483)
	at org.junit.runners.model.FrameworkMethod$1.runReflectiveCall(FrameworkMethod.java:47)
	at org.junit.internal.runners.model.ReflectiveCallable.run(ReflectiveCallable.java:12)
	at org.junit.runners.model.FrameworkMethod.invokeExplosively(FrameworkMethod.java:44)
	at org.junit.internal.runners.statements.RunBefores.evaluate(RunBefores.java:24)
	at org.junit.internal.runners.statements.RunAfters.evaluate(RunAfters.java:27)
	at org.junit.internal.runners.statements.FailOnTimeout$StatementThread.run(FailOnTimeout.java:74)
Caused by: java.lang.ClassNotFoundException: org.mortbay.jetty.Connector
	at java.net.URLClassLoader$1.run(URLClassLoader.java:372)
	at java.net.URLClassLoader$1.run(URLClassLoader.java:361)
	at java.security.AccessController.doPrivileged(Native Method)
	at java.net.URLClassLoader.findClass(URLClassLoader.java:360)
	at java.lang.ClassLoader.loadClass(ClassLoader.java:424)
	at sun.misc.Launcher$AppClassLoader.loadClass(Launcher.java:308)
	at java.lang.ClassLoader.loadClass(ClassLoader.java:357)
	... 10 more
</error>
  </testcase>
  <testcase classname="org.openrdf.repository.http.RDFSchemaHTTPRepositoryConnectionTest" name="testClear" time="0.003">
    <error type="java.lang.NullPointerException">java.lang.NullPointerException
	at org.openrdf.repository.RepositoryConnectionTest.tearDown(RepositoryConnectionTest.java:233)
	at org.openrdf.repository.http.RDFSchemaHTTPRepositoryConnectionTest.tearDown(RDFSchemaHTTPRepositoryConnectionTest.java:53)
	at sun.reflect.GeneratedMethodAccessor4.invoke(Unknown Source)
	at sun.reflect.DelegatingMethodAccessorImpl.invoke(DelegatingMethodAccessorImpl.java:43)
	at java.lang.reflect.Method.invoke(Method.java:483)
	at org.junit.runners.model.FrameworkMethod$1.runReflectiveCall(FrameworkMethod.java:47)
	at org.junit.internal.runners.model.ReflectiveCallable.run(ReflectiveCallable.java:12)
	at org.junit.runners.model.FrameworkMethod.invokeExplosively(FrameworkMethod.java:44)
	at org.junit.internal.runners.statements.RunAfters.evaluate(RunAfters.java:33)
	at org.junit.internal.runners.statements.FailOnTimeout$StatementThread.run(FailOnTimeout.java:74)
</error>
  </testcase>
  <testcase classname="org.openrdf.repository.http.RDFSchemaHTTPRepositoryConnectionTest" name="testAddStatement" time="0.011">
    <error message="org/mortbay/jetty/Connector" type="java.lang.NoClassDefFoundError">java.lang.NoClassDefFoundError: org/mortbay/jetty/Connector
	at org.openrdf.repository.http.RDFSchemaHTTPRepositoryConnectionTest.setUp(RDFSchemaHTTPRepositoryConnectionTest.java:38)
	at sun.reflect.GeneratedMethodAccessor3.invoke(Unknown Source)
	at sun.reflect.DelegatingMethodAccessorImpl.invoke(DelegatingMethodAccessorImpl.java:43)
	at java.lang.reflect.Method.invoke(Method.java:483)
	at org.junit.runners.model.FrameworkMethod$1.runReflectiveCall(FrameworkMethod.java:47)
	at org.junit.internal.runners.model.ReflectiveCallable.run(ReflectiveCallable.java:12)
	at org.junit.runners.model.FrameworkMethod.invokeExplosively(FrameworkMethod.java:44)
	at org.junit.internal.runners.statements.RunBefores.evaluate(RunBefores.java:24)
	at org.junit.internal.runners.statements.RunAfters.evaluate(RunAfters.java:27)
	at org.junit.internal.runners.statements.FailOnTimeout$StatementThread.run(FailOnTimeout.java:74)
Caused by: java.lang.ClassNotFoundException: org.mortbay.jetty.Connector
	at java.net.URLClassLoader$1.run(URLClassLoader.java:372)
	at java.net.URLClassLoader$1.run(URLClassLoader.java:361)
	at java.security.AccessController.doPrivileged(Native Method)
	at java.net.URLClassLoader.findClass(URLClassLoader.java:360)
	at java.lang.ClassLoader.loadClass(ClassLoader.java:424)
	at sun.misc.Launcher$AppClassLoader.loadClass(Launcher.java:308)
	at java.lang.ClassLoader.loadClass(ClassLoader.java:357)
	... 10 more
</error>
  </testcase>
  <testcase classname="org.openrdf.repository.http.RDFSchemaHTTPRepositoryConnectionTest" name="testAddStatement" time="0.011">
    <error type="java.lang.NullPointerException">java.lang.NullPointerException
	at org.openrdf.repository.RepositoryConnectionTest.tearDown(RepositoryConnectionTest.java:233)
	at org.openrdf.repository.http.RDFSchemaHTTPRepositoryConnectionTest.tearDown(RDFSchemaHTTPRepositoryConnectionTest.java:53)
	at sun.reflect.GeneratedMethodAccessor4.invoke(Unknown Source)
	at sun.reflect.DelegatingMethodAccessorImpl.invoke(DelegatingMethodAccessorImpl.java:43)
	at java.lang.reflect.Method.invoke(Method.java:483)
	at org.junit.runners.model.FrameworkMethod$1.runReflectiveCall(FrameworkMethod.java:47)
	at org.junit.internal.runners.model.ReflectiveCallable.run(ReflectiveCallable.java:12)
	at org.junit.runners.model.FrameworkMethod.invokeExplosively(FrameworkMethod.java:44)
	at org.junit.internal.runners.statements.RunAfters.evaluate(RunAfters.java:33)
	at org.junit.internal.runners.statements.FailOnTimeout$StatementThread.run(FailOnTimeout.java:74)
</error>
  </testcase>
  <testcase classname="org.openrdf.repository.http.RDFSchemaHTTPRepositoryConnectionTest" name="testOpen" time="0.001">
    <error message="org/mortbay/jetty/Connector" type="java.lang.NoClassDefFoundError">java.lang.NoClassDefFoundError: org/mortbay/jetty/Connector
	at org.openrdf.repository.http.RDFSchemaHTTPRepositoryConnectionTest.setUp(RDFSchemaHTTPRepositoryConnectionTest.java:38)
	at sun.reflect.GeneratedMethodAccessor3.invoke(Unknown Source)
	at sun.reflect.DelegatingMethodAccessorImpl.invoke(DelegatingMethodAccessorImpl.java:43)
	at java.lang.reflect.Method.invoke(Method.java:483)
	at org.junit.runners.model.FrameworkMethod$1.runReflectiveCall(FrameworkMethod.java:47)
	at org.junit.internal.runners.model.ReflectiveCallable.run(ReflectiveCallable.java:12)
	at org.junit.runners.model.FrameworkMethod.invokeExplosively(FrameworkMethod.java:44)
	at org.junit.internal.runners.statements.RunBefores.evaluate(RunBefores.java:24)
	at org.junit.internal.runners.statements.RunAfters.evaluate(RunAfters.java:27)
	at org.junit.internal.runners.statements.FailOnTimeout$StatementThread.run(FailOnTimeout.java:74)
Caused by: java.lang.ClassNotFoundException: org.mortbay.jetty.Connector
	at java.net.URLClassLoader$1.run(URLClassLoader.java:372)
	at java.net.URLClassLoader$1.run(URLClassLoader.java:361)
	at java.security.AccessController.doPrivileged(Native Method)
	at java.net.URLClassLoader.findClass(URLClassLoader.java:360)
	at java.lang.ClassLoader.loadClass(ClassLoader.java:424)
	at sun.misc.Launcher$AppClassLoader.loadClass(Launcher.java:308)
	at java.lang.ClassLoader.loadClass(ClassLoader.java:357)
	... 10 more
</error>
  </testcase>
  <testcase classname="org.openrdf.repository.http.RDFSchemaHTTPRepositoryConnectionTest" name="testOpen" time="0.002">
    <error type="java.lang.NullPointerException">java.lang.NullPointerException
	at org.openrdf.repository.RepositoryConnectionTest.tearDown(RepositoryConnectionTest.java:233)
	at org.openrdf.repository.http.RDFSchemaHTTPRepositoryConnectionTest.tearDown(RDFSchemaHTTPRepositoryConnectionTest.java:53)
	at sun.reflect.GeneratedMethodAccessor4.invoke(Unknown Source)
	at sun.reflect.DelegatingMethodAccessorImpl.invoke(DelegatingMethodAccessorImpl.java:43)
	at java.lang.reflect.Method.invoke(Method.java:483)
	at org.junit.runners.model.FrameworkMethod$1.runReflectiveCall(FrameworkMethod.java:47)
	at org.junit.internal.runners.model.ReflectiveCallable.run(ReflectiveCallable.java:12)
	at org.junit.runners.model.FrameworkMethod.invokeExplosively(FrameworkMethod.java:44)
	at org.junit.internal.runners.statements.RunAfters.evaluate(RunAfters.java:33)
	at org.junit.internal.runners.statements.FailOnTimeout$StatementThread.run(FailOnTimeout.java:74)
</error>
  </testcase>
  <testcase classname="org.openrdf.repository.http.RDFSchemaHTTPRepositoryConnectionTest" name="testAddGzipInputStream" time="0.001">
    <error message="org/mortbay/jetty/Connector" type="java.lang.NoClassDefFoundError">java.lang.NoClassDefFoundError: org/mortbay/jetty/Connector
	at org.openrdf.repository.http.RDFSchemaHTTPRepositoryConnectionTest.setUp(RDFSchemaHTTPRepositoryConnectionTest.java:38)
	at sun.reflect.GeneratedMethodAccessor3.invoke(Unknown Source)
	at sun.reflect.DelegatingMethodAccessorImpl.invoke(DelegatingMethodAccessorImpl.java:43)
	at java.lang.reflect.Method.invoke(Method.java:483)
	at org.junit.runners.model.FrameworkMethod$1.runReflectiveCall(FrameworkMethod.java:47)
	at org.junit.internal.runners.model.ReflectiveCallable.run(ReflectiveCallable.java:12)
	at org.junit.runners.model.FrameworkMethod.invokeExplosively(FrameworkMethod.java:44)
	at org.junit.internal.runners.statements.RunBefores.evaluate(RunBefores.java:24)
	at org.junit.internal.runners.statements.RunAfters.evaluate(RunAfters.java:27)
	at org.junit.internal.runners.statements.FailOnTimeout$StatementThread.run(FailOnTimeout.java:74)
Caused by: java.lang.ClassNotFoundException: org.mortbay.jetty.Connector
	at java.net.URLClassLoader$1.run(URLClassLoader.java:372)
	at java.net.URLClassLoader$1.run(URLClassLoader.java:361)
	at java.security.AccessController.doPrivileged(Native Method)
	at java.net.URLClassLoader.findClass(URLClassLoader.java:360)
	at java.lang.ClassLoader.loadClass(ClassLoader.java:424)
	at sun.misc.Launcher$AppClassLoader.loadClass(Launcher.java:308)
	at java.lang.ClassLoader.loadClass(ClassLoader.java:357)
	... 10 more
</error>
  </testcase>
  <testcase classname="org.openrdf.repository.http.RDFSchemaHTTPRepositoryConnectionTest" name="testAddGzipInputStream" time="0.002">
    <error type="java.lang.NullPointerException">java.lang.NullPointerException
	at org.openrdf.repository.RepositoryConnectionTest.tearDown(RepositoryConnectionTest.java:233)
	at org.openrdf.repository.http.RDFSchemaHTTPRepositoryConnectionTest.tearDown(RDFSchemaHTTPRepositoryConnectionTest.java:53)
	at sun.reflect.GeneratedMethodAccessor4.invoke(Unknown Source)
	at sun.reflect.DelegatingMethodAccessorImpl.invoke(DelegatingMethodAccessorImpl.java:43)
	at java.lang.reflect.Method.invoke(Method.java:483)
	at org.junit.runners.model.FrameworkMethod$1.runReflectiveCall(FrameworkMethod.java:47)
	at org.junit.internal.runners.model.ReflectiveCallable.run(ReflectiveCallable.java:12)
	at org.junit.runners.model.FrameworkMethod.invokeExplosively(FrameworkMethod.java:44)
	at org.junit.internal.runners.statements.RunAfters.evaluate(RunAfters.java:33)
	at org.junit.internal.runners.statements.FailOnTimeout$StatementThread.run(FailOnTimeout.java:74)
</error>
  </testcase>
  <testcase classname="org.openrdf.repository.http.RDFSchemaHTTPRepositoryConnectionTest" name="testAddInputStream" time="0.002">
    <error message="org/mortbay/jetty/Connector" type="java.lang.NoClassDefFoundError">java.lang.NoClassDefFoundError: org/mortbay/jetty/Connector
	at org.openrdf.repository.http.RDFSchemaHTTPRepositoryConnectionTest.setUp(RDFSchemaHTTPRepositoryConnectionTest.java:38)
	at sun.reflect.GeneratedMethodAccessor3.invoke(Unknown Source)
	at sun.reflect.DelegatingMethodAccessorImpl.invoke(DelegatingMethodAccessorImpl.java:43)
	at java.lang.reflect.Method.invoke(Method.java:483)
	at org.junit.runners.model.FrameworkMethod$1.runReflectiveCall(FrameworkMethod.java:47)
	at org.junit.internal.runners.model.ReflectiveCallable.run(ReflectiveCallable.java:12)
	at org.junit.runners.model.FrameworkMethod.invokeExplosively(FrameworkMethod.java:44)
	at org.junit.internal.runners.statements.RunBefores.evaluate(RunBefores.java:24)
	at org.junit.internal.runners.statements.RunAfters.evaluate(RunAfters.java:27)
	at org.junit.internal.runners.statements.FailOnTimeout$StatementThread.run(FailOnTimeout.java:74)
Caused by: java.lang.ClassNotFoundException: org.mortbay.jetty.Connector
	at java.net.URLClassLoader$1.run(URLClassLoader.java:372)
	at java.net.URLClassLoader$1.run(URLClassLoader.java:361)
	at java.security.AccessController.doPrivileged(Native Method)
	at java.net.URLClassLoader.findClass(URLClassLoader.java:360)
	at java.lang.ClassLoader.loadClass(ClassLoader.java:424)
	at sun.misc.Launcher$AppClassLoader.loadClass(Launcher.java:308)
	at java.lang.ClassLoader.loadClass(ClassLoader.java:357)
	... 10 more
</error>
  </testcase>
  <testcase classname="org.openrdf.repository.http.RDFSchemaHTTPRepositoryConnectionTest" name="testAddInputStream" time="0.003">
    <error type="java.lang.NullPointerException">java.lang.NullPointerException
	at org.openrdf.repository.RepositoryConnectionTest.tearDown(RepositoryConnectionTest.java:233)
	at org.openrdf.repository.http.RDFSchemaHTTPRepositoryConnectionTest.tearDown(RDFSchemaHTTPRepositoryConnectionTest.java:53)
	at sun.reflect.GeneratedMethodAccessor4.invoke(Unknown Source)
	at sun.reflect.DelegatingMethodAccessorImpl.invoke(DelegatingMethodAccessorImpl.java:43)
	at java.lang.reflect.Method.invoke(Method.java:483)
	at org.junit.runners.model.FrameworkMethod$1.runReflectiveCall(FrameworkMethod.java:47)
	at org.junit.internal.runners.model.ReflectiveCallable.run(ReflectiveCallable.java:12)
	at org.junit.runners.model.FrameworkMethod.invokeExplosively(FrameworkMethod.java:44)
	at org.junit.internal.runners.statements.RunAfters.evaluate(RunAfters.java:33)
	at org.junit.internal.runners.statements.FailOnTimeout$StatementThread.run(FailOnTimeout.java:74)
</error>
  </testcase>
  <testcase classname="org.openrdf.repository.http.RDFSchemaHTTPRepositoryConnectionTest" name="testLiteralSerialization" time="0.001">
    <error message="org/mortbay/jetty/Connector" type="java.lang.NoClassDefFoundError">java.lang.NoClassDefFoundError: org/mortbay/jetty/Connector
	at org.openrdf.repository.http.RDFSchemaHTTPRepositoryConnectionTest.setUp(RDFSchemaHTTPRepositoryConnectionTest.java:38)
	at sun.reflect.GeneratedMethodAccessor3.invoke(Unknown Source)
	at sun.reflect.DelegatingMethodAccessorImpl.invoke(DelegatingMethodAccessorImpl.java:43)
	at java.lang.reflect.Method.invoke(Method.java:483)
	at org.junit.runners.model.FrameworkMethod$1.runReflectiveCall(FrameworkMethod.java:47)
	at org.junit.internal.runners.model.ReflectiveCallable.run(ReflectiveCallable.java:12)
	at org.junit.runners.model.FrameworkMethod.invokeExplosively(FrameworkMethod.java:44)
	at org.junit.internal.runners.statements.RunBefores.evaluate(RunBefores.java:24)
	at org.junit.internal.runners.statements.RunAfters.evaluate(RunAfters.java:27)
	at org.junit.internal.runners.statements.FailOnTimeout$StatementThread.run(FailOnTimeout.java:74)
Caused by: java.lang.ClassNotFoundException: org.mortbay.jetty.Connector
	at java.net.URLClassLoader$1.run(URLClassLoader.java:372)
	at java.net.URLClassLoader$1.run(URLClassLoader.java:361)
	at java.security.AccessController.doPrivileged(Native Method)
	at java.net.URLClassLoader.findClass(URLClassLoader.java:360)
	at java.lang.ClassLoader.loadClass(ClassLoader.java:424)
	at sun.misc.Launcher$AppClassLoader.loadClass(Launcher.java:308)
	at java.lang.ClassLoader.loadClass(ClassLoader.java:357)
	... 10 more
</error>
  </testcase>
  <testcase classname="org.openrdf.repository.http.RDFSchemaHTTPRepositoryConnectionTest" name="testLiteralSerialization" time="0.001">
    <error type="java.lang.NullPointerException">java.lang.NullPointerException
	at org.openrdf.repository.RepositoryConnectionTest.tearDown(RepositoryConnectionTest.java:233)
	at org.openrdf.repository.http.RDFSchemaHTTPRepositoryConnectionTest.tearDown(RDFSchemaHTTPRepositoryConnectionTest.java:53)
	at sun.reflect.GeneratedMethodAccessor4.invoke(Unknown Source)
	at sun.reflect.DelegatingMethodAccessorImpl.invoke(DelegatingMethodAccessorImpl.java:43)
	at java.lang.reflect.Method.invoke(Method.java:483)
	at org.junit.runners.model.FrameworkMethod$1.runReflectiveCall(FrameworkMethod.java:47)
	at org.junit.internal.runners.model.ReflectiveCallable.run(ReflectiveCallable.java:12)
	at org.junit.runners.model.FrameworkMethod.invokeExplosively(FrameworkMethod.java:44)
	at org.junit.internal.runners.statements.RunAfters.evaluate(RunAfters.java:33)
	at org.junit.internal.runners.statements.FailOnTimeout$StatementThread.run(FailOnTimeout.java:74)
</error>
  </testcase>
  <testcase classname="org.openrdf.repository.http.RDFSchemaHTTPRepositoryConnectionTest" name="testPreparedGraphQuery" time="0.002">
    <error message="org/mortbay/jetty/Connector" type="java.lang.NoClassDefFoundError">java.lang.NoClassDefFoundError: org/mortbay/jetty/Connector
	at org.openrdf.repository.http.RDFSchemaHTTPRepositoryConnectionTest.setUp(RDFSchemaHTTPRepositoryConnectionTest.java:38)
	at sun.reflect.GeneratedMethodAccessor3.invoke(Unknown Source)
	at sun.reflect.DelegatingMethodAccessorImpl.invoke(DelegatingMethodAccessorImpl.java:43)
	at java.lang.reflect.Method.invoke(Method.java:483)
	at org.junit.runners.model.FrameworkMethod$1.runReflectiveCall(FrameworkMethod.java:47)
	at org.junit.internal.runners.model.ReflectiveCallable.run(ReflectiveCallable.java:12)
	at org.junit.runners.model.FrameworkMethod.invokeExplosively(FrameworkMethod.java:44)
	at org.junit.internal.runners.statements.RunBefores.evaluate(RunBefores.java:24)
	at org.junit.internal.runners.statements.RunAfters.evaluate(RunAfters.java:27)
	at org.junit.internal.runners.statements.FailOnTimeout$StatementThread.run(FailOnTimeout.java:74)
Caused by: java.lang.ClassNotFoundException: org.mortbay.jetty.Connector
	at java.net.URLClassLoader$1.run(URLClassLoader.java:372)
	at java.net.URLClassLoader$1.run(URLClassLoader.java:361)
	at java.security.AccessController.doPrivileged(Native Method)
	at java.net.URLClassLoader.findClass(URLClassLoader.java:360)
	at java.lang.ClassLoader.loadClass(ClassLoader.java:424)
	at sun.misc.Launcher$AppClassLoader.loadClass(Launcher.java:308)
	at java.lang.ClassLoader.loadClass(ClassLoader.java:357)
	... 10 more
</error>
  </testcase>
  <testcase classname="org.openrdf.repository.http.RDFSchemaHTTPRepositoryConnectionTest" name="testPreparedGraphQuery" time="0.002">
    <error type="java.lang.NullPointerException">java.lang.NullPointerException
	at org.openrdf.repository.RepositoryConnectionTest.tearDown(RepositoryConnectionTest.java:233)
	at org.openrdf.repository.http.RDFSchemaHTTPRepositoryConnectionTest.tearDown(RDFSchemaHTTPRepositoryConnectionTest.java:53)
	at sun.reflect.GeneratedMethodAccessor4.invoke(Unknown Source)
	at sun.reflect.DelegatingMethodAccessorImpl.invoke(DelegatingMethodAccessorImpl.java:43)
	at java.lang.reflect.Method.invoke(Method.java:483)
	at org.junit.runners.model.FrameworkMethod$1.runReflectiveCall(FrameworkMethod.java:47)
	at org.junit.internal.runners.model.ReflectiveCallable.run(ReflectiveCallable.java:12)
	at org.junit.runners.model.FrameworkMethod.invokeExplosively(FrameworkMethod.java:44)
	at org.junit.internal.runners.statements.RunAfters.evaluate(RunAfters.java:33)
	at org.junit.internal.runners.statements.FailOnTimeout$StatementThread.run(FailOnTimeout.java:74)
</error>
  </testcase>
  <testcase classname="org.openrdf.repository.http.RDFSchemaHTTPRepositoryConnectionTest" name="testQueryDefaultGraph" time="0.003">
    <error message="org/mortbay/jetty/Connector" type="java.lang.NoClassDefFoundError">java.lang.NoClassDefFoundError: org/mortbay/jetty/Connector
	at org.openrdf.repository.http.RDFSchemaHTTPRepositoryConnectionTest.setUp(RDFSchemaHTTPRepositoryConnectionTest.java:38)
	at sun.reflect.GeneratedMethodAccessor3.invoke(Unknown Source)
	at sun.reflect.DelegatingMethodAccessorImpl.invoke(DelegatingMethodAccessorImpl.java:43)
	at java.lang.reflect.Method.invoke(Method.java:483)
	at org.junit.runners.model.FrameworkMethod$1.runReflectiveCall(FrameworkMethod.java:47)
	at org.junit.internal.runners.model.ReflectiveCallable.run(ReflectiveCallable.java:12)
	at org.junit.runners.model.FrameworkMethod.invokeExplosively(FrameworkMethod.java:44)
	at org.junit.internal.runners.statements.RunBefores.evaluate(RunBefores.java:24)
	at org.junit.internal.runners.statements.RunAfters.evaluate(RunAfters.java:27)
	at org.junit.internal.runners.statements.FailOnTimeout$StatementThread.run(FailOnTimeout.java:74)
Caused by: java.lang.ClassNotFoundException: org.mortbay.jetty.Connector
	at java.net.URLClassLoader$1.run(URLClassLoader.java:372)
	at java.net.URLClassLoader$1.run(URLClassLoader.java:361)
	at java.security.AccessController.doPrivileged(Native Method)
	at java.net.URLClassLoader.findClass(URLClassLoader.java:360)
	at java.lang.ClassLoader.loadClass(ClassLoader.java:424)
	at sun.misc.Launcher$AppClassLoader.loadClass(Launcher.java:308)
	at java.lang.ClassLoader.loadClass(ClassLoader.java:357)
	... 10 more
</error>
  </testcase>
  <testcase classname="org.openrdf.repository.http.RDFSchemaHTTPRepositoryConnectionTest" name="testQueryDefaultGraph" time="0.003">
    <error type="java.lang.NullPointerException">java.lang.NullPointerException
	at org.openrdf.repository.RepositoryConnectionTest.tearDown(RepositoryConnectionTest.java:233)
	at org.openrdf.repository.http.RDFSchemaHTTPRepositoryConnectionTest.tearDown(RDFSchemaHTTPRepositoryConnectionTest.java:53)
	at sun.reflect.GeneratedMethodAccessor4.invoke(Unknown Source)
	at sun.reflect.DelegatingMethodAccessorImpl.invoke(DelegatingMethodAccessorImpl.java:43)
	at java.lang.reflect.Method.invoke(Method.java:483)
	at org.junit.runners.model.FrameworkMethod$1.runReflectiveCall(FrameworkMethod.java:47)
	at org.junit.internal.runners.model.ReflectiveCallable.run(ReflectiveCallable.java:12)
	at org.junit.runners.model.FrameworkMethod.invokeExplosively(FrameworkMethod.java:44)
	at org.junit.internal.runners.statements.RunAfters.evaluate(RunAfters.java:33)
	at org.junit.internal.runners.statements.FailOnTimeout$StatementThread.run(FailOnTimeout.java:74)
</error>
  </testcase>
  <testcase classname="org.openrdf.repository.http.RDFSchemaHTTPRepositoryConnectionTest" name="testSimpleTupleQuery" time="0.002">
    <error message="org/mortbay/jetty/Connector" type="java.lang.NoClassDefFoundError">java.lang.NoClassDefFoundError: org/mortbay/jetty/Connector
	at org.openrdf.repository.http.RDFSchemaHTTPRepositoryConnectionTest.setUp(RDFSchemaHTTPRepositoryConnectionTest.java:38)
	at sun.reflect.GeneratedMethodAccessor3.invoke(Unknown Source)
	at sun.reflect.DelegatingMethodAccessorImpl.invoke(DelegatingMethodAccessorImpl.java:43)
	at java.lang.reflect.Method.invoke(Method.java:483)
	at org.junit.runners.model.FrameworkMethod$1.runReflectiveCall(FrameworkMethod.java:47)
	at org.junit.internal.runners.model.ReflectiveCallable.run(ReflectiveCallable.java:12)
	at org.junit.runners.model.FrameworkMethod.invokeExplosively(FrameworkMethod.java:44)
	at org.junit.internal.runners.statements.RunBefores.evaluate(RunBefores.java:24)
	at org.junit.internal.runners.statements.RunAfters.evaluate(RunAfters.java:27)
	at org.junit.internal.runners.statements.FailOnTimeout$StatementThread.run(FailOnTimeout.java:74)
Caused by: java.lang.ClassNotFoundException: org.mortbay.jetty.Connector
	at java.net.URLClassLoader$1.run(URLClassLoader.java:372)
	at java.net.URLClassLoader$1.run(URLClassLoader.java:361)
	at java.security.AccessController.doPrivileged(Native Method)
	at java.net.URLClassLoader.findClass(URLClassLoader.java:360)
	at java.lang.ClassLoader.loadClass(ClassLoader.java:424)
	at sun.misc.Launcher$AppClassLoader.loadClass(Launcher.java:308)
	at java.lang.ClassLoader.loadClass(ClassLoader.java:357)
	... 10 more
</error>
  </testcase>
  <testcase classname="org.openrdf.repository.http.RDFSchemaHTTPRepositoryConnectionTest" name="testSimpleTupleQuery" time="0.002">
    <error type="java.lang.NullPointerException">java.lang.NullPointerException
	at org.openrdf.repository.RepositoryConnectionTest.tearDown(RepositoryConnectionTest.java:233)
	at org.openrdf.repository.http.RDFSchemaHTTPRepositoryConnectionTest.tearDown(RDFSchemaHTTPRepositoryConnectionTest.java:53)
	at sun.reflect.GeneratedMethodAccessor4.invoke(Unknown Source)
	at sun.reflect.DelegatingMethodAccessorImpl.invoke(DelegatingMethodAccessorImpl.java:43)
	at java.lang.reflect.Method.invoke(Method.java:483)
	at org.junit.runners.model.FrameworkMethod$1.runReflectiveCall(FrameworkMethod.java:47)
	at org.junit.internal.runners.model.ReflectiveCallable.run(ReflectiveCallable.java:12)
	at org.junit.runners.model.FrameworkMethod.invokeExplosively(FrameworkMethod.java:44)
	at org.junit.internal.runners.statements.RunAfters.evaluate(RunAfters.java:33)
	at org.junit.internal.runners.statements.FailOnTimeout$StatementThread.run(FailOnTimeout.java:74)
</error>
  </testcase>
  <testcase classname="org.openrdf.repository.http.RDFSchemaHTTPRepositoryConnectionTest" name="testBNodeSerialization" time="0.002">
    <error message="org/mortbay/jetty/Connector" type="java.lang.NoClassDefFoundError">java.lang.NoClassDefFoundError: org/mortbay/jetty/Connector
	at org.openrdf.repository.http.RDFSchemaHTTPRepositoryConnectionTest.setUp(RDFSchemaHTTPRepositoryConnectionTest.java:38)
	at sun.reflect.GeneratedMethodAccessor3.invoke(Unknown Source)
	at sun.reflect.DelegatingMethodAccessorImpl.invoke(DelegatingMethodAccessorImpl.java:43)
	at java.lang.reflect.Method.invoke(Method.java:483)
	at org.junit.runners.model.FrameworkMethod$1.runReflectiveCall(FrameworkMethod.java:47)
	at org.junit.internal.runners.model.ReflectiveCallable.run(ReflectiveCallable.java:12)
	at org.junit.runners.model.FrameworkMethod.invokeExplosively(FrameworkMethod.java:44)
	at org.junit.internal.runners.statements.RunBefores.evaluate(RunBefores.java:24)
	at org.junit.internal.runners.statements.RunAfters.evaluate(RunAfters.java:27)
	at org.junit.internal.runners.statements.FailOnTimeout$StatementThread.run(FailOnTimeout.java:74)
Caused by: java.lang.ClassNotFoundException: org.mortbay.jetty.Connector
	at java.net.URLClassLoader$1.run(URLClassLoader.java:372)
	at java.net.URLClassLoader$1.run(URLClassLoader.java:361)
	at java.security.AccessController.doPrivileged(Native Method)
	at java.net.URLClassLoader.findClass(URLClassLoader.java:360)
	at java.lang.ClassLoader.loadClass(ClassLoader.java:424)
	at sun.misc.Launcher$AppClassLoader.loadClass(Launcher.java:308)
	at java.lang.ClassLoader.loadClass(ClassLoader.java:357)
	... 10 more
</error>
  </testcase>
  <testcase classname="org.openrdf.repository.http.RDFSchemaHTTPRepositoryConnectionTest" name="testBNodeSerialization" time="0.002">
    <error type="java.lang.NullPointerException">java.lang.NullPointerException
	at org.openrdf.repository.RepositoryConnectionTest.tearDown(RepositoryConnectionTest.java:233)
	at org.openrdf.repository.http.RDFSchemaHTTPRepositoryConnectionTest.tearDown(RDFSchemaHTTPRepositoryConnectionTest.java:53)
	at sun.reflect.GeneratedMethodAccessor4.invoke(Unknown Source)
	at sun.reflect.DelegatingMethodAccessorImpl.invoke(DelegatingMethodAccessorImpl.java:43)
	at java.lang.reflect.Method.invoke(Method.java:483)
	at org.junit.runners.model.FrameworkMethod$1.runReflectiveCall(FrameworkMethod.java:47)
	at org.junit.internal.runners.model.ReflectiveCallable.run(ReflectiveCallable.java:12)
	at org.junit.runners.model.FrameworkMethod.invokeExplosively(FrameworkMethod.java:44)
	at org.junit.internal.runners.statements.RunAfters.evaluate(RunAfters.java:33)
	at org.junit.internal.runners.statements.FailOnTimeout$StatementThread.run(FailOnTimeout.java:74)
</error>
  </testcase>
  <testcase classname="org.openrdf.repository.http.RDFSchemaHTTPRepositoryConnectionTest" name="testGetStatementsMalformedLanguageLiteral" time="0.002">
    <error message="org/mortbay/jetty/Connector" type="java.lang.NoClassDefFoundError">java.lang.NoClassDefFoundError: org/mortbay/jetty/Connector
	at org.openrdf.repository.http.RDFSchemaHTTPRepositoryConnectionTest.setUp(RDFSchemaHTTPRepositoryConnectionTest.java:38)
	at sun.reflect.GeneratedMethodAccessor3.invoke(Unknown Source)
	at sun.reflect.DelegatingMethodAccessorImpl.invoke(DelegatingMethodAccessorImpl.java:43)
	at java.lang.reflect.Method.invoke(Method.java:483)
	at org.junit.runners.model.FrameworkMethod$1.runReflectiveCall(FrameworkMethod.java:47)
	at org.junit.internal.runners.model.ReflectiveCallable.run(ReflectiveCallable.java:12)
	at org.junit.runners.model.FrameworkMethod.invokeExplosively(FrameworkMethod.java:44)
	at org.junit.internal.runners.statements.RunBefores.evaluate(RunBefores.java:24)
	at org.junit.internal.runners.statements.RunAfters.evaluate(RunAfters.java:27)
	at org.junit.internal.runners.statements.FailOnTimeout$StatementThread.run(FailOnTimeout.java:74)
Caused by: java.lang.ClassNotFoundException: org.mortbay.jetty.Connector
	at java.net.URLClassLoader$1.run(URLClassLoader.java:372)
	at java.net.URLClassLoader$1.run(URLClassLoader.java:361)
	at java.security.AccessController.doPrivileged(Native Method)
	at java.net.URLClassLoader.findClass(URLClassLoader.java:360)
	at java.lang.ClassLoader.loadClass(ClassLoader.java:424)
	at sun.misc.Launcher$AppClassLoader.loadClass(Launcher.java:308)
	at java.lang.ClassLoader.loadClass(ClassLoader.java:357)
	... 10 more
</error>
  </testcase>
  <testcase classname="org.openrdf.repository.http.RDFSchemaHTTPRepositoryConnectionTest" name="testGetStatementsMalformedLanguageLiteral" time="0.002">
    <error type="java.lang.NullPointerException">java.lang.NullPointerException
	at org.openrdf.repository.RepositoryConnectionTest.tearDown(RepositoryConnectionTest.java:233)
	at org.openrdf.repository.http.RDFSchemaHTTPRepositoryConnectionTest.tearDown(RDFSchemaHTTPRepositoryConnectionTest.java:53)
	at sun.reflect.GeneratedMethodAccessor4.invoke(Unknown Source)
	at sun.reflect.DelegatingMethodAccessorImpl.invoke(DelegatingMethodAccessorImpl.java:43)
	at java.lang.reflect.Method.invoke(Method.java:483)
	at org.junit.runners.model.FrameworkMethod$1.runReflectiveCall(FrameworkMethod.java:47)
	at org.junit.internal.runners.model.ReflectiveCallable.run(ReflectiveCallable.java:12)
	at org.junit.runners.model.FrameworkMethod.invokeExplosively(FrameworkMethod.java:44)
	at org.junit.internal.runners.statements.RunAfters.evaluate(RunAfters.java:33)
	at org.junit.internal.runners.statements.FailOnTimeout$StatementThread.run(FailOnTimeout.java:74)
</error>
  </testcase>
  <testcase classname="org.openrdf.repository.http.RDFSchemaHTTPRepositoryConnectionTest" name="testRecoverFromParseError" time="0.002">
    <error message="org/mortbay/jetty/Connector" type="java.lang.NoClassDefFoundError">java.lang.NoClassDefFoundError: org/mortbay/jetty/Connector
	at org.openrdf.repository.http.RDFSchemaHTTPRepositoryConnectionTest.setUp(RDFSchemaHTTPRepositoryConnectionTest.java:38)
	at sun.reflect.GeneratedMethodAccessor3.invoke(Unknown Source)
	at sun.reflect.DelegatingMethodAccessorImpl.invoke(DelegatingMethodAccessorImpl.java:43)
	at java.lang.reflect.Method.invoke(Method.java:483)
	at org.junit.runners.model.FrameworkMethod$1.runReflectiveCall(FrameworkMethod.java:47)
	at org.junit.internal.runners.model.ReflectiveCallable.run(ReflectiveCallable.java:12)
	at org.junit.runners.model.FrameworkMethod.invokeExplosively(FrameworkMethod.java:44)
	at org.junit.internal.runners.statements.RunBefores.evaluate(RunBefores.java:24)
	at org.junit.internal.runners.statements.RunAfters.evaluate(RunAfters.java:27)
	at org.junit.internal.runners.statements.FailOnTimeout$StatementThread.run(FailOnTimeout.java:74)
Caused by: java.lang.ClassNotFoundException: org.mortbay.jetty.Connector
	at java.net.URLClassLoader$1.run(URLClassLoader.java:372)
	at java.net.URLClassLoader$1.run(URLClassLoader.java:361)
	at java.security.AccessController.doPrivileged(Native Method)
	at java.net.URLClassLoader.findClass(URLClassLoader.java:360)
	at java.lang.ClassLoader.loadClass(ClassLoader.java:424)
	at sun.misc.Launcher$AppClassLoader.loadClass(Launcher.java:308)
	at java.lang.ClassLoader.loadClass(ClassLoader.java:357)
	... 10 more
</error>
  </testcase>
  <testcase classname="org.openrdf.repository.http.RDFSchemaHTTPRepositoryConnectionTest" name="testRecoverFromParseError" time="0.002">
    <error type="java.lang.NullPointerException">java.lang.NullPointerException
	at org.openrdf.repository.RepositoryConnectionTest.tearDown(RepositoryConnectionTest.java:233)
	at org.openrdf.repository.http.RDFSchemaHTTPRepositoryConnectionTest.tearDown(RDFSchemaHTTPRepositoryConnectionTest.java:53)
	at sun.reflect.GeneratedMethodAccessor4.invoke(Unknown Source)
	at sun.reflect.DelegatingMethodAccessorImpl.invoke(DelegatingMethodAccessorImpl.java:43)
	at java.lang.reflect.Method.invoke(Method.java:483)
	at org.junit.runners.model.FrameworkMethod$1.runReflectiveCall(FrameworkMethod.java:47)
	at org.junit.internal.runners.model.ReflectiveCallable.run(ReflectiveCallable.java:12)
	at org.junit.runners.model.FrameworkMethod.invokeExplosively(FrameworkMethod.java:44)
	at org.junit.internal.runners.statements.RunAfters.evaluate(RunAfters.java:33)
	at org.junit.internal.runners.statements.FailOnTimeout$StatementThread.run(FailOnTimeout.java:74)
</error>
  </testcase>
  <testcase classname="org.openrdf.repository.http.RDFSchemaHTTPRepositoryConnectionTest" name="testAddLiteralWithNewline" time="0.003">
    <error message="org/mortbay/jetty/Connector" type="java.lang.NoClassDefFoundError">java.lang.NoClassDefFoundError: org/mortbay/jetty/Connector
	at org.openrdf.repository.http.RDFSchemaHTTPRepositoryConnectionTest.setUp(RDFSchemaHTTPRepositoryConnectionTest.java:38)
	at sun.reflect.GeneratedMethodAccessor3.invoke(Unknown Source)
	at sun.reflect.DelegatingMethodAccessorImpl.invoke(DelegatingMethodAccessorImpl.java:43)
	at java.lang.reflect.Method.invoke(Method.java:483)
	at org.junit.runners.model.FrameworkMethod$1.runReflectiveCall(FrameworkMethod.java:47)
	at org.junit.internal.runners.model.ReflectiveCallable.run(ReflectiveCallable.java:12)
	at org.junit.runners.model.FrameworkMethod.invokeExplosively(FrameworkMethod.java:44)
	at org.junit.internal.runners.statements.RunBefores.evaluate(RunBefores.java:24)
	at org.junit.internal.runners.statements.RunAfters.evaluate(RunAfters.java:27)
	at org.junit.internal.runners.statements.FailOnTimeout$StatementThread.run(FailOnTimeout.java:74)
Caused by: java.lang.ClassNotFoundException: org.mortbay.jetty.Connector
	at java.net.URLClassLoader$1.run(URLClassLoader.java:372)
	at java.net.URLClassLoader$1.run(URLClassLoader.java:361)
	at java.security.AccessController.doPrivileged(Native Method)
	at java.net.URLClassLoader.findClass(URLClassLoader.java:360)
	at java.lang.ClassLoader.loadClass(ClassLoader.java:424)
	at sun.misc.Launcher$AppClassLoader.loadClass(Launcher.java:308)
	at java.lang.ClassLoader.loadClass(ClassLoader.java:357)
	... 10 more
</error>
  </testcase>
  <testcase classname="org.openrdf.repository.http.RDFSchemaHTTPRepositoryConnectionTest" name="testAddLiteralWithNewline" time="0.003">
    <error type="java.lang.NullPointerException">java.lang.NullPointerException
	at org.openrdf.repository.RepositoryConnectionTest.tearDown(RepositoryConnectionTest.java:233)
	at org.openrdf.repository.http.RDFSchemaHTTPRepositoryConnectionTest.tearDown(RDFSchemaHTTPRepositoryConnectionTest.java:53)
	at sun.reflect.GeneratedMethodAccessor4.invoke(Unknown Source)
	at sun.reflect.DelegatingMethodAccessorImpl.invoke(DelegatingMethodAccessorImpl.java:43)
	at java.lang.reflect.Method.invoke(Method.java:483)
	at org.junit.runners.model.FrameworkMethod$1.runReflectiveCall(FrameworkMethod.java:47)
	at org.junit.internal.runners.model.ReflectiveCallable.run(ReflectiveCallable.java:12)
	at org.junit.runners.model.FrameworkMethod.invokeExplosively(FrameworkMethod.java:44)
	at org.junit.internal.runners.statements.RunAfters.evaluate(RunAfters.java:33)
	at org.junit.internal.runners.statements.FailOnTimeout$StatementThread.run(FailOnTimeout.java:74)
</error>
  </testcase>
  <testcase classname="org.openrdf.repository.http.RDFSchemaHTTPRepositoryConnectionTest" name="testRemoveStatementIteration" time="0.002">
    <error message="org/mortbay/jetty/Connector" type="java.lang.NoClassDefFoundError">java.lang.NoClassDefFoundError: org/mortbay/jetty/Connector
	at org.openrdf.repository.http.RDFSchemaHTTPRepositoryConnectionTest.setUp(RDFSchemaHTTPRepositoryConnectionTest.java:38)
	at sun.reflect.GeneratedMethodAccessor3.invoke(Unknown Source)
	at sun.reflect.DelegatingMethodAccessorImpl.invoke(DelegatingMethodAccessorImpl.java:43)
	at java.lang.reflect.Method.invoke(Method.java:483)
	at org.junit.runners.model.FrameworkMethod$1.runReflectiveCall(FrameworkMethod.java:47)
	at org.junit.internal.runners.model.ReflectiveCallable.run(ReflectiveCallable.java:12)
	at org.junit.runners.model.FrameworkMethod.invokeExplosively(FrameworkMethod.java:44)
	at org.junit.internal.runners.statements.RunBefores.evaluate(RunBefores.java:24)
	at org.junit.internal.runners.statements.RunAfters.evaluate(RunAfters.java:27)
	at org.junit.internal.runners.statements.FailOnTimeout$StatementThread.run(FailOnTimeout.java:74)
Caused by: java.lang.ClassNotFoundException: org.mortbay.jetty.Connector
	at java.net.URLClassLoader$1.run(URLClassLoader.java:372)
	at java.net.URLClassLoader$1.run(URLClassLoader.java:361)
	at java.security.AccessController.doPrivileged(Native Method)
	at java.net.URLClassLoader.findClass(URLClassLoader.java:360)
	at java.lang.ClassLoader.loadClass(ClassLoader.java:424)
	at sun.misc.Launcher$AppClassLoader.loadClass(Launcher.java:308)
	at java.lang.ClassLoader.loadClass(ClassLoader.java:357)
	... 10 more
</error>
  </testcase>
  <testcase classname="org.openrdf.repository.http.RDFSchemaHTTPRepositoryConnectionTest" name="testRemoveStatementIteration" time="0.002">
    <error type="java.lang.NullPointerException">java.lang.NullPointerException
	at org.openrdf.repository.RepositoryConnectionTest.tearDown(RepositoryConnectionTest.java:233)
	at org.openrdf.repository.http.RDFSchemaHTTPRepositoryConnectionTest.tearDown(RDFSchemaHTTPRepositoryConnectionTest.java:53)
	at sun.reflect.GeneratedMethodAccessor4.invoke(Unknown Source)
	at sun.reflect.DelegatingMethodAccessorImpl.invoke(DelegatingMethodAccessorImpl.java:43)
	at java.lang.reflect.Method.invoke(Method.java:483)
	at org.junit.runners.model.FrameworkMethod$1.runReflectiveCall(FrameworkMethod.java:47)
	at org.junit.internal.runners.model.ReflectiveCallable.run(ReflectiveCallable.java:12)
	at org.junit.runners.model.FrameworkMethod.invokeExplosively(FrameworkMethod.java:44)
	at org.junit.internal.runners.statements.RunAfters.evaluate(RunAfters.java:33)
	at org.junit.internal.runners.statements.FailOnTimeout$StatementThread.run(FailOnTimeout.java:74)
</error>
  </testcase>
  <testcase classname="org.openrdf.repository.http.RDFSchemaHTTPRepositoryConnectionTest" name="testRemoveStatements" time="0.002">
    <error message="org/mortbay/jetty/Connector" type="java.lang.NoClassDefFoundError">java.lang.NoClassDefFoundError: org/mortbay/jetty/Connector
	at org.openrdf.repository.http.RDFSchemaHTTPRepositoryConnectionTest.setUp(RDFSchemaHTTPRepositoryConnectionTest.java:38)
	at sun.reflect.GeneratedMethodAccessor3.invoke(Unknown Source)
	at sun.reflect.DelegatingMethodAccessorImpl.invoke(DelegatingMethodAccessorImpl.java:43)
	at java.lang.reflect.Method.invoke(Method.java:483)
	at org.junit.runners.model.FrameworkMethod$1.runReflectiveCall(FrameworkMethod.java:47)
	at org.junit.internal.runners.model.ReflectiveCallable.run(ReflectiveCallable.java:12)
	at org.junit.runners.model.FrameworkMethod.invokeExplosively(FrameworkMethod.java:44)
	at org.junit.internal.runners.statements.RunBefores.evaluate(RunBefores.java:24)
	at org.junit.internal.runners.statements.RunAfters.evaluate(RunAfters.java:27)
	at org.junit.internal.runners.statements.FailOnTimeout$StatementThread.run(FailOnTimeout.java:74)
Caused by: java.lang.ClassNotFoundException: org.mortbay.jetty.Connector
	at java.net.URLClassLoader$1.run(URLClassLoader.java:372)
	at java.net.URLClassLoader$1.run(URLClassLoader.java:361)
	at java.security.AccessController.doPrivileged(Native Method)
	at java.net.URLClassLoader.findClass(URLClassLoader.java:360)
	at java.lang.ClassLoader.loadClass(ClassLoader.java:424)
	at sun.misc.Launcher$AppClassLoader.loadClass(Launcher.java:308)
	at java.lang.ClassLoader.loadClass(ClassLoader.java:357)
	... 10 more
</error>
  </testcase>
  <testcase classname="org.openrdf.repository.http.RDFSchemaHTTPRepositoryConnectionTest" name="testRemoveStatements" time="0.002">
    <error type="java.lang.NullPointerException">java.lang.NullPointerException
	at org.openrdf.repository.RepositoryConnectionTest.tearDown(RepositoryConnectionTest.java:233)
	at org.openrdf.repository.http.RDFSchemaHTTPRepositoryConnectionTest.tearDown(RDFSchemaHTTPRepositoryConnectionTest.java:53)
	at sun.reflect.GeneratedMethodAccessor4.invoke(Unknown Source)
	at sun.reflect.DelegatingMethodAccessorImpl.invoke(DelegatingMethodAccessorImpl.java:43)
	at java.lang.reflect.Method.invoke(Method.java:483)
	at org.junit.runners.model.FrameworkMethod$1.runReflectiveCall(FrameworkMethod.java:47)
	at org.junit.internal.runners.model.ReflectiveCallable.run(ReflectiveCallable.java:12)
	at org.junit.runners.model.FrameworkMethod.invokeExplosively(FrameworkMethod.java:44)
	at org.junit.internal.runners.statements.RunAfters.evaluate(RunAfters.java:33)
	at org.junit.internal.runners.statements.FailOnTimeout$StatementThread.run(FailOnTimeout.java:74)
</error>
  </testcase>
  <testcase classname="org.openrdf.repository.http.RDFSchemaHTTPRepositoryConnectionTest" name="testGetStatementsInMultipleContexts" time="0.002">
    <error message="org/mortbay/jetty/Connector" type="java.lang.NoClassDefFoundError">java.lang.NoClassDefFoundError: org/mortbay/jetty/Connector
	at org.openrdf.repository.http.RDFSchemaHTTPRepositoryConnectionTest.setUp(RDFSchemaHTTPRepositoryConnectionTest.java:38)
	at sun.reflect.GeneratedMethodAccessor3.invoke(Unknown Source)
	at sun.reflect.DelegatingMethodAccessorImpl.invoke(DelegatingMethodAccessorImpl.java:43)
	at java.lang.reflect.Method.invoke(Method.java:483)
	at org.junit.runners.model.FrameworkMethod$1.runReflectiveCall(FrameworkMethod.java:47)
	at org.junit.internal.runners.model.ReflectiveCallable.run(ReflectiveCallable.java:12)
	at org.junit.runners.model.FrameworkMethod.invokeExplosively(FrameworkMethod.java:44)
	at org.junit.internal.runners.statements.RunBefores.evaluate(RunBefores.java:24)
	at org.junit.internal.runners.statements.RunAfters.evaluate(RunAfters.java:27)
	at org.junit.internal.runners.statements.FailOnTimeout$StatementThread.run(FailOnTimeout.java:74)
Caused by: java.lang.ClassNotFoundException: org.mortbay.jetty.Connector
	at java.net.URLClassLoader$1.run(URLClassLoader.java:372)
	at java.net.URLClassLoader$1.run(URLClassLoader.java:361)
	at java.security.AccessController.doPrivileged(Native Method)
	at java.net.URLClassLoader.findClass(URLClassLoader.java:360)
	at java.lang.ClassLoader.loadClass(ClassLoader.java:424)
	at sun.misc.Launcher$AppClassLoader.loadClass(Launcher.java:308)
	at java.lang.ClassLoader.loadClass(ClassLoader.java:357)
	... 10 more
</error>
  </testcase>
  <testcase classname="org.openrdf.repository.http.RDFSchemaHTTPRepositoryConnectionTest" name="testGetStatementsInMultipleContexts" time="0.002">
    <error type="java.lang.NullPointerException">java.lang.NullPointerException
	at org.openrdf.repository.RepositoryConnectionTest.tearDown(RepositoryConnectionTest.java:233)
	at org.openrdf.repository.http.RDFSchemaHTTPRepositoryConnectionTest.tearDown(RDFSchemaHTTPRepositoryConnectionTest.java:53)
	at sun.reflect.GeneratedMethodAccessor4.invoke(Unknown Source)
	at sun.reflect.DelegatingMethodAccessorImpl.invoke(DelegatingMethodAccessorImpl.java:43)
	at java.lang.reflect.Method.invoke(Method.java:483)
	at org.junit.runners.model.FrameworkMethod$1.runReflectiveCall(FrameworkMethod.java:47)
	at org.junit.internal.runners.model.ReflectiveCallable.run(ReflectiveCallable.java:12)
	at org.junit.runners.model.FrameworkMethod.invokeExplosively(FrameworkMethod.java:44)
	at org.junit.internal.runners.statements.RunAfters.evaluate(RunAfters.java:33)
	at org.junit.internal.runners.statements.FailOnTimeout$StatementThread.run(FailOnTimeout.java:74)
</error>
  </testcase>
  <testcase classname="org.openrdf.repository.http.RDFSchemaHTTPRepositoryConnectionTest" name="testPreparedBooleanQuery" time="0.002">
    <error message="org/mortbay/jetty/Connector" type="java.lang.NoClassDefFoundError">java.lang.NoClassDefFoundError: org/mortbay/jetty/Connector
	at org.openrdf.repository.http.RDFSchemaHTTPRepositoryConnectionTest.setUp(RDFSchemaHTTPRepositoryConnectionTest.java:38)
	at sun.reflect.GeneratedMethodAccessor3.invoke(Unknown Source)
	at sun.reflect.DelegatingMethodAccessorImpl.invoke(DelegatingMethodAccessorImpl.java:43)
	at java.lang.reflect.Method.invoke(Method.java:483)
	at org.junit.runners.model.FrameworkMethod$1.runReflectiveCall(FrameworkMethod.java:47)
	at org.junit.internal.runners.model.ReflectiveCallable.run(ReflectiveCallable.java:12)
	at org.junit.runners.model.FrameworkMethod.invokeExplosively(FrameworkMethod.java:44)
	at org.junit.internal.runners.statements.RunBefores.evaluate(RunBefores.java:24)
	at org.junit.internal.runners.statements.RunAfters.evaluate(RunAfters.java:27)
	at org.junit.internal.runners.statements.FailOnTimeout$StatementThread.run(FailOnTimeout.java:74)
Caused by: java.lang.ClassNotFoundException: org.mortbay.jetty.Connector
	at java.net.URLClassLoader$1.run(URLClassLoader.java:372)
	at java.net.URLClassLoader$1.run(URLClassLoader.java:361)
	at java.security.AccessController.doPrivileged(Native Method)
	at java.net.URLClassLoader.findClass(URLClassLoader.java:360)
	at java.lang.ClassLoader.loadClass(ClassLoader.java:424)
	at sun.misc.Launcher$AppClassLoader.loadClass(Launcher.java:308)
	at java.lang.ClassLoader.loadClass(ClassLoader.java:357)
	... 10 more
</error>
  </testcase>
  <testcase classname="org.openrdf.repository.http.RDFSchemaHTTPRepositoryConnectionTest" name="testPreparedBooleanQuery" time="0.002">
    <error type="java.lang.NullPointerException">java.lang.NullPointerException
	at org.openrdf.repository.RepositoryConnectionTest.tearDown(RepositoryConnectionTest.java:233)
	at org.openrdf.repository.http.RDFSchemaHTTPRepositoryConnectionTest.tearDown(RDFSchemaHTTPRepositoryConnectionTest.java:53)
	at sun.reflect.GeneratedMethodAccessor4.invoke(Unknown Source)
	at sun.reflect.DelegatingMethodAccessorImpl.invoke(DelegatingMethodAccessorImpl.java:43)
	at java.lang.reflect.Method.invoke(Method.java:483)
	at org.junit.runners.model.FrameworkMethod$1.runReflectiveCall(FrameworkMethod.java:47)
	at org.junit.internal.runners.model.ReflectiveCallable.run(ReflectiveCallable.java:12)
	at org.junit.runners.model.FrameworkMethod.invokeExplosively(FrameworkMethod.java:44)
	at org.junit.internal.runners.statements.RunAfters.evaluate(RunAfters.java:33)
	at org.junit.internal.runners.statements.FailOnTimeout$StatementThread.run(FailOnTimeout.java:74)
</error>
  </testcase>
  <testcase classname="org.openrdf.repository.http.RDFSchemaHTTPRepositoryConnectionTest" name="testGetStatementsInSingleContext" time="0.002">
    <error message="org/mortbay/jetty/Connector" type="java.lang.NoClassDefFoundError">java.lang.NoClassDefFoundError: org/mortbay/jetty/Connector
	at org.openrdf.repository.http.RDFSchemaHTTPRepositoryConnectionTest.setUp(RDFSchemaHTTPRepositoryConnectionTest.java:38)
	at sun.reflect.GeneratedMethodAccessor3.invoke(Unknown Source)
	at sun.reflect.DelegatingMethodAccessorImpl.invoke(DelegatingMethodAccessorImpl.java:43)
	at java.lang.reflect.Method.invoke(Method.java:483)
	at org.junit.runners.model.FrameworkMethod$1.runReflectiveCall(FrameworkMethod.java:47)
	at org.junit.internal.runners.model.ReflectiveCallable.run(ReflectiveCallable.java:12)
	at org.junit.runners.model.FrameworkMethod.invokeExplosively(FrameworkMethod.java:44)
	at org.junit.internal.runners.statements.RunBefores.evaluate(RunBefores.java:24)
	at org.junit.internal.runners.statements.RunAfters.evaluate(RunAfters.java:27)
	at org.junit.internal.runners.statements.FailOnTimeout$StatementThread.run(FailOnTimeout.java:74)
Caused by: java.lang.ClassNotFoundException: org.mortbay.jetty.Connector
	at java.net.URLClassLoader$1.run(URLClassLoader.java:372)
	at java.net.URLClassLoader$1.run(URLClassLoader.java:361)
	at java.security.AccessController.doPrivileged(Native Method)
	at java.net.URLClassLoader.findClass(URLClassLoader.java:360)
	at java.lang.ClassLoader.loadClass(ClassLoader.java:424)
	at sun.misc.Launcher$AppClassLoader.loadClass(Launcher.java:308)
	at java.lang.ClassLoader.loadClass(ClassLoader.java:357)
	... 10 more
</error>
[...]
	at java.lang.reflect.Method.invoke(Method.java:483)
	at org.junit.runners.model.FrameworkMethod$1.runReflectiveCall(FrameworkMethod.java:47)
	at org.junit.internal.runners.model.ReflectiveCallable.run(ReflectiveCallable.java:12)
	at org.junit.runners.model.FrameworkMethod.invokeExplosively(FrameworkMethod.java:44)
	at org.junit.internal.runners.statements.RunAfters.evaluate(RunAfters.java:33)
	at org.junit.internal.runners.statements.FailOnTimeout$StatementThread.run(FailOnTimeout.java:74)
</error>
  </testcase>
  <testcase classname="org.openrdf.repository.http.RDFSchemaHTTPRepositoryConnectionTest" name="testSES713" time="0.002">
    <error message="org/mortbay/jetty/Connector" type="java.lang.NoClassDefFoundError">java.lang.NoClassDefFoundError: org/mortbay/jetty/Connector
	at org.openrdf.repository.http.RDFSchemaHTTPRepositoryConnectionTest.setUp(RDFSchemaHTTPRepositoryConnectionTest.java:38)
	at sun.reflect.GeneratedMethodAccessor3.invoke(Unknown Source)
	at sun.reflect.DelegatingMethodAccessorImpl.invoke(DelegatingMethodAccessorImpl.java:43)
	at java.lang.reflect.Method.invoke(Method.java:483)
	at org.junit.runners.model.FrameworkMethod$1.runReflectiveCall(FrameworkMethod.java:47)
	at org.junit.internal.runners.model.ReflectiveCallable.run(ReflectiveCallable.java:12)
	at org.junit.runners.model.FrameworkMethod.invokeExplosively(FrameworkMethod.java:44)
	at org.junit.internal.runners.statements.RunBefores.evaluate(RunBefores.java:24)
	at org.junit.internal.runners.statements.RunAfters.evaluate(RunAfters.java:27)
	at org.junit.internal.runners.statements.FailOnTimeout$StatementThread.run(FailOnTimeout.java:74)
Caused by: java.lang.ClassNotFoundException: org.mortbay.jetty.Connector
	at java.net.URLClassLoader$1.run(URLClassLoader.java:372)
	at java.net.URLClassLoader$1.run(URLClassLoader.java:361)
	at java.security.AccessController.doPrivileged(Native Method)
	at java.net.URLClassLoader.findClass(URLClassLoader.java:360)
	at java.lang.ClassLoader.loadClass(ClassLoader.java:424)
	at sun.misc.Launcher$AppClassLoader.loadClass(Launcher.java:308)
	at java.lang.ClassLoader.loadClass(ClassLoader.java:357)
	... 10 more
</error>
  </testcase>
  <testcase classname="org.openrdf.repository.http.RDFSchemaHTTPRepositoryConnectionTest" name="testSES713" time="0.002">
    <error type="java.lang.NullPointerException">java.lang.NullPointerException
	at org.openrdf.repository.RepositoryConnectionTest.tearDown(RepositoryConnectionTest.java:233)
	at org.openrdf.repository.http.RDFSchemaHTTPRepositoryConnectionTest.tearDown(RDFSchemaHTTPRepositoryConnectionTest.java:53)
	at sun.reflect.GeneratedMethodAccessor4.invoke(Unknown Source)
	at sun.reflect.DelegatingMethodAccessorImpl.invoke(DelegatingMethodAccessorImpl.java:43)
	at java.lang.reflect.Method.invoke(Method.java:483)
	at org.junit.runners.model.FrameworkMethod$1.runReflectiveCall(FrameworkMethod.java:47)
	at org.junit.internal.runners.model.ReflectiveCallable.run(ReflectiveCallable.java:12)
	at org.junit.runners.model.FrameworkMethod.invokeExplosively(FrameworkMethod.java:44)
	at org.junit.internal.runners.statements.RunAfters.evaluate(RunAfters.java:33)
	at org.junit.internal.runners.statements.FailOnTimeout$StatementThread.run(FailOnTimeout.java:74)
</error>
  </testcase>
  <testcase classname="org.openrdf.repository.http.RDFSchemaHTTPRepositoryConnectionTest" name="testGetNamespaces" time="0.001">
    <error message="org/mortbay/jetty/Connector" type="java.lang.NoClassDefFoundError">java.lang.NoClassDefFoundError: org/mortbay/jetty/Connector
	at org.openrdf.repository.http.RDFSchemaHTTPRepositoryConnectionTest.setUp(RDFSchemaHTTPRepositoryConnectionTest.java:38)
	at sun.reflect.GeneratedMethodAccessor3.invoke(Unknown Source)
	at sun.reflect.DelegatingMethodAccessorImpl.invoke(DelegatingMethodAccessorImpl.java:43)
	at java.lang.reflect.Method.invoke(Method.java:483)
	at org.junit.runners.model.FrameworkMethod$1.runReflectiveCall(FrameworkMethod.java:47)
	at org.junit.internal.runners.model.ReflectiveCallable.run(ReflectiveCallable.java:12)
	at org.junit.runners.model.FrameworkMethod.invokeExplosively(FrameworkMethod.java:44)
	at org.junit.internal.runners.statements.RunBefores.evaluate(RunBefores.java:24)
	at org.junit.internal.runners.statements.RunAfters.evaluate(RunAfters.java:27)
	at org.junit.internal.runners.statements.FailOnTimeout$StatementThread.run(FailOnTimeout.java:74)
Caused by: java.lang.ClassNotFoundException: org.mortbay.jetty.Connector
	at java.net.URLClassLoader$1.run(URLClassLoader.java:372)
	at java.net.URLClassLoader$1.run(URLClassLoader.java:361)
	at java.security.AccessController.doPrivileged(Native Method)
	at java.net.URLClassLoader.findClass(URLClassLoader.java:360)
	at java.lang.ClassLoader.loadClass(ClassLoader.java:424)
	at sun.misc.Launcher$AppClassLoader.loadClass(Launcher.java:308)
	at java.lang.ClassLoader.loadClass(ClassLoader.java:357)
	... 10 more
</error>
  </testcase>
  <testcase classname="org.openrdf.repository.http.RDFSchemaHTTPRepositoryConnectionTest" name="testGetNamespaces" time="0.002">
    <error type="java.lang.NullPointerException">java.lang.NullPointerException
	at org.openrdf.repository.RepositoryConnectionTest.tearDown(RepositoryConnectionTest.java:233)
	at org.openrdf.repository.http.RDFSchemaHTTPRepositoryConnectionTest.tearDown(RDFSchemaHTTPRepositoryConnectionTest.java:53)
	at sun.reflect.GeneratedMethodAccessor4.invoke(Unknown Source)
	at sun.reflect.DelegatingMethodAccessorImpl.invoke(DelegatingMethodAccessorImpl.java:43)
	at java.lang.reflect.Method.invoke(Method.java:483)
	at org.junit.runners.model.FrameworkMethod$1.runReflectiveCall(FrameworkMethod.java:47)
	at org.junit.internal.runners.model.ReflectiveCallable.run(ReflectiveCallable.java:12)
	at org.junit.runners.model.FrameworkMethod.invokeExplosively(FrameworkMethod.java:44)
	at org.junit.internal.runners.statements.RunAfters.evaluate(RunAfters.java:33)
	at org.junit.internal.runners.statements.FailOnTimeout$StatementThread.run(FailOnTimeout.java:74)
</error>
  </testcase>
  <testcase classname="org.openrdf.repository.http.RDFSchemaHTTPRepositoryConnectionTest" name="testURISerialization" time="0.001">
    <error message="org/mortbay/jetty/Connector" type="java.lang.NoClassDefFoundError">java.lang.NoClassDefFoundError: org/mortbay/jetty/Connector
	at org.openrdf.repository.http.RDFSchemaHTTPRepositoryConnectionTest.setUp(RDFSchemaHTTPRepositoryConnectionTest.java:38)
	at sun.reflect.GeneratedMethodAccessor3.invoke(Unknown Source)
	at sun.reflect.DelegatingMethodAccessorImpl.invoke(DelegatingMethodAccessorImpl.java:43)
	at java.lang.reflect.Method.invoke(Method.java:483)
	at org.junit.runners.model.FrameworkMethod$1.runReflectiveCall(FrameworkMethod.java:47)
	at org.junit.internal.runners.model.ReflectiveCallable.run(ReflectiveCallable.java:12)
	at org.junit.runners.model.FrameworkMethod.invokeExplosively(FrameworkMethod.java:44)
	at org.junit.internal.runners.statements.RunBefores.evaluate(RunBefores.java:24)
	at org.junit.internal.runners.statements.RunAfters.evaluate(RunAfters.java:27)
	at org.junit.internal.runners.statements.FailOnTimeout$StatementThread.run(FailOnTimeout.java:74)
Caused by: java.lang.ClassNotFoundException: org.mortbay.jetty.Connector
	at java.net.URLClassLoader$1.run(URLClassLoader.java:372)
	at java.net.URLClassLoader$1.run(URLClassLoader.java:361)
	at java.security.AccessController.doPrivileged(Native Method)
	at java.net.URLClassLoader.findClass(URLClassLoader.java:360)
	at java.lang.ClassLoader.loadClass(ClassLoader.java:424)
	at sun.misc.Launcher$AppClassLoader.loadClass(Launcher.java:308)
	at java.lang.ClassLoader.loadClass(ClassLoader.java:357)
	... 10 more
</error>
  </testcase>
  <testcase classname="org.openrdf.repository.http.RDFSchemaHTTPRepositoryConnectionTest" name="testURISerialization" time="0.001">
    <error type="java.lang.NullPointerException">java.lang.NullPointerException
	at org.openrdf.repository.RepositoryConnectionTest.tearDown(RepositoryConnectionTest.java:233)
	at org.openrdf.repository.http.RDFSchemaHTTPRepositoryConnectionTest.tearDown(RDFSchemaHTTPRepositoryConnectionTest.java:53)
	at sun.reflect.GeneratedMethodAccessor4.invoke(Unknown Source)
	at sun.reflect.DelegatingMethodAccessorImpl.invoke(DelegatingMethodAccessorImpl.java:43)
	at java.lang.reflect.Method.invoke(Method.java:483)
	at org.junit.runners.model.FrameworkMethod$1.runReflectiveCall(FrameworkMethod.java:47)
	at org.junit.internal.runners.model.ReflectiveCallable.run(ReflectiveCallable.java:12)
	at org.junit.runners.model.FrameworkMethod.invokeExplosively(FrameworkMethod.java:44)
	at org.junit.internal.runners.statements.RunAfters.evaluate(RunAfters.java:33)
	at org.junit.internal.runners.statements.FailOnTimeout$StatementThread.run(FailOnTimeout.java:74)
</error>
  </testcase>
  <testcase classname="org.openrdf.repository.http.RDFSchemaHTTPRepositoryConnectionTest" name="testSimpleGraphQuery" time="0.002">
    <error message="org/mortbay/jetty/Connector" type="java.lang.NoClassDefFoundError">java.lang.NoClassDefFoundError: org/mortbay/jetty/Connector
	at org.openrdf.repository.http.RDFSchemaHTTPRepositoryConnectionTest.setUp(RDFSchemaHTTPRepositoryConnectionTest.java:38)
	at sun.reflect.GeneratedMethodAccessor3.invoke(Unknown Source)
	at sun.reflect.DelegatingMethodAccessorImpl.invoke(DelegatingMethodAccessorImpl.java:43)
	at java.lang.reflect.Method.invoke(Method.java:483)
	at org.junit.runners.model.FrameworkMethod$1.runReflectiveCall(FrameworkMethod.java:47)
	at org.junit.internal.runners.model.ReflectiveCallable.run(ReflectiveCallable.java:12)
	at org.junit.runners.model.FrameworkMethod.invokeExplosively(FrameworkMethod.java:44)
	at org.junit.internal.runners.statements.RunBefores.evaluate(RunBefores.java:24)
	at org.junit.internal.runners.statements.RunAfters.evaluate(RunAfters.java:27)
	at org.junit.internal.runners.statements.FailOnTimeout$StatementThread.run(FailOnTimeout.java:74)
Caused by: java.lang.ClassNotFoundException: org.mortbay.jetty.Connector
	at java.net.URLClassLoader$1.run(URLClassLoader.java:372)
	at java.net.URLClassLoader$1.run(URLClassLoader.java:361)
	at java.security.AccessController.doPrivileged(Native Method)
	at java.net.URLClassLoader.findClass(URLClassLoader.java:360)
	at java.lang.ClassLoader.loadClass(ClassLoader.java:424)
	at sun.misc.Launcher$AppClassLoader.loadClass(Launcher.java:308)
	at java.lang.ClassLoader.loadClass(ClassLoader.java:357)
	... 10 more
</error>
  </testcase>
  <testcase classname="org.openrdf.repository.http.RDFSchemaHTTPRepositoryConnectionTest" name="testSimpleGraphQuery" time="0.003">
    <error type="java.lang.NullPointerException">java.lang.NullPointerException
	at org.openrdf.repository.RepositoryConnectionTest.tearDown(RepositoryConnectionTest.java:233)
	at org.openrdf.repository.http.RDFSchemaHTTPRepositoryConnectionTest.tearDown(RDFSchemaHTTPRepositoryConnectionTest.java:53)
	at sun.reflect.GeneratedMethodAccessor4.invoke(Unknown Source)
	at sun.reflect.DelegatingMethodAccessorImpl.invoke(DelegatingMethodAccessorImpl.java:43)
	at java.lang.reflect.Method.invoke(Method.java:483)
	at org.junit.runners.model.FrameworkMethod$1.runReflectiveCall(FrameworkMethod.java:47)
	at org.junit.internal.runners.model.ReflectiveCallable.run(ReflectiveCallable.java:12)
	at org.junit.runners.model.FrameworkMethod.invokeExplosively(FrameworkMethod.java:44)
	at org.junit.internal.runners.statements.RunAfters.evaluate(RunAfters.java:33)
	at org.junit.internal.runners.statements.FailOnTimeout$StatementThread.run(FailOnTimeout.java:74)
</error>
  </testcase>
  <testcase classname="org.openrdf.repository.http.RDFSchemaHTTPRepositoryConnectionTest" name="testPrepareSPARQLQuery" time="0.001">
    <error message="org/mortbay/jetty/Connector" type="java.lang.NoClassDefFoundError">java.lang.NoClassDefFoundError: org/mortbay/jetty/Connector
	at org.openrdf.repository.http.RDFSchemaHTTPRepositoryConnectionTest.setUp(RDFSchemaHTTPRepositoryConnectionTest.java:38)
	at sun.reflect.GeneratedMethodAccessor3.invoke(Unknown Source)
	at sun.reflect.DelegatingMethodAccessorImpl.invoke(DelegatingMethodAccessorImpl.java:43)
	at java.lang.reflect.Method.invoke(Method.java:483)
	at org.junit.runners.model.FrameworkMethod$1.runReflectiveCall(FrameworkMethod.java:47)
	at org.junit.internal.runners.model.ReflectiveCallable.run(ReflectiveCallable.java:12)
	at org.junit.runners.model.FrameworkMethod.invokeExplosively(FrameworkMethod.java:44)
	at org.junit.internal.runners.statements.RunBefores.evaluate(RunBefores.java:24)
	at org.junit.internal.runners.statements.RunAfters.evaluate(RunAfters.java:27)
	at org.junit.internal.runners.statements.FailOnTimeout$StatementThread.run(FailOnTimeout.java:74)
Caused by: java.lang.ClassNotFoundException: org.mortbay.jetty.Connector
	at java.net.URLClassLoader$1.run(URLClassLoader.java:372)
	at java.net.URLClassLoader$1.run(URLClassLoader.java:361)
	at java.security.AccessController.doPrivileged(Native Method)
	at java.net.URLClassLoader.findClass(URLClassLoader.java:360)
	at java.lang.ClassLoader.loadClass(ClassLoader.java:424)
	at sun.misc.Launcher$AppClassLoader.loadClass(Launcher.java:308)
	at java.lang.ClassLoader.loadClass(ClassLoader.java:357)
	... 10 more
</error>
  </testcase>
  <testcase classname="org.openrdf.repository.http.RDFSchemaHTTPRepositoryConnectionTest" name="testPrepareSPARQLQuery" time="0.001">
    <error type="java.lang.NullPointerException">java.lang.NullPointerException
	at org.openrdf.repository.RepositoryConnectionTest.tearDown(RepositoryConnectionTest.java:233)
	at org.openrdf.repository.http.RDFSchemaHTTPRepositoryConnectionTest.tearDown(RDFSchemaHTTPRepositoryConnectionTest.java:53)
	at sun.reflect.GeneratedMethodAccessor4.invoke(Unknown Source)
	at sun.reflect.DelegatingMethodAccessorImpl.invoke(DelegatingMethodAccessorImpl.java:43)
	at java.lang.reflect.Method.invoke(Method.java:483)
	at org.junit.runners.model.FrameworkMethod$1.runReflectiveCall(FrameworkMethod.java:47)
	at org.junit.internal.runners.model.ReflectiveCallable.run(ReflectiveCallable.java:12)
	at org.junit.runners.model.FrameworkMethod.invokeExplosively(FrameworkMethod.java:44)
	at org.junit.internal.runners.statements.RunAfters.evaluate(RunAfters.java:33)
	at org.junit.internal.runners.statements.FailOnTimeout$StatementThread.run(FailOnTimeout.java:74)
</error>
  </testcase>
  <testcase classname="org.openrdf.repository.http.RDFSchemaHTTPRepositoryConnectionTest" name="testXmlCalendarZ" time="0.002">
    <error message="org/mortbay/jetty/Connector" type="java.lang.NoClassDefFoundError">java.lang.NoClassDefFoundError: org/mortbay/jetty/Connector
	at org.openrdf.repository.http.RDFSchemaHTTPRepositoryConnectionTest.setUp(RDFSchemaHTTPRepositoryConnectionTest.java:38)
	at sun.reflect.GeneratedMethodAccessor3.invoke(Unknown Source)
	at sun.reflect.DelegatingMethodAccessorImpl.invoke(DelegatingMethodAccessorImpl.java:43)
	at java.lang.reflect.Method.invoke(Method.java:483)
	at org.junit.runners.model.FrameworkMethod$1.runReflectiveCall(FrameworkMethod.java:47)
	at org.junit.internal.runners.model.ReflectiveCallable.run(ReflectiveCallable.java:12)
	at org.junit.runners.model.FrameworkMethod.invokeExplosively(FrameworkMethod.java:44)
	at org.junit.internal.runners.statements.RunBefores.evaluate(RunBefores.java:24)
	at org.junit.internal.runners.statements.RunAfters.evaluate(RunAfters.java:27)
	at org.junit.internal.runners.statements.FailOnTimeout$StatementThread.run(FailOnTimeout.java:74)
Caused by: java.lang.ClassNotFoundException: org.mortbay.jetty.Connector
	at java.net.URLClassLoader$1.run(URLClassLoader.java:372)
	at java.net.URLClassLoader$1.run(URLClassLoader.java:361)
	at java.security.AccessController.doPrivileged(Native Method)
	at java.net.URLClassLoader.findClass(URLClassLoader.java:360)
	at java.lang.ClassLoader.loadClass(ClassLoader.java:424)
	at sun.misc.Launcher$AppClassLoader.loadClass(Launcher.java:308)
	at java.lang.ClassLoader.loadClass(ClassLoader.java:357)
	... 10 more
</error>
  </testcase>
  <testcase classname="org.openrdf.repository.http.RDFSchemaHTTPRepositoryConnectionTest" name="testXmlCalendarZ" time="0.002">
    <error type="java.lang.NullPointerException">java.lang.NullPointerException
	at org.openrdf.repository.RepositoryConnectionTest.tearDown(RepositoryConnectionTest.java:233)
	at org.openrdf.repository.http.RDFSchemaHTTPRepositoryConnectionTest.tearDown(RDFSchemaHTTPRepositoryConnectionTest.java:53)
	at sun.reflect.GeneratedMethodAccessor4.invoke(Unknown Source)
	at sun.reflect.DelegatingMethodAccessorImpl.invoke(DelegatingMethodAccessorImpl.java:43)
	at java.lang.reflect.Method.invoke(Method.java:483)
	at org.junit.runners.model.FrameworkMethod$1.runReflectiveCall(FrameworkMethod.java:47)
	at org.junit.internal.runners.model.ReflectiveCallable.run(ReflectiveCallable.java:12)
	at org.junit.runners.model.FrameworkMethod.invokeExplosively(FrameworkMethod.java:44)
	at org.junit.internal.runners.statements.RunAfters.evaluate(RunAfters.java:33)
	at org.junit.internal.runners.statements.FailOnTimeout$StatementThread.run(FailOnTimeout.java:74)
</error>
  </testcase>
  <testcase classname="org.openrdf.repository.http.RDFSchemaHTTPRepositoryConnectionTest" name="testQueryBaseURI" time="0.003">
    <error message="org/mortbay/jetty/Connector" type="java.lang.NoClassDefFoundError">java.lang.NoClassDefFoundError: org/mortbay/jetty/Connector
	at org.openrdf.repository.http.RDFSchemaHTTPRepositoryConnectionTest.setUp(RDFSchemaHTTPRepositoryConnectionTest.java:38)
	at sun.reflect.GeneratedMethodAccessor3.invoke(Unknown Source)
	at sun.reflect.DelegatingMethodAccessorImpl.invoke(DelegatingMethodAccessorImpl.java:43)
	at java.lang.reflect.Method.invoke(Method.java:483)
	at org.junit.runners.model.FrameworkMethod$1.runReflectiveCall(FrameworkMethod.java:47)
	at org.junit.internal.runners.model.ReflectiveCallable.run(ReflectiveCallable.java:12)
	at org.junit.runners.model.FrameworkMethod.invokeExplosively(FrameworkMethod.java:44)
	at org.junit.internal.runners.statements.RunBefores.evaluate(RunBefores.java:24)
	at org.junit.internal.runners.statements.RunAfters.evaluate(RunAfters.java:27)
	at org.junit.internal.runners.statements.FailOnTimeout$StatementThread.run(FailOnTimeout.java:74)
Caused by: java.lang.ClassNotFoundException: org.mortbay.jetty.Connector
	at java.net.URLClassLoader$1.run(URLClassLoader.java:372)
	at java.net.URLClassLoader$1.run(URLClassLoader.java:361)
	at java.security.AccessController.doPrivileged(Native Method)
	at java.net.URLClassLoader.findClass(URLClassLoader.java:360)
	at java.lang.ClassLoader.loadClass(ClassLoader.java:424)
	at sun.misc.Launcher$AppClassLoader.loadClass(Launcher.java:308)
	at java.lang.ClassLoader.loadClass(ClassLoader.java:357)
	... 10 more
</error>
  </testcase>
  <testcase classname="org.openrdf.repository.http.RDFSchemaHTTPRepositoryConnectionTest" name="testQueryBaseURI" time="0.003">
    <error type="java.lang.NullPointerException">java.lang.NullPointerException
	at org.openrdf.repository.RepositoryConnectionTest.tearDown(RepositoryConnectionTest.java:233)
	at org.openrdf.repository.http.RDFSchemaHTTPRepositoryConnectionTest.tearDown(RDFSchemaHTTPRepositoryConnectionTest.java:53)
	at sun.reflect.GeneratedMethodAccessor4.invoke(Unknown Source)
	at sun.reflect.DelegatingMethodAccessorImpl.invoke(DelegatingMethodAccessorImpl.java:43)
	at java.lang.reflect.Method.invoke(Method.java:483)
	at org.junit.runners.model.FrameworkMethod$1.runReflectiveCall(FrameworkMethod.java:47)
	at org.junit.internal.runners.model.ReflectiveCallable.run(ReflectiveCallable.java:12)
	at org.junit.runners.model.FrameworkMethod.invokeExplosively(FrameworkMethod.java:44)
	at org.junit.internal.runners.statements.RunAfters.evaluate(RunAfters.java:33)
	at org.junit.internal.runners.statements.FailOnTimeout$StatementThread.run(FailOnTimeout.java:74)
</error>
  </testcase>
</testsuite>