<?xml version="1.0" encoding="UTF-8" ?>
<testsuite tests="61" failures="0" name="org.openrdf.repository.sail.nativerdf.CustomGraphQueryInferencerNativeRepositoryConnectionTest" time="5.414" errors="0" skipped="0">
  <properties>
[...]
</properties>
  <testcase classname="org.openrdf.repository.sail.nativerdf.CustomGraphQueryInferencerNativeRepositoryConnectionTest" name="testSimpleBooleanQuery" time="0.402"/>
  <testcase classname="org.openrdf.repository.sail.nativerdf.CustomGraphQueryInferencerNativeRepositoryConnectionTest" name="testGetNamespace" time="0.186"/>
  <testcase classname="org.openrdf.repository.sail.nativerdf.CustomGraphQueryInferencerNativeRepositoryConnectionTest" name="testGraphSerialization" time="0.084"/>
  <testcase classname="org.openrdf.repository.sail.nativerdf.CustomGraphQueryInferencerNativeRepositoryConnectionTest" name="testExclusiveNullContext" time="0.191"/>
  <testcase classname="org.openrdf.repository.sail.nativerdf.CustomGraphQueryInferencerNativeRepositoryConnectionTest" name="testAddMalformedLiteralsStrictConfig" time="0.067"/>
  <testcase classname="org.openrdf.repository.sail.nativerdf.CustomGraphQueryInferencerNativeRepositoryConnectionTest" name="testAddMalformedLiteralsDefaultConfig" time="0.014"/>
  <testcase classname="org.openrdf.repository.sail.nativerdf.CustomGraphQueryInferencerNativeRepositoryConnectionTest" name="testGetStatementsMalformedTypedLiteral" time="0.122"/>
  <testcase classname="org.openrdf.repository.sail.nativerdf.CustomGraphQueryInferencerNativeRepositoryConnectionTest" name="testSizeRollback" time="0.016"/>
  <testcase classname="org.openrdf.repository.sail.nativerdf.CustomGraphQueryInferencerNativeRepositoryConnectionTest" name="testAutoCommit" time="0.202"/>
  <testcase classname="org.openrdf.repository.sail.nativerdf.CustomGraphQueryInferencerNativeRepositoryConnectionTest" name="testEmptyRollback" time="0.015"/>
  <testcase classname="org.openrdf.repository.sail.nativerdf.CustomGraphQueryInferencerNativeRepositoryConnectionTest" name="testClear" time="0.017"/>
  <testcase classname="org.openrdf.repository.sail.nativerdf.CustomGraphQueryInferencerNativeRepositoryConnectionTest" name="testAddStatement" time="0.018"/>
  <testcase classname="org.openrdf.repository.sail.nativerdf.CustomGraphQueryInferencerNativeRepositoryConnectionTest" name="testOpen" time="0.012"/>
  <testcase classname="org.openrdf.repository.sail.nativerdf.CustomGraphQueryInferencerNativeRepositoryConnectionTest" name="testAddGzipInputStream" time="0.017"/>
  <testcase classname="org.openrdf.repository.sail.nativerdf.CustomGraphQueryInferencerNativeRepositoryConnectionTest" name="testAddInputStream" time="0.023"/>
  <testcase classname="org.openrdf.repository.sail.nativerdf.CustomGraphQueryInferencerNativeRepositoryConnectionTest" name="testDefaultInsertContext" time="0.03"/>
  <testcase classname="org.openrdf.repository.sail.nativerdf.CustomGraphQueryInferencerNativeRepositoryConnectionTest" name="testLiteralSerialization" time="0.015"/>
  <testcase classname="org.openrdf.repository.sail.nativerdf.CustomGraphQueryInferencerNativeRepositoryConnectionTest" name="testPreparedGraphQuery" time="0.024"/>
  <testcase classname="org.openrdf.repository.sail.nativerdf.CustomGraphQueryInferencerNativeRepositoryConnectionTest" name="testQueryDefaultGraph" time="0.185"/>
  <testcase classname="org.openrdf.repository.sail.nativerdf.CustomGraphQueryInferencerNativeRepositoryConnectionTest" name="testSimpleTupleQuery" time="0.024"/>
  <testcase classname="org.openrdf.repository.sail.nativerdf.CustomGraphQueryInferencerNativeRepositoryConnectionTest" name="testBNodeSerialization" time="0.016"/>
  <testcase classname="org.openrdf.repository.sail.nativerdf.CustomGraphQueryInferencerNativeRepositoryConnectionTest" name="testGetStatementsMalformedLanguageLiteral" time="0.013"/>
  <testcase classname="org.openrdf.repository.sail.nativerdf.CustomGraphQueryInferencerNativeRepositoryConnectionTest" name="testRecoverFromParseError" time="0.015"/>
  <testcase classname="org.openrdf.repository.sail.nativerdf.CustomGraphQueryInferencerNativeRepositoryConnectionTest" name="testAddLiteralWithNewline" time="0.023"/>
  <testcase classname="org.openrdf.repository.sail.nativerdf.CustomGraphQueryInferencerNativeRepositoryConnectionTest" name="testRemoveStatementIteration" time="0.031"/>
  <testcase classname="org.openrdf.repository.sail.nativerdf.CustomGraphQueryInferencerNativeRepositoryConnectionTest" name="testRemoveStatements" time="0.018"/>
  <testcase classname="org.openrdf.repository.sail.nativerdf.CustomGraphQueryInferencerNativeRepositoryConnectionTest" name="testGetStatementsInMultipleContexts" time="0.126"/>
  <testcase classname="org.openrdf.repository.sail.nativerdf.CustomGraphQueryInferencerNativeRepositoryConnectionTest" name="testPreparedBooleanQuery" time="0.023"/>
  <testcase classname="org.openrdf.repository.sail.nativerdf.CustomGraphQueryInferencerNativeRepositoryConnectionTest" name="testGetStatementsInSingleContext" time="0.016"/>
  <testcase classname="org.openrdf.repository.sail.nativerdf.CustomGraphQueryInferencerNativeRepositoryConnectionTest" name="testPreparedTupleQuery2" time="0.244"/>
  <testcase classname="org.openrdf.repository.sail.nativerdf.CustomGraphQueryInferencerNativeRepositoryConnectionTest" name="testEmptyCommit" time="0.014"/>
  <testcase classname="org.openrdf.repository.sail.nativerdf.CustomGraphQueryInferencerNativeRepositoryConnectionTest" name="testUpdateBaseURI" time="0.175"/>
  <testcase classname="org.openrdf.repository.sail.nativerdf.CustomGraphQueryInferencerNativeRepositoryConnectionTest" name="testDuplicateFilter" time="0.057"/>
  <testcase classname="org.openrdf.repository.sail.nativerdf.CustomGraphQueryInferencerNativeRepositoryConnectionTest" name="testSimpleTupleQueryUnicode" time="0.032"/>
  <testcase classname="org.openrdf.repository.sail.nativerdf.CustomGraphQueryInferencerNativeRepositoryConnectionTest" name="testRollback" time="0.017"/>
  <testcase classname="org.openrdf.repository.sail.nativerdf.CustomGraphQueryInferencerNativeRepositoryConnectionTest" name="testAddReader" time="0.023"/>
  <testcase classname="org.openrdf.repository.sail.nativerdf.CustomGraphQueryInferencerNativeRepositoryConnectionTest" name="testAddRemove" time="0.017"/>
  <testcase classname="org.openrdf.repository.sail.nativerdf.CustomGraphQueryInferencerNativeRepositoryConnectionTest" name="testDeleteDefaultGraph" time="0.022"/>
  <testcase classname="org.openrdf.repository.sail.nativerdf.CustomGraphQueryInferencerNativeRepositoryConnectionTest" name="testPreparedTupleQuery" time="0.022"/>
  <testcase classname="org.openrdf.repository.sail.nativerdf.CustomGraphQueryInferencerNativeRepositoryConnectionTest" name="testAddZipFile" time="0.018"/>
  <testcase classname="org.openrdf.repository.sail.nativerdf.CustomGraphQueryInferencerNativeRepositoryConnectionTest" name="testSizeCommit" time="0.016"/>
  <testcase classname="org.openrdf.repository.sail.nativerdf.CustomGraphQueryInferencerNativeRepositoryConnectionTest" name="testDataset" time="0.026"/>
  <testcase classname="org.openrdf.repository.sail.nativerdf.CustomGraphQueryInferencerNativeRepositoryConnectionTest" name="testPrepareSeRQLQuery" time="0.016"/>
  <testcase classname="org.openrdf.repository.sail.nativerdf.CustomGraphQueryInferencerNativeRepositoryConnectionTest" name="testInferredStatementCount" time="0.019"/>
  <testcase classname="org.openrdf.repository.sail.nativerdf.CustomGraphQueryInferencerNativeRepositoryConnectionTest" name="testRemoveStatementCollection" time="0.018"/>
  <testcase classname="org.openrdf.repository.sail.nativerdf.CustomGraphQueryInferencerNativeRepositoryConnectionTest" name="testOrderByQueriesAreInterruptable" time="2.237"/>
  <testcase classname="org.openrdf.repository.sail.nativerdf.CustomGraphQueryInferencerNativeRepositoryConnectionTest" name="testGetStatements" time="0.033"/>
  <testcase classname="org.openrdf.repository.sail.nativerdf.CustomGraphQueryInferencerNativeRepositoryConnectionTest" name="testOrPredicate" time="0.019"/>
  <testcase classname="org.openrdf.repository.sail.nativerdf.CustomGraphQueryInferencerNativeRepositoryConnectionTest" name="testOptionalFilter" time="0.02"/>
  <testcase classname="org.openrdf.repository.sail.nativerdf.CustomGraphQueryInferencerNativeRepositoryConnectionTest" name="testStatementSerialization" time="0.017"/>
  <testcase classname="org.openrdf.repository.sail.nativerdf.CustomGraphQueryInferencerNativeRepositoryConnectionTest" name="testPreparedTupleQueryUnicode" time="0.014"/>
  <testcase classname="org.openrdf.repository.sail.nativerdf.CustomGraphQueryInferencerNativeRepositoryConnectionTest" name="testSES713" time="0.067"/>
  <testcase classname="org.openrdf.repository.sail.nativerdf.CustomGraphQueryInferencerNativeRepositoryConnectionTest" name="testDefaultContext" time="0.066"/>
  <testcase classname="org.openrdf.repository.sail.nativerdf.CustomGraphQueryInferencerNativeRepositoryConnectionTest" name="testGetNamespaces" time="0.017"/>
  <testcase classname="org.openrdf.repository.sail.nativerdf.CustomGraphQueryInferencerNativeRepositoryConnectionTest" name="testTransactionIsolation" time="0.015"/>
  <testcase classname="org.openrdf.repository.sail.nativerdf.CustomGraphQueryInferencerNativeRepositoryConnectionTest" name="testGetContextIDs" time="0.038"/>
  <testcase classname="org.openrdf.repository.sail.nativerdf.CustomGraphQueryInferencerNativeRepositoryConnectionTest" name="testURISerialization" time="0.015"/>
  <testcase classname="org.openrdf.repository.sail.nativerdf.CustomGraphQueryInferencerNativeRepositoryConnectionTest" name="testSimpleGraphQuery" time="0.098"/>
  <testcase classname="org.openrdf.repository.sail.nativerdf.CustomGraphQueryInferencerNativeRepositoryConnectionTest" name="testPrepareSPARQLQuery" time="0.014"/>
  <testcase classname="org.openrdf.repository.sail.nativerdf.CustomGraphQueryInferencerNativeRepositoryConnectionTest" name="testXmlCalendarZ" time="0.027"/>
  <testcase classname="org.openrdf.repository.sail.nativerdf.CustomGraphQueryInferencerNativeRepositoryConnectionTest" name="testQueryBaseURI" time="0.036"/>
</testsuite>