<?xml version="1.0" encoding="UTF-8" ?>
<testsuite tests="62" failures="0" name="org.openrdf.repository.sail.nativerdf.NativeStoreConnectionTest" time="3.086" errors="0" skipped="0">
  <properties>
[...]
</properties>
  <testcase classname="org.openrdf.repository.sail.nativerdf.NativeStoreConnectionTest" name="testSES715" time="0.128"/>
  <testcase classname="org.openrdf.repository.sail.nativerdf.NativeStoreConnectionTest" name="testSimpleBooleanQuery" time="0.016"/>
  <testcase classname="org.openrdf.repository.sail.nativerdf.NativeStoreConnectionTest" name="testGetNamespace" time="0.029"/>
  <testcase classname="org.openrdf.repository.sail.nativerdf.NativeStoreConnectionTest" name="testGraphSerialization" time="0.015"/>
  <testcase classname="org.openrdf.repository.sail.nativerdf.NativeStoreConnectionTest" name="testExclusiveNullContext" time="0.025"/>
  <testcase classname="org.openrdf.repository.sail.nativerdf.NativeStoreConnectionTest" name="testAddMalformedLiteralsStrictConfig" time="0.011"/>
  <testcase classname="org.openrdf.repository.sail.nativerdf.NativeStoreConnectionTest" name="testAddMalformedLiteralsDefaultConfig" time="0.013"/>
  <testcase classname="org.openrdf.repository.sail.nativerdf.NativeStoreConnectionTest" name="testGetStatementsMalformedTypedLiteral" time="0.011"/>
  <testcase classname="org.openrdf.repository.sail.nativerdf.NativeStoreConnectionTest" name="testSizeRollback" time="0.012"/>
  <testcase classname="org.openrdf.repository.sail.nativerdf.NativeStoreConnectionTest" name="testAutoCommit" time="0.01"/>
  <testcase classname="org.openrdf.repository.sail.nativerdf.NativeStoreConnectionTest" name="testEmptyRollback" time="0.011"/>
  <testcase classname="org.openrdf.repository.sail.nativerdf.NativeStoreConnectionTest" name="testClear" time="0.014"/>
  <testcase classname="org.openrdf.repository.sail.nativerdf.NativeStoreConnectionTest" name="testAddStatement" time="0.011"/>
  <testcase classname="org.openrdf.repository.sail.nativerdf.NativeStoreConnectionTest" name="testOpen" time="0.009"/>
  <testcase classname="org.openrdf.repository.sail.nativerdf.NativeStoreConnectionTest" name="testAddGzipInputStream" time="0.013"/>
  <testcase classname="org.openrdf.repository.sail.nativerdf.NativeStoreConnectionTest" name="testAddInputStream" time="0.017"/>
  <testcase classname="org.openrdf.repository.sail.nativerdf.NativeStoreConnectionTest" name="testDefaultInsertContext" time="0.021"/>
  <testcase classname="org.openrdf.repository.sail.nativerdf.NativeStoreConnectionTest" name="testLiteralSerialization" time="0.03"/>
  <testcase classname="org.openrdf.repository.sail.nativerdf.NativeStoreConnectionTest" name="testPreparedGraphQuery" time="0.02"/>
  <testcase classname="org.openrdf.repository.sail.nativerdf.NativeStoreConnectionTest" name="testQueryDefaultGraph" time="0.013"/>
  <testcase classname="org.openrdf.repository.sail.nativerdf.NativeStoreConnectionTest" name="testSimpleTupleQuery" time="0.018"/>
  <testcase classname="org.openrdf.repository.sail.nativerdf.NativeStoreConnectionTest" name="testBNodeSerialization" time="0.013"/>
  <testcase classname="org.openrdf.repository.sail.nativerdf.NativeStoreConnectionTest" name="testGetStatementsMalformedLanguageLiteral" time="0.011"/>
  <testcase classname="org.openrdf.repository.sail.nativerdf.NativeStoreConnectionTest" name="testRecoverFromParseError" time="0.012"/>
  <testcase classname="org.openrdf.repository.sail.nativerdf.NativeStoreConnectionTest" name="testAddLiteralWithNewline" time="0.01"/>
  <testcase classname="org.openrdf.repository.sail.nativerdf.NativeStoreConnectionTest" name="testRemoveStatementIteration" time="0.014"/>
  <testcase classname="org.openrdf.repository.sail.nativerdf.NativeStoreConnectionTest" name="testRemoveStatements" time="0.016"/>
  <testcase classname="org.openrdf.repository.sail.nativerdf.NativeStoreConnectionTest" name="testGetStatementsInMultipleContexts" time="0.015"/>
  <testcase classname="org.openrdf.repository.sail.nativerdf.NativeStoreConnectionTest" name="testPreparedBooleanQuery" time="0.022"/>
  <testcase classname="org.openrdf.repository.sail.nativerdf.NativeStoreConnectionTest" name="testGetStatementsInSingleContext" time="0.011"/>
  <testcase classname="org.openrdf.repository.sail.nativerdf.NativeStoreConnectionTest" name="testPreparedTupleQuery2" time="0.016"/>
  <testcase classname="org.openrdf.repository.sail.nativerdf.NativeStoreConnectionTest" name="testEmptyCommit" time="0.01"/>
  <testcase classname="org.openrdf.repository.sail.nativerdf.NativeStoreConnectionTest" name="testUpdateBaseURI" time="0.011"/>
  <testcase classname="org.openrdf.repository.sail.nativerdf.NativeStoreConnectionTest" name="testDuplicateFilter" time="0.01"/>
  <testcase classname="org.openrdf.repository.sail.nativerdf.NativeStoreConnectionTest" name="testSimpleTupleQueryUnicode" time="0.014"/>
  <testcase classname="org.openrdf.repository.sail.nativerdf.NativeStoreConnectionTest" name="testRollback" time="0.011"/>
  <testcase classname="org.openrdf.repository.sail.nativerdf.NativeStoreConnectionTest" name="testAddReader" time="0.016"/>
  <testcase classname="org.openrdf.repository.sail.nativerdf.NativeStoreConnectionTest" name="testAddRemove" time="0.015"/>
  <testcase classname="org.openrdf.repository.sail.nativerdf.NativeStoreConnectionTest" name="testDeleteDefaultGraph" time="0.015"/>
  <testcase classname="org.openrdf.repository.sail.nativerdf.NativeStoreConnectionTest" name="testPreparedTupleQuery" time="0.019"/>
  <testcase classname="org.openrdf.repository.sail.nativerdf.NativeStoreConnectionTest" name="testAddZipFile" time="0.011"/>
  <testcase classname="org.openrdf.repository.sail.nativerdf.NativeStoreConnectionTest" name="testSizeCommit" time="0.009"/>
  <testcase classname="org.openrdf.repository.sail.nativerdf.NativeStoreConnectionTest" name="testDataset" time="0.014"/>
  <testcase classname="org.openrdf.repository.sail.nativerdf.NativeStoreConnectionTest" name="testPrepareSeRQLQuery" time="0.009"/>
  <testcase classname="org.openrdf.repository.sail.nativerdf.NativeStoreConnectionTest" name="testInferredStatementCount" time="0.033"/>
  <testcase classname="org.openrdf.repository.sail.nativerdf.NativeStoreConnectionTest" name="testRemoveStatementCollection" time="0.014"/>
  <testcase classname="org.openrdf.repository.sail.nativerdf.NativeStoreConnectionTest" name="testOrderByQueriesAreInterruptable" time="2.058"/>
  <testcase classname="org.openrdf.repository.sail.nativerdf.NativeStoreConnectionTest" name="testGetStatements" time="0.011"/>
  <testcase classname="org.openrdf.repository.sail.nativerdf.NativeStoreConnectionTest" name="testOrPredicate" time="0.014"/>
  <testcase classname="org.openrdf.repository.sail.nativerdf.NativeStoreConnectionTest" name="testOptionalFilter" time="0.015"/>
  <testcase classname="org.openrdf.repository.sail.nativerdf.NativeStoreConnectionTest" name="testStatementSerialization" time="0.011"/>
  <testcase classname="org.openrdf.repository.sail.nativerdf.NativeStoreConnectionTest" name="testPreparedTupleQueryUnicode" time="0.01"/>
  <testcase classname="org.openrdf.repository.sail.nativerdf.NativeStoreConnectionTest" name="testSES713" time="0.01"/>
  <testcase classname="org.openrdf.repository.sail.nativerdf.NativeStoreConnectionTest" name="testDefaultContext" time="0.02"/>
  <testcase classname="org.openrdf.repository.sail.nativerdf.NativeStoreConnectionTest" name="testGetNamespaces" time="0.015"/>
  <testcase classname="org.openrdf.repository.sail.nativerdf.NativeStoreConnectionTest" name="testTransactionIsolation" time="0.01"/>
  <testcase classname="org.openrdf.repository.sail.nativerdf.NativeStoreConnectionTest" name="testGetContextIDs" time="0.013"/>
  <testcase classname="org.openrdf.repository.sail.nativerdf.NativeStoreConnectionTest" name="testURISerialization" time="0.011"/>
  <testcase classname="org.openrdf.repository.sail.nativerdf.NativeStoreConnectionTest" name="testSimpleGraphQuery" time="0.019"/>
  <testcase classname="org.openrdf.repository.sail.nativerdf.NativeStoreConnectionTest" name="testPrepareSPARQLQuery" time="0.009"/>
  <testcase classname="org.openrdf.repository.sail.nativerdf.NativeStoreConnectionTest" name="testXmlCalendarZ" time="0.019"/>
  <testcase classname="org.openrdf.repository.sail.nativerdf.NativeStoreConnectionTest" name="testQueryBaseURI" time="0.043"/>
</testsuite>