<?xml version="1.0" encoding="UTF-8" ?>
<testsuite tests="242" failures="0" name="org.openrdf.repository.sail.memory.MemorySPARQLQueryTest" time="2.186" errors="0" skipped="0">
  <properties>
[...]
</properties>
  <testcase classname="org.openrdf.repository.sail.memory.MemorySPARQLQueryTest" name="Non-matching triple pattern" time="0.239"/>
  <testcase classname="org.openrdf.repository.sail.memory.MemorySPARQLQueryTest" name="Prefix name 1" time="0.01"/>
  <testcase classname="org.openrdf.repository.sail.memory.MemorySPARQLQueryTest" name="Basic graph pattern - spoo" time="0.013"/>
  <testcase classname="org.openrdf.repository.sail.memory.MemorySPARQLQueryTest" name="Basic - Prefix/Base 1" time="0.02"/>
  <testcase classname="org.openrdf.repository.sail.memory.MemorySPARQLQueryTest" name="Basic - Prefix/Base 2" time="0"/>
  <testcase classname="org.openrdf.repository.sail.memory.MemorySPARQLQueryTest" name="Basic - Prefix/Base 3" time="0.012"/>
  <testcase classname="org.openrdf.repository.sail.memory.MemorySPARQLQueryTest" name="Basic - Prefix/Base 4" time="0.001"/>
  <testcase classname="org.openrdf.repository.sail.memory.MemorySPARQLQueryTest" name="Basic - Prefix/Base 5" time="0"/>
  <testcase classname="org.openrdf.repository.sail.memory.MemorySPARQLQueryTest" name="Basic - List 1" time="0.019"/>
  <testcase classname="org.openrdf.repository.sail.memory.MemorySPARQLQueryTest" name="Basic - List 2" time="0.024"/>
  <testcase classname="org.openrdf.repository.sail.memory.MemorySPARQLQueryTest" name="Basic - List 3" time="0.014"/>
  <testcase classname="org.openrdf.repository.sail.memory.MemorySPARQLQueryTest" name="Basic - List 4" time="0.018"/>
  <testcase classname="org.openrdf.repository.sail.memory.MemorySPARQLQueryTest" name="Basic - Quotes 1" time="0.006"/>
  <testcase classname="org.openrdf.repository.sail.memory.MemorySPARQLQueryTest" name="Basic - Quotes 2" time="0.011"/>
  <testcase classname="org.openrdf.repository.sail.memory.MemorySPARQLQueryTest" name="Basic - Quotes 3" time="0.008"/>
  <testcase classname="org.openrdf.repository.sail.memory.MemorySPARQLQueryTest" name="Basic - Quotes 4" time="0.006"/>
  <testcase classname="org.openrdf.repository.sail.memory.MemorySPARQLQueryTest" name="Basic - Term 1" time="0.007"/>
  <testcase classname="org.openrdf.repository.sail.memory.MemorySPARQLQueryTest" name="Basic - Term 2" time="0.007"/>
  <testcase classname="org.openrdf.repository.sail.memory.MemorySPARQLQueryTest" name="Basic - Term 3" time="0.012"/>
  <testcase classname="org.openrdf.repository.sail.memory.MemorySPARQLQueryTest" name="Basic - Term 4" time="0.01"/>
  <testcase classname="org.openrdf.repository.sail.memory.MemorySPARQLQueryTest" name="Basic - Term 5" time="0.006"/>
  <testcase classname="org.openrdf.repository.sail.memory.MemorySPARQLQueryTest" name="Basic - Term 6" time="0.01"/>
  <testcase classname="org.openrdf.repository.sail.memory.MemorySPARQLQueryTest" name="Basic - Term 7" time="0.007"/>
  <testcase classname="org.openrdf.repository.sail.memory.MemorySPARQLQueryTest" name="Basic - Term 8" time="0.006"/>
  <testcase classname="org.openrdf.repository.sail.memory.MemorySPARQLQueryTest" name="Basic - Term 9" time="0.006"/>
  <testcase classname="org.openrdf.repository.sail.memory.MemorySPARQLQueryTest" name="Basic - Var 1" time="0.005"/>
  <testcase classname="org.openrdf.repository.sail.memory.MemorySPARQLQueryTest" name="Basic - Var 2" time="0.008"/>
  <testcase classname="org.openrdf.repository.sail.memory.MemorySPARQLQueryTest" name="dawg-triple-pattern-001" time="0.012"/>
  <testcase classname="org.openrdf.repository.sail.memory.MemorySPARQLQueryTest" name="dawg-triple-pattern-002" time="0.005"/>
  <testcase classname="org.openrdf.repository.sail.memory.MemorySPARQLQueryTest" name="dawg-triple-pattern-003" time="0.003"/>
  <testcase classname="org.openrdf.repository.sail.memory.MemorySPARQLQueryTest" name="dawg-triple-pattern-004" time="0.009"/>
  <testcase classname="org.openrdf.repository.sail.memory.MemorySPARQLQueryTest" name="open-eq-01" time="0.006"/>
  <testcase classname="org.openrdf.repository.sail.memory.MemorySPARQLQueryTest" name="open-eq-02" time="0.008"/>
  <testcase classname="org.openrdf.repository.sail.memory.MemorySPARQLQueryTest" name="open-eq-03" time="0.009"/>
  <testcase classname="org.openrdf.repository.sail.memory.MemorySPARQLQueryTest" name="open-eq-04" time="0.012"/>
  <testcase classname="org.openrdf.repository.sail.memory.MemorySPARQLQueryTest" name="open-eq-05" time="0.007"/>
  <testcase classname="org.openrdf.repository.sail.memory.MemorySPARQLQueryTest" name="open-eq-06" time="0.006"/>
  <testcase classname="org.openrdf.repository.sail.memory.MemorySPARQLQueryTest" name="open-eq-07" time="0.019"/>
  <testcase classname="org.openrdf.repository.sail.memory.MemorySPARQLQueryTest" name="open-eq-08" time="0.032"/>
  <testcase classname="org.openrdf.repository.sail.memory.MemorySPARQLQueryTest" name="open-eq-09" time="0.011"/>
  <testcase classname="org.openrdf.repository.sail.memory.MemorySPARQLQueryTest" name="open-eq-10" time="0.019"/>
  <testcase classname="org.openrdf.repository.sail.memory.MemorySPARQLQueryTest" name="open-eq-11" time="0.031"/>
  <testcase classname="org.openrdf.repository.sail.memory.MemorySPARQLQueryTest" name="open-eq-12" time="0.016"/>
  <testcase classname="org.openrdf.repository.sail.memory.MemorySPARQLQueryTest" name="date-2" time="0.007"/>
  <testcase classname="org.openrdf.repository.sail.memory.MemorySPARQLQueryTest" name="date-3" time="0.008"/>
  <testcase classname="org.openrdf.repository.sail.memory.MemorySPARQLQueryTest" name="date-4" time="0.008"/>
  <testcase classname="org.openrdf.repository.sail.memory.MemorySPARQLQueryTest" name="open-cmp-01" time="0.01"/>
  <testcase classname="org.openrdf.repository.sail.memory.MemorySPARQLQueryTest" name="open-cmp-02" time="0.009"/>
  <testcase classname="org.openrdf.repository.sail.memory.MemorySPARQLQueryTest" name="Join operator with OPTs, BGPs, and UNIONs" time="0.01"/>
  <testcase classname="org.openrdf.repository.sail.memory.MemorySPARQLQueryTest" name="Join operator with Graph and Union" time="0.01"/>
  <testcase classname="org.openrdf.repository.sail.memory.MemorySPARQLQueryTest" name="Nested Optionals - 1" time="0.009"/>
  <testcase classname="org.openrdf.repository.sail.memory.MemorySPARQLQueryTest" name="Nested Optionals - 2" time="0.013"/>
  <testcase classname="org.openrdf.repository.sail.memory.MemorySPARQLQueryTest" name="Optional-filter - 1" time="0.015"/>
  <testcase classname="org.openrdf.repository.sail.memory.MemorySPARQLQueryTest" name="Optional-filter - 2 filters" time="0.006"/>
  <testcase classname="org.openrdf.repository.sail.memory.MemorySPARQLQueryTest" name="Optional-filter - scope of variable" time="0.006"/>
  <testcase classname="org.openrdf.repository.sail.memory.MemorySPARQLQueryTest" name="Filter-placement - 1" time="0.006"/>
  <testcase classname="org.openrdf.repository.sail.memory.MemorySPARQLQueryTest" name="Filter-placement - 2" time="0.006"/>
  <testcase classname="org.openrdf.repository.sail.memory.MemorySPARQLQueryTest" name="Filter-placement - 3" time="0.007"/>
  <testcase classname="org.openrdf.repository.sail.memory.MemorySPARQLQueryTest" name="Filter-nested - 1" time="0.006"/>
  <testcase classname="org.openrdf.repository.sail.memory.MemorySPARQLQueryTest" name="Filter-nested - 2" time="0.006"/>
  <testcase classname="org.openrdf.repository.sail.memory.MemorySPARQLQueryTest" name="Filter-scope - 1" time="0.009"/>
  <testcase classname="org.openrdf.repository.sail.memory.MemorySPARQLQueryTest" name="Join scope - 1" time="0.008"/>
  <testcase classname="org.openrdf.repository.sail.memory.MemorySPARQLQueryTest" name="dawg-bnode-coreference" time="0.01"/>
  <testcase classname="org.openrdf.repository.sail.memory.MemorySPARQLQueryTest" name="Complex optional semantics: 1" time="0.011"/>
  <testcase classname="org.openrdf.repository.sail.memory.MemorySPARQLQueryTest" name="Complex optional semantics: 2" time="0.02"/>
  <testcase classname="org.openrdf.repository.sail.memory.MemorySPARQLQueryTest" name="Complex optional semantics: 3" time="0.011"/>
  <testcase classname="org.openrdf.repository.sail.memory.MemorySPARQLQueryTest" name="Complex optional semantics: 4" time="0.01"/>
  <testcase classname="org.openrdf.repository.sail.memory.MemorySPARQLQueryTest" name="One optional clause" time="0.005"/>
  <testcase classname="org.openrdf.repository.sail.memory.MemorySPARQLQueryTest" name="Two optional clauses" time="0.006"/>
  <testcase classname="org.openrdf.repository.sail.memory.MemorySPARQLQueryTest" name="Union is not optional" time="0.005"/>
  <testcase classname="org.openrdf.repository.sail.memory.MemorySPARQLQueryTest" name="OPTIONAL-FILTER" time="0.005"/>
  <testcase classname="org.openrdf.repository.sail.memory.MemorySPARQLQueryTest" name="OPTIONAL - Outer FILTER" time="0.004"/>
  <testcase classname="org.openrdf.repository.sail.memory.MemorySPARQLQueryTest" name="OPTIONAL - Outer FILTER with BOUND" time="0.006"/>
  <testcase classname="org.openrdf.repository.sail.memory.MemorySPARQLQueryTest" name="OPTIONAL - Inner FILTER with negative EBV for outer variables" time="0.007"/>
  <testcase classname="org.openrdf.repository.sail.memory.MemorySPARQLQueryTest" name="graph-01" time="0.01"/>
  <testcase classname="org.openrdf.repository.sail.memory.MemorySPARQLQueryTest" name="graph-02" time="0.004"/>
  <testcase classname="org.openrdf.repository.sail.memory.MemorySPARQLQueryTest" name="graph-03" time="0.003"/>
  <testcase classname="org.openrdf.repository.sail.memory.MemorySPARQLQueryTest" name="graph-04" time="0.003"/>
  <testcase classname="org.openrdf.repository.sail.memory.MemorySPARQLQueryTest" name="graph-05" time="0.005"/>
  <testcase classname="org.openrdf.repository.sail.memory.MemorySPARQLQueryTest" name="graph-06" time="0.004"/>
  <testcase classname="org.openrdf.repository.sail.memory.MemorySPARQLQueryTest" name="graph-07" time="0.005"/>
  <testcase classname="org.openrdf.repository.sail.memory.MemorySPARQLQueryTest" name="graph-08" time="0.005"/>
  <testcase classname="org.openrdf.repository.sail.memory.MemorySPARQLQueryTest" name="graph-09" time="0.017"/>
  <testcase classname="org.openrdf.repository.sail.memory.MemorySPARQLQueryTest" name="graph-10b" time="0.008"/>
  <testcase classname="org.openrdf.repository.sail.memory.MemorySPARQLQueryTest" name="graph-11" time="0.022"/>
  <testcase classname="org.openrdf.repository.sail.memory.MemorySPARQLQueryTest" name="dataset-01" time="0.003"/>
  <testcase classname="org.openrdf.repository.sail.memory.MemorySPARQLQueryTest" name="dataset-02" time="0.003"/>
  <testcase classname="org.openrdf.repository.sail.memory.MemorySPARQLQueryTest" name="dataset-03" time="0.003"/>
  <testcase classname="org.openrdf.repository.sail.memory.MemorySPARQLQueryTest" name="dataset-04" time="0.003"/>
  <testcase classname="org.openrdf.repository.sail.memory.MemorySPARQLQueryTest" name="dataset-05" time="0.009"/>
  <testcase classname="org.openrdf.repository.sail.memory.MemorySPARQLQueryTest" name="dataset-06" time="0.004"/>
  <testcase classname="org.openrdf.repository.sail.memory.MemorySPARQLQueryTest" name="dataset-07" time="0.005"/>
  <testcase classname="org.openrdf.repository.sail.memory.MemorySPARQLQueryTest" name="dataset-08" time="0.012"/>
  <testcase classname="org.openrdf.repository.sail.memory.MemorySPARQLQueryTest" name="dataset-09b" time="0.004"/>
  <testcase classname="org.openrdf.repository.sail.memory.MemorySPARQLQueryTest" name="dataset-10b" time="0.005"/>
  <testcase classname="org.openrdf.repository.sail.memory.MemorySPARQLQueryTest" name="dataset-11" time="0.015"/>
  <testcase classname="org.openrdf.repository.sail.memory.MemorySPARQLQueryTest" name="dataset-12b" time="0.022"/>
  <testcase classname="org.openrdf.repository.sail.memory.MemorySPARQLQueryTest" name="tP-double-double" time="0.014"/>
  <testcase classname="org.openrdf.repository.sail.memory.MemorySPARQLQueryTest" name="tP-double-float" time="0.005"/>
  <testcase classname="org.openrdf.repository.sail.memory.MemorySPARQLQueryTest" name="tP-double-decimal" time="0.016"/>
  <testcase classname="org.openrdf.repository.sail.memory.MemorySPARQLQueryTest" name="tP-float-float" time="0.005"/>
  <testcase classname="org.openrdf.repository.sail.memory.MemorySPARQLQueryTest" name="tP-float-decimal" time="0.005"/>
  <testcase classname="org.openrdf.repository.sail.memory.MemorySPARQLQueryTest" name="tP-decimal-decimal" time="0.006"/>
  <testcase classname="org.openrdf.repository.sail.memory.MemorySPARQLQueryTest" name="tP-integer-short" time="0.006"/>
  <testcase classname="org.openrdf.repository.sail.memory.MemorySPARQLQueryTest" name="tP-nonPositiveInteger-short" time="0.007"/>
  <testcase classname="org.openrdf.repository.sail.memory.MemorySPARQLQueryTest" name="tP-negativeInteger-short" time="0.004"/>
  <testcase classname="org.openrdf.repository.sail.memory.MemorySPARQLQueryTest" name="tP-long-short" time="0.004"/>
  <testcase classname="org.openrdf.repository.sail.memory.MemorySPARQLQueryTest" name="tP-int-short" time="0.005"/>
  <testcase classname="org.openrdf.repository.sail.memory.MemorySPARQLQueryTest" name="tP-short-short" time="0.004"/>
  <testcase classname="org.openrdf.repository.sail.memory.MemorySPARQLQueryTest" name="tP-byte-short" time="0.005"/>
  <testcase classname="org.openrdf.repository.sail.memory.MemorySPARQLQueryTest" name="tP-nonNegativeInteger-short" time="0.004"/>
  <testcase classname="org.openrdf.repository.sail.memory.MemorySPARQLQueryTest" name="tP-unsignedLong-short" time="0.004"/>
  <testcase classname="org.openrdf.repository.sail.memory.MemorySPARQLQueryTest" name="tP-unsignedInt-short" time="0.007"/>
  <testcase classname="org.openrdf.repository.sail.memory.MemorySPARQLQueryTest" name="tP-unsignedShort-short" time="0.004"/>
  <testcase classname="org.openrdf.repository.sail.memory.MemorySPARQLQueryTest" name="tP-unsignedByte-short" time="0.004"/>
  <testcase classname="org.openrdf.repository.sail.memory.MemorySPARQLQueryTest" name="tP-positiveInteger-short" time="0.005"/>
  <testcase classname="org.openrdf.repository.sail.memory.MemorySPARQLQueryTest" name="tP-short-double" time="0.003"/>
  <testcase classname="org.openrdf.repository.sail.memory.MemorySPARQLQueryTest" name="tP-short-float" time="0.004"/>
  <testcase classname="org.openrdf.repository.sail.memory.MemorySPARQLQueryTest" name="tP-short-decimal" time="0.004"/>
  <testcase classname="org.openrdf.repository.sail.memory.MemorySPARQLQueryTest" name="tP-short-short-fail" time="0.004"/>
  <testcase classname="org.openrdf.repository.sail.memory.MemorySPARQLQueryTest" name="tP-byte-short-fail" time="0.004"/>
  <testcase classname="org.openrdf.repository.sail.memory.MemorySPARQLQueryTest" name="tP-short-long-fail" time="0.004"/>
  <testcase classname="org.openrdf.repository.sail.memory.MemorySPARQLQueryTest" name="tP-short-int-fail" time="0.004"/>
  <testcase classname="org.openrdf.repository.sail.memory.MemorySPARQLQueryTest" name="tP-short-byte-fail" time="0.004"/>
  <testcase classname="org.openrdf.repository.sail.memory.MemorySPARQLQueryTest" name="tP-double-float-fail" time="0.005"/>
  <testcase classname="org.openrdf.repository.sail.memory.MemorySPARQLQueryTest" name="tP-double-decimal-fail" time="0.004"/>
  <testcase classname="org.openrdf.repository.sail.memory.MemorySPARQLQueryTest" name="tP-float-decimal-fail" time="0.004"/>
  <testcase classname="org.openrdf.repository.sail.memory.MemorySPARQLQueryTest" name="Cast to xsd:string" time="0.007"/>
  <testcase classname="org.openrdf.repository.sail.memory.MemorySPARQLQueryTest" name="Cast to xsd:float" time="0.007"/>
  <testcase classname="org.openrdf.repository.sail.memory.MemorySPARQLQueryTest" name="Cast to xsd:double" time="0.006"/>
  <testcase classname="org.openrdf.repository.sail.memory.MemorySPARQLQueryTest" name="Cast to xsd:decimal" time="0.005"/>
  <testcase classname="org.openrdf.repository.sail.memory.MemorySPARQLQueryTest" name="Cast to xsd:integer" time="0.005"/>
  <testcase classname="org.openrdf.repository.sail.memory.MemorySPARQLQueryTest" name="Cast to xsd:dateTime" time="0.006"/>
  <testcase classname="org.openrdf.repository.sail.memory.MemorySPARQLQueryTest" name="Cast to xsd:boolean" time="0.005"/>
  <testcase classname="org.openrdf.repository.sail.memory.MemorySPARQLQueryTest" name="Test literal &apos;true&apos;" time="0.036"/>
  <testcase classname="org.openrdf.repository.sail.memory.MemorySPARQLQueryTest" name="Test &apos;boolean effective value&apos; - true" time="0"/>
  <testcase classname="org.openrdf.repository.sail.memory.MemorySPARQLQueryTest" name="Test &apos;boolean effective value&apos; - false" time="0"/>
  <testcase classname="org.openrdf.repository.sail.memory.MemorySPARQLQueryTest" name="Test &apos;boolean effective value&apos; - &amp;&amp;" time="0.01"/>
  <testcase classname="org.openrdf.repository.sail.memory.MemorySPARQLQueryTest" name="Test &apos;boolean effective value&apos; - ||" time="0.004"/>
  <testcase classname="org.openrdf.repository.sail.memory.MemorySPARQLQueryTest" name="Test &apos;boolean effective value&apos; - optional" time="0.003"/>
  <testcase classname="org.openrdf.repository.sail.memory.MemorySPARQLQueryTest" name="Test &apos;boolean effective value&apos; - unknown types" time="0.007"/>
  <testcase classname="org.openrdf.repository.sail.memory.MemorySPARQLQueryTest" name="dawg-bound-query-001" time="0.003"/>
  <testcase classname="org.openrdf.repository.sail.memory.MemorySPARQLQueryTest" name="isLiteral" time="0.016"/>
  <testcase classname="org.openrdf.repository.sail.memory.MemorySPARQLQueryTest" name="str-1" time="0.007"/>
  <testcase classname="org.openrdf.repository.sail.memory.MemorySPARQLQueryTest" name="str-2" time="0.007"/>
  <testcase classname="org.openrdf.repository.sail.memory.MemorySPARQLQueryTest" name="str-3" time="0.004"/>
  <testcase classname="org.openrdf.repository.sail.memory.MemorySPARQLQueryTest" name="str-4" time="0.005"/>
  <testcase classname="org.openrdf.repository.sail.memory.MemorySPARQLQueryTest" name="isBlank-1" time="0.005"/>
  <testcase classname="org.openrdf.repository.sail.memory.MemorySPARQLQueryTest" name="datatype-1" time="0.004"/>
  <testcase classname="org.openrdf.repository.sail.memory.MemorySPARQLQueryTest" name="datatype-2 : Literals with a datatype" time="0.006"/>
  <testcase classname="org.openrdf.repository.sail.memory.MemorySPARQLQueryTest" name="datatype-3 : Literals with a datatype of xsd:string" time="0.007"/>
  <testcase classname="org.openrdf.repository.sail.memory.MemorySPARQLQueryTest" name="lang-1 : Literals with a lang tag of some kind" time="0.007"/>
  <testcase classname="org.openrdf.repository.sail.memory.MemorySPARQLQueryTest" name="lang-2 : Literals with a lang tag of &apos;&apos;" time="0.007"/>
  <testcase classname="org.openrdf.repository.sail.memory.MemorySPARQLQueryTest" name="lang-3 : Graph matching with lang tag being a different case" time="0.006"/>
  <testcase classname="org.openrdf.repository.sail.memory.MemorySPARQLQueryTest" name="isURI-1" time="0.004"/>
  <testcase classname="org.openrdf.repository.sail.memory.MemorySPARQLQueryTest" name="isIRI-1" time="0.004"/>
  <testcase classname="org.openrdf.repository.sail.memory.MemorySPARQLQueryTest" name="LangMatches-1" time="0.004"/>
  <testcase classname="org.openrdf.repository.sail.memory.MemorySPARQLQueryTest" name="LangMatches-2" time="0.005"/>
  <testcase classname="org.openrdf.repository.sail.memory.MemorySPARQLQueryTest" name="LangMatches-3" time="0.004"/>
  <testcase classname="org.openrdf.repository.sail.memory.MemorySPARQLQueryTest" name="LangMatches-4" time="0.003"/>
  <testcase classname="org.openrdf.repository.sail.memory.MemorySPARQLQueryTest" name="LangMatches-basic" time="0.005"/>
  <testcase classname="org.openrdf.repository.sail.memory.MemorySPARQLQueryTest" name="lang-case-insensitive-eq" time="0.005"/>
  <testcase classname="org.openrdf.repository.sail.memory.MemorySPARQLQueryTest" name="lang-case-insensitive-ne" time="0.006"/>
  <testcase classname="org.openrdf.repository.sail.memory.MemorySPARQLQueryTest" name="sameTerm-simple" time="0.011"/>
  <testcase classname="org.openrdf.repository.sail.memory.MemorySPARQLQueryTest" name="sameTerm-eq" time="0.008"/>
  <testcase classname="org.openrdf.repository.sail.memory.MemorySPARQLQueryTest" name="sameTerm-not-eq" time="0.02"/>
  <testcase classname="org.openrdf.repository.sail.memory.MemorySPARQLQueryTest" name="Unary Plusn" time="0.004"/>
  <testcase classname="org.openrdf.repository.sail.memory.MemorySPARQLQueryTest" name="Unary Minus" time="0.004"/>
  <testcase classname="org.openrdf.repository.sail.memory.MemorySPARQLQueryTest" name="Addition" time="0.005"/>
  <testcase classname="org.openrdf.repository.sail.memory.MemorySPARQLQueryTest" name="Subtraction" time="0.005"/>
  <testcase classname="org.openrdf.repository.sail.memory.MemorySPARQLQueryTest" name="Multiplication" time="0.005"/>
  <testcase classname="org.openrdf.repository.sail.memory.MemorySPARQLQueryTest" name="Greater-than or equals" time="0.004"/>
  <testcase classname="org.openrdf.repository.sail.memory.MemorySPARQLQueryTest" name="Less-than or equals" time="0.004"/>
  <testcase classname="org.openrdf.repository.sail.memory.MemorySPARQLQueryTest" name="Equality 1-1" time="0.004"/>
  <testcase classname="org.openrdf.repository.sail.memory.MemorySPARQLQueryTest" name="Equality 1-2" time="0.003"/>
  <testcase classname="org.openrdf.repository.sail.memory.MemorySPARQLQueryTest" name="Equality 1-3" time="0.004"/>
  <testcase classname="org.openrdf.repository.sail.memory.MemorySPARQLQueryTest" name="Equality 1-4" time="0.003"/>
  <testcase classname="org.openrdf.repository.sail.memory.MemorySPARQLQueryTest" name="Equality 1-5" time="0.003"/>
  <testcase classname="org.openrdf.repository.sail.memory.MemorySPARQLQueryTest" name="Equality - 2 var - test equals" time="0.043"/>
  <testcase classname="org.openrdf.repository.sail.memory.MemorySPARQLQueryTest" name="Equality - 2 var - test not equals " time="0.026"/>
  <testcase classname="org.openrdf.repository.sail.memory.MemorySPARQLQueryTest" name="Equality 1-1 -- graph" time="0.002"/>
  <testcase classname="org.openrdf.repository.sail.memory.MemorySPARQLQueryTest" name="Equality 1-2 -- graph" time="0.002"/>
  <testcase classname="org.openrdf.repository.sail.memory.MemorySPARQLQueryTest" name="Equality 1-3 -- graph" time="0.003"/>
  <testcase classname="org.openrdf.repository.sail.memory.MemorySPARQLQueryTest" name="Equality 1-4 -- graph" time="0.004"/>
  <testcase classname="org.openrdf.repository.sail.memory.MemorySPARQLQueryTest" name="Equality 1-5 -- graph" time="0.002"/>
  <testcase classname="org.openrdf.repository.sail.memory.MemorySPARQLQueryTest" name="regex-query-001" time="0.006"/>
  <testcase classname="org.openrdf.repository.sail.memory.MemorySPARQLQueryTest" name="regex-query-002" time="0.014"/>
  <testcase classname="org.openrdf.repository.sail.memory.MemorySPARQLQueryTest" name="regex-query-003" time="0.004"/>
  <testcase classname="org.openrdf.repository.sail.memory.MemorySPARQLQueryTest" name="regex-query-004" time="0.003"/>
  <testcase classname="org.openrdf.repository.sail.memory.MemorySPARQLQueryTest" name="kanji-01" time="0.004"/>
  <testcase classname="org.openrdf.repository.sail.memory.MemorySPARQLQueryTest" name="kanji-02" time="0.004"/>
  <testcase classname="org.openrdf.repository.sail.memory.MemorySPARQLQueryTest" name="normalization-01" time="0.004"/>
  <testcase classname="org.openrdf.repository.sail.memory.MemorySPARQLQueryTest" name="normalization-02" time="0.008"/>
  <testcase classname="org.openrdf.repository.sail.memory.MemorySPARQLQueryTest" name="normalization-03" time="0.004"/>
  <testcase classname="org.openrdf.repository.sail.memory.MemorySPARQLQueryTest" name="dawg-construct-identity" time="0.004"/>
  <testcase classname="org.openrdf.repository.sail.memory.MemorySPARQLQueryTest" name="dawg-construct-subgraph" time="0.003"/>
  <testcase classname="org.openrdf.repository.sail.memory.MemorySPARQLQueryTest" name="dawg-construct-reification-1" time="0.005"/>
  <testcase classname="org.openrdf.repository.sail.memory.MemorySPARQLQueryTest" name="dawg-construct-reification-2" time="0.004"/>
  <testcase classname="org.openrdf.repository.sail.memory.MemorySPARQLQueryTest" name="dawg-construct-optional" time="0.002"/>
  <testcase classname="org.openrdf.repository.sail.memory.MemorySPARQLQueryTest" name="ASK-1  SPARQL XML results " time="0.006"/>
  <testcase classname="org.openrdf.repository.sail.memory.MemorySPARQLQueryTest" name="ASK-4  SPARQL XML results " time="0.02"/>
  <testcase classname="org.openrdf.repository.sail.memory.MemorySPARQLQueryTest" name="ASK-7  SPARQL XML results " time="0.003"/>
  <testcase classname="org.openrdf.repository.sail.memory.MemorySPARQLQueryTest" name="ASK-8  SPARQL XML results " time="0.003"/>
  <testcase classname="org.openrdf.repository.sail.memory.MemorySPARQLQueryTest" name="SELECT DISTINCT *" time="0.005"/>
  <testcase classname="org.openrdf.repository.sail.memory.MemorySPARQLQueryTest" name="Numbers: No distinct" time="0.015"/>
  <testcase classname="org.openrdf.repository.sail.memory.MemorySPARQLQueryTest" name="Numbers: Distinct" time="0.012"/>
  <testcase classname="org.openrdf.repository.sail.memory.MemorySPARQLQueryTest" name="Strings: No distinct" time="0.005"/>
  <testcase classname="org.openrdf.repository.sail.memory.MemorySPARQLQueryTest" name="Strings: Distinct" time="0.005"/>
  <testcase classname="org.openrdf.repository.sail.memory.MemorySPARQLQueryTest" name="Nodes: No distinct" time="0.006"/>
  <testcase classname="org.openrdf.repository.sail.memory.MemorySPARQLQueryTest" name="Nodes: Distinct" time="0.004"/>
  <testcase classname="org.openrdf.repository.sail.memory.MemorySPARQLQueryTest" name="Opt: No distinct" time="0.006"/>
  <testcase classname="org.openrdf.repository.sail.memory.MemorySPARQLQueryTest" name="Opt: Distinct" time="0.006"/>
  <testcase classname="org.openrdf.repository.sail.memory.MemorySPARQLQueryTest" name="All: No distinct" time="0.01"/>
  <testcase classname="org.openrdf.repository.sail.memory.MemorySPARQLQueryTest" name="All: Distinct" time="0.008"/>
  <testcase classname="org.openrdf.repository.sail.memory.MemorySPARQLQueryTest" name="sort-1" time="0.127"/>
  <testcase classname="org.openrdf.repository.sail.memory.MemorySPARQLQueryTest" name="sort-2" time="0.008"/>
  <testcase classname="org.openrdf.repository.sail.memory.MemorySPARQLQueryTest" name="sort-3" time="0.01"/>
  <testcase classname="org.openrdf.repository.sail.memory.MemorySPARQLQueryTest" name="sort-4" time="0.007"/>
  <testcase classname="org.openrdf.repository.sail.memory.MemorySPARQLQueryTest" name="sort-5" time="0.017"/>
  <testcase classname="org.openrdf.repository.sail.memory.MemorySPARQLQueryTest" name="sort-6" time="0.01"/>
  <testcase classname="org.openrdf.repository.sail.memory.MemorySPARQLQueryTest" name="sort-7" time="0.01"/>
  <testcase classname="org.openrdf.repository.sail.memory.MemorySPARQLQueryTest" name="sort-8" time="0.008"/>
  <testcase classname="org.openrdf.repository.sail.memory.MemorySPARQLQueryTest" name="sort-9" time="0.005"/>
  <testcase classname="org.openrdf.repository.sail.memory.MemorySPARQLQueryTest" name="sort-10" time="0.018"/>
  <testcase classname="org.openrdf.repository.sail.memory.MemorySPARQLQueryTest" name="Expression sort" time="0.006"/>
  <testcase classname="org.openrdf.repository.sail.memory.MemorySPARQLQueryTest" name="Builtin sort" time="0.004"/>
  <testcase classname="org.openrdf.repository.sail.memory.MemorySPARQLQueryTest" name="Function sort" time="0.004"/>
  <testcase classname="org.openrdf.repository.sail.memory.MemorySPARQLQueryTest" name="Limit 1" time="0.004"/>
  <testcase classname="org.openrdf.repository.sail.memory.MemorySPARQLQueryTest" name="Limit 2" time="0.004"/>
  <testcase classname="org.openrdf.repository.sail.memory.MemorySPARQLQueryTest" name="Limit 3" time="0.003"/>
  <testcase classname="org.openrdf.repository.sail.memory.MemorySPARQLQueryTest" name="Limit 4" time="0.004"/>
  <testcase classname="org.openrdf.repository.sail.memory.MemorySPARQLQueryTest" name="Offset 1" time="0.007"/>
  <testcase classname="org.openrdf.repository.sail.memory.MemorySPARQLQueryTest" name="Offset 2" time="0.026"/>
  <testcase classname="org.openrdf.repository.sail.memory.MemorySPARQLQueryTest" name="Offset 3" time="0.004"/>
  <testcase classname="org.openrdf.repository.sail.memory.MemorySPARQLQueryTest" name="Offset 4" time="0.003"/>
  <testcase classname="org.openrdf.repository.sail.memory.MemorySPARQLQueryTest" name="Slice 1" time="0.004"/>
  <testcase classname="org.openrdf.repository.sail.memory.MemorySPARQLQueryTest" name="Slice 2" time="0.003"/>
  <testcase classname="org.openrdf.repository.sail.memory.MemorySPARQLQueryTest" name="Slice 3" time="0.004"/>
  <testcase classname="org.openrdf.repository.sail.memory.MemorySPARQLQueryTest" name="Slice 4" time="0.008"/>
  <testcase classname="org.openrdf.repository.sail.memory.MemorySPARQLQueryTest" name="Slice 5" time="0.003"/>
  <testcase classname="org.openrdf.repository.sail.memory.MemorySPARQLQueryTest" name="SELECT REDUCED *" time="0.005"/>
  <testcase classname="org.openrdf.repository.sail.memory.MemorySPARQLQueryTest" name="SELECT REDUCED ?x with strings" time="0.012"/>
</testsuite>