<?xml version="1.0" encoding="UTF-8" ?>
<testsuite tests="35" failures="0" name="org.openrdf.sail.federation.FederationTest" time="1.194" errors="0" skipped="0">
  <properties>
[...]
</properties>
  <testcase classname="org.openrdf.sail.federation.FederationTest" name="testGetNamespace" time="0"/>
  <testcase classname="org.openrdf.sail.federation.FederationTest" name="testAddData" time="0.005"/>
  <testcase classname="org.openrdf.sail.federation.FederationTest" name="testDualConnections" time="0.019"/>
  <testcase classname="org.openrdf.sail.federation.FederationTest" name="testEmptyRepository" time="0.001"/>
  <testcase classname="org.openrdf.sail.federation.FederationTest" name="testDecimalRoundTrip" time="0.002"/>
  <testcase classname="org.openrdf.sail.federation.FederationTest" name="testClose" time="0.001"/>
  <testcase classname="org.openrdf.sail.federation.FederationTest" name="testSize" time="0.001"/>
  <testcase classname="org.openrdf.sail.federation.FederationTest" name="testClearNamespaces" time="0.001"/>
  <testcase classname="org.openrdf.sail.federation.FederationTest" name="testMultiThreadedAccess" time="1.029"/>
  <testcase classname="org.openrdf.sail.federation.FederationTest" name="testStatementEquals" time="0.001"/>
  <testcase classname="org.openrdf.sail.federation.FederationTest" name="testNullPrefixDisallowed" time="0.001"/>
  <testcase classname="org.openrdf.sail.federation.FederationTest" name="testTimeZoneRoundTrip" time="0.007"/>
  <testcase classname="org.openrdf.sail.federation.FederationTest" name="testBNodeReuse" time="0.003"/>
  <testcase classname="org.openrdf.sail.federation.FederationTest" name="testContexts" time="0.002"/>
  <testcase classname="org.openrdf.sail.federation.FederationTest" name="testRemoveNamespaces" time="0.011"/>
  <testcase classname="org.openrdf.sail.federation.FederationTest" name="testQueryBindings" time="0.013"/>
  <testcase classname="org.openrdf.sail.federation.FederationTest" name="testInvalidDateTime" time="0.001"/>
  <testcase classname="org.openrdf.sail.federation.FederationTest" name="testLongLiteralRoundTrip" time="0.002"/>
  <testcase classname="org.openrdf.sail.federation.FederationTest" name="testAddWhileQuerying" time="0.003"/>
  <testcase classname="org.openrdf.sail.federation.FederationTest" name="testRemoveAndClear" time="0.003"/>
  <testcase classname="org.openrdf.sail.federation.FederationTest" name="testCreateURI1" time="0.005"/>
  <testcase classname="org.openrdf.sail.federation.FederationTest" name="testCreateURI2" time="0.001"/>
  <testcase classname="org.openrdf.sail.federation.FederationTest" name="testLongLangRoundTrip" time="0.002"/>
  <testcase classname="org.openrdf.sail.federation.FederationTest" name="testLongURIRoundTrip" time="0.002"/>
  <testcase classname="org.openrdf.sail.federation.FederationTest" name="testValueRoundTrip1" time="0.003"/>
  <testcase classname="org.openrdf.sail.federation.FederationTest" name="testValueRoundTrip2" time="0.002"/>
  <testcase classname="org.openrdf.sail.federation.FederationTest" name="testValueRoundTrip3" time="0.003"/>
  <testcase classname="org.openrdf.sail.federation.FederationTest" name="testValueRoundTrip4" time="0.002"/>
  <testcase classname="org.openrdf.sail.federation.FederationTest" name="testValueRoundTrip5" time="0.002"/>
  <testcase classname="org.openrdf.sail.federation.FederationTest" name="testNullNamespaceDisallowed" time="0.001"/>
  <testcase classname="org.openrdf.sail.federation.FederationTest" name="testStatementSerialization" time="0.002"/>
  <testcase classname="org.openrdf.sail.federation.FederationTest" name="testOldURI" time="0.001"/>
  <testcase classname="org.openrdf.sail.federation.FederationTest" name="testGetNamespaces" time="0.001"/>
  <testcase classname="org.openrdf.sail.federation.FederationTest" name="testGetContextIDs" time="0.001"/>
  <testcase classname="org.openrdf.sail.federation.FederationTest" name="testReallyLongLiteralRoundTrip" time="0.06"/>
</testsuite>