<?xml version="1.0" encoding="UTF-8" ?>
<testsuite tests="61" failures="0" name="org.openrdf.repository.sail.memory.MemoryStoreConnectionTest" time="2.212" errors="0" skipped="0">
  <properties>
[...]
</properties>
  <testcase classname="org.openrdf.repository.sail.memory.MemoryStoreConnectionTest" name="testSimpleBooleanQuery" time="0.002"/>
  <testcase classname="org.openrdf.repository.sail.memory.MemoryStoreConnectionTest" name="testGetNamespace" time="0.002"/>
  <testcase classname="org.openrdf.repository.sail.memory.MemoryStoreConnectionTest" name="testGraphSerialization" time="0.007"/>
  <testcase classname="org.openrdf.repository.sail.memory.MemoryStoreConnectionTest" name="testExclusiveNullContext" time="0.006"/>
  <testcase classname="org.openrdf.repository.sail.memory.MemoryStoreConnectionTest" name="testAddMalformedLiteralsStrictConfig" time="0.003"/>
  <testcase classname="org.openrdf.repository.sail.memory.MemoryStoreConnectionTest" name="testAddMalformedLiteralsDefaultConfig" time="0.004"/>
  <testcase classname="org.openrdf.repository.sail.memory.MemoryStoreConnectionTest" name="testGetStatementsMalformedTypedLiteral" time="0.001"/>
  <testcase classname="org.openrdf.repository.sail.memory.MemoryStoreConnectionTest" name="testSizeRollback" time="0.001"/>
  <testcase classname="org.openrdf.repository.sail.memory.MemoryStoreConnectionTest" name="testAutoCommit" time="0"/>
  <testcase classname="org.openrdf.repository.sail.memory.MemoryStoreConnectionTest" name="testEmptyRollback" time="0"/>
  <testcase classname="org.openrdf.repository.sail.memory.MemoryStoreConnectionTest" name="testClear" time="0.001"/>
  <testcase classname="org.openrdf.repository.sail.memory.MemoryStoreConnectionTest" name="testAddStatement" time="0.001"/>
  <testcase classname="org.openrdf.repository.sail.memory.MemoryStoreConnectionTest" name="testOpen" time="0"/>
  <testcase classname="org.openrdf.repository.sail.memory.MemoryStoreConnectionTest" name="testAddGzipInputStream" time="0.002"/>
  <testcase classname="org.openrdf.repository.sail.memory.MemoryStoreConnectionTest" name="testAddInputStream" time="0.005"/>
  <testcase classname="org.openrdf.repository.sail.memory.MemoryStoreConnectionTest" name="testDefaultInsertContext" time="0.005"/>
  <testcase classname="org.openrdf.repository.sail.memory.MemoryStoreConnectionTest" name="testLiteralSerialization" time="0.002"/>
  <testcase classname="org.openrdf.repository.sail.memory.MemoryStoreConnectionTest" name="testPreparedGraphQuery" time="0.014"/>
  <testcase classname="org.openrdf.repository.sail.memory.MemoryStoreConnectionTest" name="testQueryDefaultGraph" time="0.002"/>
  <testcase classname="org.openrdf.repository.sail.memory.MemoryStoreConnectionTest" name="testSimpleTupleQuery" time="0.003"/>
  <testcase classname="org.openrdf.repository.sail.memory.MemoryStoreConnectionTest" name="testBNodeSerialization" time="0.003"/>
  <testcase classname="org.openrdf.repository.sail.memory.MemoryStoreConnectionTest" name="testGetStatementsMalformedLanguageLiteral" time="0.001"/>
  <testcase classname="org.openrdf.repository.sail.memory.MemoryStoreConnectionTest" name="testRecoverFromParseError" time="0.001"/>
  <testcase classname="org.openrdf.repository.sail.memory.MemoryStoreConnectionTest" name="testAddLiteralWithNewline" time="0.002"/>
  <testcase classname="org.openrdf.repository.sail.memory.MemoryStoreConnectionTest" name="testRemoveStatementIteration" time="0.003"/>
  <testcase classname="org.openrdf.repository.sail.memory.MemoryStoreConnectionTest" name="testRemoveStatements" time="0.018"/>
  <testcase classname="org.openrdf.repository.sail.memory.MemoryStoreConnectionTest" name="testGetStatementsInMultipleContexts" time="0.028"/>
  <testcase classname="org.openrdf.repository.sail.memory.MemoryStoreConnectionTest" name="testPreparedBooleanQuery" time="0.017"/>
  <testcase classname="org.openrdf.repository.sail.memory.MemoryStoreConnectionTest" name="testGetStatementsInSingleContext" time="0.001"/>
  <testcase classname="org.openrdf.repository.sail.memory.MemoryStoreConnectionTest" name="testPreparedTupleQuery2" time="0.004"/>
  <testcase classname="org.openrdf.repository.sail.memory.MemoryStoreConnectionTest" name="testEmptyCommit" time="0.002"/>
  <testcase classname="org.openrdf.repository.sail.memory.MemoryStoreConnectionTest" name="testUpdateBaseURI" time="0.001"/>
  <testcase classname="org.openrdf.repository.sail.memory.MemoryStoreConnectionTest" name="testDuplicateFilter" time="0.001"/>
  <testcase classname="org.openrdf.repository.sail.memory.MemoryStoreConnectionTest" name="testSimpleTupleQueryUnicode" time="0.003"/>
  <testcase classname="org.openrdf.repository.sail.memory.MemoryStoreConnectionTest" name="testRollback" time="0.012"/>
  <testcase classname="org.openrdf.repository.sail.memory.MemoryStoreConnectionTest" name="testAddReader" time="0.003"/>
  <testcase classname="org.openrdf.repository.sail.memory.MemoryStoreConnectionTest" name="testAddRemove" time="0.002"/>
  <testcase classname="org.openrdf.repository.sail.memory.MemoryStoreConnectionTest" name="testDeleteDefaultGraph" time="0.001"/>
  <testcase classname="org.openrdf.repository.sail.memory.MemoryStoreConnectionTest" name="testPreparedTupleQuery" time="0.001"/>
  <testcase classname="org.openrdf.repository.sail.memory.MemoryStoreConnectionTest" name="testAddZipFile" time="0.002"/>
  <testcase classname="org.openrdf.repository.sail.memory.MemoryStoreConnectionTest" name="testSizeCommit" time="0"/>
  <testcase classname="org.openrdf.repository.sail.memory.MemoryStoreConnectionTest" name="testDataset" time="0.004"/>
  <testcase classname="org.openrdf.repository.sail.memory.MemoryStoreConnectionTest" name="testPrepareSeRQLQuery" time="0.004"/>
  <testcase classname="org.openrdf.repository.sail.memory.MemoryStoreConnectionTest" name="testInferredStatementCount" time="0.002"/>
  <testcase classname="org.openrdf.repository.sail.memory.MemoryStoreConnectionTest" name="testRemoveStatementCollection" time="0.001"/>
  <testcase classname="org.openrdf.repository.sail.memory.MemoryStoreConnectionTest" name="testOrderByQueriesAreInterruptable" time="2.007"/>
  <testcase classname="org.openrdf.repository.sail.memory.MemoryStoreConnectionTest" name="testGetStatements" time="0.002"/>
  <testcase classname="org.openrdf.repository.sail.memory.MemoryStoreConnectionTest" name="testOrPredicate" time="0.001"/>
  <testcase classname="org.openrdf.repository.sail.memory.MemoryStoreConnectionTest" name="testOptionalFilter" time="0.002"/>
  <testcase classname="org.openrdf.repository.sail.memory.MemoryStoreConnectionTest" name="testStatementSerialization" time="0.003"/>
  <testcase classname="org.openrdf.repository.sail.memory.MemoryStoreConnectionTest" name="testPreparedTupleQueryUnicode" time="0.002"/>
  <testcase classname="org.openrdf.repository.sail.memory.MemoryStoreConnectionTest" name="testSES713" time="0.001"/>
  <testcase classname="org.openrdf.repository.sail.memory.MemoryStoreConnectionTest" name="testDefaultContext" time="0.004"/>
  <testcase classname="org.openrdf.repository.sail.memory.MemoryStoreConnectionTest" name="testGetNamespaces" time="0.001"/>
  <testcase classname="org.openrdf.repository.sail.memory.MemoryStoreConnectionTest" name="testTransactionIsolation" time="0.001"/>
  <testcase classname="org.openrdf.repository.sail.memory.MemoryStoreConnectionTest" name="testGetContextIDs" time="0.002"/>
  <testcase classname="org.openrdf.repository.sail.memory.MemoryStoreConnectionTest" name="testURISerialization" time="0.001"/>
  <testcase classname="org.openrdf.repository.sail.memory.MemoryStoreConnectionTest" name="testSimpleGraphQuery" time="0.001"/>
  <testcase classname="org.openrdf.repository.sail.memory.MemoryStoreConnectionTest" name="testPrepareSPARQLQuery" time="0.002"/>
  <testcase classname="org.openrdf.repository.sail.memory.MemoryStoreConnectionTest" name="testXmlCalendarZ" time="0.003"/>
  <testcase classname="org.openrdf.repository.sail.memory.MemoryStoreConnectionTest" name="testQueryBaseURI" time="0.001"/>
</testsuite>