<?xml version="1.0" encoding="UTF-8" ?>
<testsuite tests="61" failures="0" name="org.openrdf.repository.sail.memory.CustomGraphQueryInferencerMemoryRepositoryConnectionTest" time="3.747" errors="0" skipped="0">
  <properties>
[...]
</properties>
  <testcase classname="org.openrdf.repository.sail.memory.CustomGraphQueryInferencerMemoryRepositoryConnectionTest" name="testSimpleBooleanQuery" time="0.636"/>
  <testcase classname="org.openrdf.repository.sail.memory.CustomGraphQueryInferencerMemoryRepositoryConnectionTest" name="testGetNamespace" time="0.008"/>
  <testcase classname="org.openrdf.repository.sail.memory.CustomGraphQueryInferencerMemoryRepositoryConnectionTest" name="testGraphSerialization" time="0.077"/>
  <testcase classname="org.openrdf.repository.sail.memory.CustomGraphQueryInferencerMemoryRepositoryConnectionTest" name="testExclusiveNullContext" time="0.1"/>
  <testcase classname="org.openrdf.repository.sail.memory.CustomGraphQueryInferencerMemoryRepositoryConnectionTest" name="testAddMalformedLiteralsStrictConfig" time="0.126"/>
  <testcase classname="org.openrdf.repository.sail.memory.CustomGraphQueryInferencerMemoryRepositoryConnectionTest" name="testAddMalformedLiteralsDefaultConfig" time="0.007"/>
  <testcase classname="org.openrdf.repository.sail.memory.CustomGraphQueryInferencerMemoryRepositoryConnectionTest" name="testGetStatementsMalformedTypedLiteral" time="0.008"/>
  <testcase classname="org.openrdf.repository.sail.memory.CustomGraphQueryInferencerMemoryRepositoryConnectionTest" name="testSizeRollback" time="0.006"/>
  <testcase classname="org.openrdf.repository.sail.memory.CustomGraphQueryInferencerMemoryRepositoryConnectionTest" name="testAutoCommit" time="0.007"/>
  <testcase classname="org.openrdf.repository.sail.memory.CustomGraphQueryInferencerMemoryRepositoryConnectionTest" name="testEmptyRollback" time="0.017"/>
  <testcase classname="org.openrdf.repository.sail.memory.CustomGraphQueryInferencerMemoryRepositoryConnectionTest" name="testClear" time="0.024"/>
  <testcase classname="org.openrdf.repository.sail.memory.CustomGraphQueryInferencerMemoryRepositoryConnectionTest" name="testAddStatement" time="0.013"/>
  <testcase classname="org.openrdf.repository.sail.memory.CustomGraphQueryInferencerMemoryRepositoryConnectionTest" name="testOpen" time="0.011"/>
  <testcase classname="org.openrdf.repository.sail.memory.CustomGraphQueryInferencerMemoryRepositoryConnectionTest" name="testAddGzipInputStream" time="0.045"/>
  <testcase classname="org.openrdf.repository.sail.memory.CustomGraphQueryInferencerMemoryRepositoryConnectionTest" name="testAddInputStream" time="0.018"/>
  <testcase classname="org.openrdf.repository.sail.memory.CustomGraphQueryInferencerMemoryRepositoryConnectionTest" name="testDefaultInsertContext" time="0.012"/>
  <testcase classname="org.openrdf.repository.sail.memory.CustomGraphQueryInferencerMemoryRepositoryConnectionTest" name="testLiteralSerialization" time="0.008"/>
  <testcase classname="org.openrdf.repository.sail.memory.CustomGraphQueryInferencerMemoryRepositoryConnectionTest" name="testPreparedGraphQuery" time="0.119"/>
  <testcase classname="org.openrdf.repository.sail.memory.CustomGraphQueryInferencerMemoryRepositoryConnectionTest" name="testQueryDefaultGraph" time="0.007"/>
  <testcase classname="org.openrdf.repository.sail.memory.CustomGraphQueryInferencerMemoryRepositoryConnectionTest" name="testSimpleTupleQuery" time="0.014"/>
  <testcase classname="org.openrdf.repository.sail.memory.CustomGraphQueryInferencerMemoryRepositoryConnectionTest" name="testBNodeSerialization" time="0.006"/>
  <testcase classname="org.openrdf.repository.sail.memory.CustomGraphQueryInferencerMemoryRepositoryConnectionTest" name="testGetStatementsMalformedLanguageLiteral" time="0.005"/>
  <testcase classname="org.openrdf.repository.sail.memory.CustomGraphQueryInferencerMemoryRepositoryConnectionTest" name="testRecoverFromParseError" time="0.006"/>
  <testcase classname="org.openrdf.repository.sail.memory.CustomGraphQueryInferencerMemoryRepositoryConnectionTest" name="testAddLiteralWithNewline" time="0.005"/>
  <testcase classname="org.openrdf.repository.sail.memory.CustomGraphQueryInferencerMemoryRepositoryConnectionTest" name="testRemoveStatementIteration" time="0.004"/>
  <testcase classname="org.openrdf.repository.sail.memory.CustomGraphQueryInferencerMemoryRepositoryConnectionTest" name="testRemoveStatements" time="0.007"/>
  <testcase classname="org.openrdf.repository.sail.memory.CustomGraphQueryInferencerMemoryRepositoryConnectionTest" name="testGetStatementsInMultipleContexts" time="0.008"/>
  <testcase classname="org.openrdf.repository.sail.memory.CustomGraphQueryInferencerMemoryRepositoryConnectionTest" name="testPreparedBooleanQuery" time="0.009"/>
  <testcase classname="org.openrdf.repository.sail.memory.CustomGraphQueryInferencerMemoryRepositoryConnectionTest" name="testGetStatementsInSingleContext" time="0.007"/>
  <testcase classname="org.openrdf.repository.sail.memory.CustomGraphQueryInferencerMemoryRepositoryConnectionTest" name="testPreparedTupleQuery2" time="0.018"/>
  <testcase classname="org.openrdf.repository.sail.memory.CustomGraphQueryInferencerMemoryRepositoryConnectionTest" name="testEmptyCommit" time="0.004"/>
  <testcase classname="org.openrdf.repository.sail.memory.CustomGraphQueryInferencerMemoryRepositoryConnectionTest" name="testUpdateBaseURI" time="0.008"/>
  <testcase classname="org.openrdf.repository.sail.memory.CustomGraphQueryInferencerMemoryRepositoryConnectionTest" name="testDuplicateFilter" time="0.005"/>
  <testcase classname="org.openrdf.repository.sail.memory.CustomGraphQueryInferencerMemoryRepositoryConnectionTest" name="testSimpleTupleQueryUnicode" time="0.005"/>
  <testcase classname="org.openrdf.repository.sail.memory.CustomGraphQueryInferencerMemoryRepositoryConnectionTest" name="testRollback" time="0.005"/>
  <testcase classname="org.openrdf.repository.sail.memory.CustomGraphQueryInferencerMemoryRepositoryConnectionTest" name="testAddReader" time="0.008"/>
  <testcase classname="org.openrdf.repository.sail.memory.CustomGraphQueryInferencerMemoryRepositoryConnectionTest" name="testAddRemove" time="0.011"/>
  <testcase classname="org.openrdf.repository.sail.memory.CustomGraphQueryInferencerMemoryRepositoryConnectionTest" name="testDeleteDefaultGraph" time="0.006"/>
  <testcase classname="org.openrdf.repository.sail.memory.CustomGraphQueryInferencerMemoryRepositoryConnectionTest" name="testPreparedTupleQuery" time="0.039"/>
  <testcase classname="org.openrdf.repository.sail.memory.CustomGraphQueryInferencerMemoryRepositoryConnectionTest" name="testAddZipFile" time="0.037"/>
  <testcase classname="org.openrdf.repository.sail.memory.CustomGraphQueryInferencerMemoryRepositoryConnectionTest" name="testSizeCommit" time="0.004"/>
  <testcase classname="org.openrdf.repository.sail.memory.CustomGraphQueryInferencerMemoryRepositoryConnectionTest" name="testDataset" time="0.007"/>
  <testcase classname="org.openrdf.repository.sail.memory.CustomGraphQueryInferencerMemoryRepositoryConnectionTest" name="testPrepareSeRQLQuery" time="0.006"/>
  <testcase classname="org.openrdf.repository.sail.memory.CustomGraphQueryInferencerMemoryRepositoryConnectionTest" name="testInferredStatementCount" time="0.003"/>
  <testcase classname="org.openrdf.repository.sail.memory.CustomGraphQueryInferencerMemoryRepositoryConnectionTest" name="testRemoveStatementCollection" time="0.004"/>
  <testcase classname="org.openrdf.repository.sail.memory.CustomGraphQueryInferencerMemoryRepositoryConnectionTest" name="testOrderByQueriesAreInterruptable" time="2.038"/>
  <testcase classname="org.openrdf.repository.sail.memory.CustomGraphQueryInferencerMemoryRepositoryConnectionTest" name="testGetStatements" time="0.004"/>
  <testcase classname="org.openrdf.repository.sail.memory.CustomGraphQueryInferencerMemoryRepositoryConnectionTest" name="testOrPredicate" time="0.011"/>
  <testcase classname="org.openrdf.repository.sail.memory.CustomGraphQueryInferencerMemoryRepositoryConnectionTest" name="testOptionalFilter" time="0.011"/>
  <testcase classname="org.openrdf.repository.sail.memory.CustomGraphQueryInferencerMemoryRepositoryConnectionTest" name="testStatementSerialization" time="0.008"/>
  <testcase classname="org.openrdf.repository.sail.memory.CustomGraphQueryInferencerMemoryRepositoryConnectionTest" name="testPreparedTupleQueryUnicode" time="0.004"/>
  <testcase classname="org.openrdf.repository.sail.memory.CustomGraphQueryInferencerMemoryRepositoryConnectionTest" name="testSES713" time="0.009"/>
  <testcase classname="org.openrdf.repository.sail.memory.CustomGraphQueryInferencerMemoryRepositoryConnectionTest" name="testDefaultContext" time="0.014"/>
  <testcase classname="org.openrdf.repository.sail.memory.CustomGraphQueryInferencerMemoryRepositoryConnectionTest" name="testGetNamespaces" time="0.02"/>
  <testcase classname="org.openrdf.repository.sail.memory.CustomGraphQueryInferencerMemoryRepositoryConnectionTest" name="testTransactionIsolation" time="0.004"/>
  <testcase classname="org.openrdf.repository.sail.memory.CustomGraphQueryInferencerMemoryRepositoryConnectionTest" name="testGetContextIDs" time="0.005"/>
  <testcase classname="org.openrdf.repository.sail.memory.CustomGraphQueryInferencerMemoryRepositoryConnectionTest" name="testURISerialization" time="0.005"/>
  <testcase classname="org.openrdf.repository.sail.memory.CustomGraphQueryInferencerMemoryRepositoryConnectionTest" name="testSimpleGraphQuery" time="0.006"/>
  <testcase classname="org.openrdf.repository.sail.memory.CustomGraphQueryInferencerMemoryRepositoryConnectionTest" name="testPrepareSPARQLQuery" time="0.006"/>
  <testcase classname="org.openrdf.repository.sail.memory.CustomGraphQueryInferencerMemoryRepositoryConnectionTest" name="testXmlCalendarZ" time="0.106"/>
  <testcase classname="org.openrdf.repository.sail.memory.CustomGraphQueryInferencerMemoryRepositoryConnectionTest" name="testQueryBaseURI" time="0.006"/>
</testsuite>